#
# There is insufficient memory for the Java Runtime Environment to continue.
# Native memory allocation (malloc) failed to allocate 153056 bytes for Chunk::new
# Possible reasons:
#   The system is out of physical RAM or swap space
#   The process is running with CompressedOops enabled, and the Java Heap may be blocking the growth of the native heap
# Possible solutions:
#   Reduce memory load on the system
#   Increase physical memory or swap space
#   Check if swap backing store is full
#   Decrease Java heap size (-Xmx/-Xms)
#   Decrease number of Java threads
#   Decrease Java thread stack sizes (-Xss)
#   Set larger code cache with -XX:ReservedCodeCacheSize=
#   JVM is running with Unscaled Compressed Oops mode in which the Java heap is
#     placed in the first 4GB address space. The Java Heap base address is the
#     maximum limit for the native heap growth. Please use -XX:HeapBaseMinAddress
#     to set the Java Heap base and to place the Java Heap above 4GB virtual address.
# This output file may be truncated or incomplete.
#
#  Out of Memory Error (./open/src/hotspot/share/memory/arena.cpp:195), pid=17564, tid=8792
#
# JRE version: Java(TM) SE Runtime Environment (15.0.1+9) (build 15.0.1+9-18)
# Java VM: Java HotSpot(TM) 64-Bit Server VM (15.0.1+9-18, mixed mode, sharing, tiered, compressed oops, g1 gc, windows-amd64)
# No core dump will be written. Minidumps are not enabled by default on client versions of Windows
#

---------------  S U M M A R Y ------------

Command Line: -ea -Didea.test.cyclic.buffer.size=1048576 -javaagent:C:\Users\qkdlf\ideaIU-2022.1.3.win\lib\idea_rt.jar=51447:C:\Users\qkdlf\ideaIU-2022.1.3.win\bin -Dfile.encoding=UTF-8 com.intellij.rt.junit.JUnitStarter -ideVersion5 -junit5 test.java.kr.com.yh.service.MovieServiceTest

Host: Intel(R) Core(TM) i5-7200U CPU @ 2.50GHz, 4 cores, 7G,  Windows 10 , 64 bit Build 19041 (10.0.19041.1806)
Time: Tue Aug  9 13:05:28 2022 ¥Î«—πŒ±π «•¡ÿΩ√ elapsed time: 1.210609 seconds (0d 0h 0m 1s)

---------------  T H R E A D  ---------------

Current thread (0x000001fc2cfd1790):  JavaThread "C2 CompilerThread1" daemon [_thread_in_native, id=8792, stack(0x000000258aa00000,0x000000258ab00000)]


Current CompileTask:
C2:   1211 1357       4       java.util.HashMap::resize (356 bytes)

Stack: [0x000000258aa00000,0x000000258ab00000]
Native frames: (J=compiled Java code, j=interpreted, Vv=VM code, C=native code)
V  [jvm.dll+0x62ae9a]
V  [jvm.dll+0x781389]
V  [jvm.dll+0x782ae3]
V  [jvm.dll+0x783143]
V  [jvm.dll+0x216265]
V  [jvm.dll+0x97efa]
V  [jvm.dll+0x985dc]
V  [jvm.dll+0x27a1bf]
V  [jvm.dll+0x5408d4]
V  [jvm.dll+0x1f2c14]
V  [jvm.dll+0x1ec4c8]
V  [jvm.dll+0x1e97a7]
V  [jvm.dll+0x1784c7]
V  [jvm.dll+0x1f9165]
V  [jvm.dll+0x1f720c]
V  [jvm.dll+0x74485d]
V  [jvm.dll+0x73d65a]
V  [jvm.dll+0x629c56]
C  [ucrtbase.dll+0x21bb2]
C  [KERNEL32.DLL+0x17034]
C  [ntdll.dll+0x52651]


---------------  P R O C E S S  ---------------

Threads class SMR info:
_java_thread_list=0x000001fc2cf4ec80, length=13, elements={
0x000001fc0e1df8b0, 0x000001fc2c3e9b90, 0x000001fc2c3ea760, 0x000001fc2c40b3a0,
0x000001fc2c40f270, 0x000001fc2c411d30, 0x000001fc2c416010, 0x000001fc2c417b10,
0x000001fc2c422d00, 0x000001fc2c3cd130, 0x000001fc2ce21800, 0x000001fc2ce21cd0,
0x000001fc2cfd1790
}

Java Threads: ( => current thread )
  0x000001fc0e1df8b0 JavaThread "main" [_thread_in_vm, id=10696, stack(0x0000002589700000,0x0000002589800000)]
  0x000001fc2c3e9b90 JavaThread "Reference Handler" daemon [_thread_blocked, id=6644, stack(0x0000002589e00000,0x0000002589f00000)]
  0x000001fc2c3ea760 JavaThread "Finalizer" daemon [_thread_blocked, id=7620, stack(0x0000002589f00000,0x000000258a000000)]
  0x000001fc2c40b3a0 JavaThread "Signal Dispatcher" daemon [_thread_blocked, id=24336, stack(0x000000258a000000,0x000000258a100000)]
  0x000001fc2c40f270 JavaThread "Attach Listener" daemon [_thread_blocked, id=21176, stack(0x000000258a100000,0x000000258a200000)]
  0x000001fc2c411d30 JavaThread "Service Thread" daemon [_thread_blocked, id=10608, stack(0x000000258a200000,0x000000258a300000)]
  0x000001fc2c416010 JavaThread "C2 CompilerThread0" daemon [_thread_blocked, id=12892, stack(0x000000258a300000,0x000000258a400000)]
  0x000001fc2c417b10 JavaThread "C1 CompilerThread0" daemon [_thread_in_native, id=11556, stack(0x000000258a400000,0x000000258a500000)]
  0x000001fc2c422d00 JavaThread "Sweeper thread" daemon [_thread_blocked, id=7440, stack(0x000000258a500000,0x000000258a600000)]
  0x000001fc2c3cd130 JavaThread "Common-Cleaner" daemon [_thread_blocked, id=18164, stack(0x000000258a600000,0x000000258a700000)]
  0x000001fc2ce21800 JavaThread "Monitor Ctrl-Break" daemon [_thread_in_native, id=21236, stack(0x000000258a700000,0x000000258a800000)]
  0x000001fc2ce21cd0 JavaThread "Notification Thread" daemon [_thread_blocked, id=15324, stack(0x000000258a800000,0x000000258a900000)]
=>0x000001fc2cfd1790 JavaThread "C2 CompilerThread1" daemon [_thread_in_native, id=8792, stack(0x000000258aa00000,0x000000258ab00000)]

Other Threads:
  0x000001fc2c3e6300 VMThread "VM Thread" [stack: 0x0000002589d00000,0x0000002589e00000] [id=916]
  0x000001fc2cf02c20 WatcherThread [stack: 0x000000258a900000,0x000000258aa00000] [id=21224]
  0x000001fc0e220720 GCTaskThread "GC Thread#0" [stack: 0x0000002589800000,0x0000002589900000] [id=7128]
  0x000001fc2d080820 GCTaskThread "GC Thread#1" [stack: 0x000000258ab00000,0x000000258ac00000] [id=13440]
  0x000001fc2d080e80 GCTaskThread "GC Thread#2" [stack: 0x000000258ac00000,0x000000258ad00000] [id=21492]
  0x000001fc0e2314f0 ConcurrentGCThread "G1 Main Marker" [stack: 0x0000002589900000,0x0000002589a00000] [id=20716]
  0x000001fc0e232880 ConcurrentGCThread "G1 Conc#0" [stack: 0x0000002589a00000,0x0000002589b00000] [id=19716]
  0x000001fc0e2a9bd0 ConcurrentGCThread "G1 Refine#0" [stack: 0x0000002589b00000,0x0000002589c00000] [id=8456]
  0x000001fc2d4462c0 ConcurrentGCThread "G1 Refine#1" [stack: 0x000000258ad00000,0x000000258ae00000] [id=2536]
  0x000001fc0e2aa7d0 ConcurrentGCThread "G1 Young RemSet Sampling" [stack: 0x0000002589c00000,0x0000002589d00000] [id=460]

Threads with active compile tasks:
C2 CompilerThread1     1260 1357       4       java.util.HashMap::resize (356 bytes)

VM state: not at safepoint (normal execution)

VM Mutex/Monitor currently owned by a thread: None

Heap address: 0x0000000081c00000, size: 2020 MB, Compressed Oops mode: 32-bit
CDS archive(s) mapped at: [0x0000000800000000-0x0000000800b50000-0x0000000800b50000), size 11862016, SharedBaseAddress: 0x0000000800000000, ArchiveRelocationMode: 0.
Compressed class space mapped at: 0x0000000800b50000-0x0000000840b50000, size: 1073741824
Narrow klass base: 0x0000000800000000, Narrow klass shift: 3, Narrow klass range: 0x100000000

GC Precious Log:
 CPUs: 4 total, 4 available
 Memory: 8072M
 Large Page Support: Disabled
 NUMA Support: Disabled
 Compressed Oops: Enabled (32-bit)
 Heap Region Size: 1M
 Heap Min Capacity: 8M
 Heap Initial Capacity: 128M
 Heap Max Capacity: 2020M
 Pre-touch: Disabled
 Parallel Workers: 4
 Concurrent Workers: 1
 Concurrent Refinement Workers: 4
 Periodic GC: Disabled

Heap:
 garbage-first heap   total 131072K, used 6089K [0x0000000081c00000, 0x0000000100000000)
  region size 1024K, 3 young (3072K), 2 survivors (2048K)
 Metaspace       used 9474K, capacity 9725K, committed 9984K, reserved 1058816K
  class space    used 1153K, capacity 1252K, committed 1280K, reserved 1048576K

Heap Regions: E=young(eden), S=young(survivor), O=old, HS=humongous(starts), HC=humongous(continues), CS=collection set, F=free, OA=open archive, CA=closed archive, TAMS=top-at-mark-start (previous, next)
|   0|0x0000000081c00000, 0x0000000081d00000, 0x0000000081d00000|100%| O|  |TAMS 0x0000000081c00000, 0x0000000081c00000| Untracked 
|   1|0x0000000081d00000, 0x0000000081e00000, 0x0000000081e00000|100%| O|  |TAMS 0x0000000081d00000, 0x0000000081d00000| Untracked 
|   2|0x0000000081e00000, 0x0000000081f00000, 0x0000000081f00000|100%| O|  |TAMS 0x0000000081e00000, 0x0000000081e00000| Untracked 
|   3|0x0000000081f00000, 0x0000000082000000, 0x0000000082000000|100%| O|  |TAMS 0x0000000081f00000, 0x0000000081f00000| Untracked 
|   4|0x0000000082000000, 0x0000000082052e00, 0x0000000082100000| 32%| O|  |TAMS 0x0000000082000000, 0x0000000082000000| Untracked 
|   5|0x0000000082100000, 0x0000000082100000, 0x0000000082200000|  0%| F|  |TAMS 0x0000000082100000, 0x0000000082100000| Untracked 
|   6|0x0000000082200000, 0x0000000082200000, 0x0000000082300000|  0%| F|  |TAMS 0x0000000082200000, 0x0000000082200000| Untracked 
|   7|0x0000000082300000, 0x0000000082300000, 0x0000000082400000|  0%| F|  |TAMS 0x0000000082300000, 0x0000000082300000| Untracked 
|   8|0x0000000082400000, 0x0000000082400000, 0x0000000082500000|  0%| F|  |TAMS 0x0000000082400000, 0x0000000082400000| Untracked 
|   9|0x0000000082500000, 0x0000000082500000, 0x0000000082600000|  0%| F|  |TAMS 0x0000000082500000, 0x0000000082500000| Untracked 
|  10|0x0000000082600000, 0x0000000082600000, 0x0000000082700000|  0%| F|  |TAMS 0x0000000082600000, 0x0000000082600000| Untracked 
|  11|0x0000000082700000, 0x0000000082700000, 0x0000000082800000|  0%| F|  |TAMS 0x0000000082700000, 0x0000000082700000| Untracked 
|  12|0x0000000082800000, 0x0000000082800000, 0x0000000082900000|  0%| F|  |TAMS 0x0000000082800000, 0x0000000082800000| Untracked 
|  13|0x0000000082900000, 0x0000000082900000, 0x0000000082a00000|  0%| F|  |TAMS 0x0000000082900000, 0x0000000082900000| Untracked 
|  14|0x0000000082a00000, 0x0000000082a00000, 0x0000000082b00000|  0%| F|  |TAMS 0x0000000082a00000, 0x0000000082a00000| Untracked 
|  15|0x0000000082b00000, 0x0000000082b00000, 0x0000000082c00000|  0%| F|  |TAMS 0x0000000082b00000, 0x0000000082b00000| Untracked 
|  16|0x0000000082c00000, 0x0000000082c00000, 0x0000000082d00000|  0%| F|  |TAMS 0x0000000082c00000, 0x0000000082c00000| Untracked 
|  17|0x0000000082d00000, 0x0000000082d00000, 0x0000000082e00000|  0%| F|  |TAMS 0x0000000082d00000, 0x0000000082d00000| Untracked 
|  18|0x0000000082e00000, 0x0000000082e00000, 0x0000000082f00000|  0%| F|  |TAMS 0x0000000082e00000, 0x0000000082e00000| Untracked 
|  19|0x0000000082f00000, 0x0000000082f00000, 0x0000000083000000|  0%| F|  |TAMS 0x0000000082f00000, 0x0000000082f00000| Untracked 
|  20|0x0000000083000000, 0x0000000083000000, 0x0000000083100000|  0%| F|  |TAMS 0x0000000083000000, 0x0000000083000000| Untracked 
|  21|0x0000000083100000, 0x0000000083100000, 0x0000000083200000|  0%| F|  |TAMS 0x0000000083100000, 0x0000000083100000| Untracked 
|  22|0x0000000083200000, 0x0000000083200000, 0x0000000083300000|  0%| F|  |TAMS 0x0000000083200000, 0x0000000083200000| Untracked 
|  23|0x0000000083300000, 0x0000000083300000, 0x0000000083400000|  0%| F|  |TAMS 0x0000000083300000, 0x0000000083300000| Untracked 
|  24|0x0000000083400000, 0x0000000083400000, 0x0000000083500000|  0%| F|  |TAMS 0x0000000083400000, 0x0000000083400000| Untracked 
|  25|0x0000000083500000, 0x0000000083500000, 0x0000000083600000|  0%| F|  |TAMS 0x0000000083500000, 0x0000000083500000| Untracked 
|  26|0x0000000083600000, 0x0000000083600000, 0x0000000083700000|  0%| F|  |TAMS 0x0000000083600000, 0x0000000083600000| Untracked 
|  27|0x0000000083700000, 0x0000000083700000, 0x0000000083800000|  0%| F|  |TAMS 0x0000000083700000, 0x0000000083700000| Untracked 
|  28|0x0000000083800000, 0x0000000083800000, 0x0000000083900000|  0%| F|  |TAMS 0x0000000083800000, 0x0000000083800000| Untracked 
|  29|0x0000000083900000, 0x0000000083900000, 0x0000000083a00000|  0%| F|  |TAMS 0x0000000083900000, 0x0000000083900000| Untracked 
|  30|0x0000000083a00000, 0x0000000083a00000, 0x0000000083b00000|  0%| F|  |TAMS 0x0000000083a00000, 0x0000000083a00000| Untracked 
|  31|0x0000000083b00000, 0x0000000083b00000, 0x0000000083c00000|  0%| F|  |TAMS 0x0000000083b00000, 0x0000000083b00000| Untracked 
|  32|0x0000000083c00000, 0x0000000083c00000, 0x0000000083d00000|  0%| F|  |TAMS 0x0000000083c00000, 0x0000000083c00000| Untracked 
|  33|0x0000000083d00000, 0x0000000083d00000, 0x0000000083e00000|  0%| F|  |TAMS 0x0000000083d00000, 0x0000000083d00000| Untracked 
|  34|0x0000000083e00000, 0x0000000083e00000, 0x0000000083f00000|  0%| F|  |TAMS 0x0000000083e00000, 0x0000000083e00000| Untracked 
|  35|0x0000000083f00000, 0x0000000083f00000, 0x0000000084000000|  0%| F|  |TAMS 0x0000000083f00000, 0x0000000083f00000| Untracked 
|  36|0x0000000084000000, 0x0000000084000000, 0x0000000084100000|  0%| F|  |TAMS 0x0000000084000000, 0x0000000084000000| Untracked 
|  37|0x0000000084100000, 0x0000000084100000, 0x0000000084200000|  0%| F|  |TAMS 0x0000000084100000, 0x0000000084100000| Untracked 
|  38|0x0000000084200000, 0x0000000084200000, 0x0000000084300000|  0%| F|  |TAMS 0x0000000084200000, 0x0000000084200000| Untracked 
|  39|0x0000000084300000, 0x0000000084300000, 0x0000000084400000|  0%| F|  |TAMS 0x0000000084300000, 0x0000000084300000| Untracked 
|  40|0x0000000084400000, 0x0000000084400000, 0x0000000084500000|  0%| F|  |TAMS 0x0000000084400000, 0x0000000084400000| Untracked 
|  41|0x0000000084500000, 0x0000000084500000, 0x0000000084600000|  0%| F|  |TAMS 0x0000000084500000, 0x0000000084500000| Untracked 
|  42|0x0000000084600000, 0x0000000084600000, 0x0000000084700000|  0%| F|  |TAMS 0x0000000084600000, 0x0000000084600000| Untracked 
|  43|0x0000000084700000, 0x0000000084700000, 0x0000000084800000|  0%| F|  |TAMS 0x0000000084700000, 0x0000000084700000| Untracked 
|  44|0x0000000084800000, 0x0000000084800000, 0x0000000084900000|  0%| F|  |TAMS 0x0000000084800000, 0x0000000084800000| Untracked 
|  45|0x0000000084900000, 0x0000000084900000, 0x0000000084a00000|  0%| F|  |TAMS 0x0000000084900000, 0x0000000084900000| Untracked 
|  46|0x0000000084a00000, 0x0000000084a00000, 0x0000000084b00000|  0%| F|  |TAMS 0x0000000084a00000, 0x0000000084a00000| Untracked 
|  47|0x0000000084b00000, 0x0000000084b00000, 0x0000000084c00000|  0%| F|  |TAMS 0x0000000084b00000, 0x0000000084b00000| Untracked 
|  48|0x0000000084c00000, 0x0000000084c00000, 0x0000000084d00000|  0%| F|  |TAMS 0x0000000084c00000, 0x0000000084c00000| Untracked 
|  49|0x0000000084d00000, 0x0000000084d00000, 0x0000000084e00000|  0%| F|  |TAMS 0x0000000084d00000, 0x0000000084d00000| Untracked 
|  50|0x0000000084e00000, 0x0000000084e00000, 0x0000000084f00000|  0%| F|  |TAMS 0x0000000084e00000, 0x0000000084e00000| Untracked 
|  51|0x0000000084f00000, 0x0000000084f00000, 0x0000000085000000|  0%| F|  |TAMS 0x0000000084f00000, 0x0000000084f00000| Untracked 
|  52|0x0000000085000000, 0x0000000085000000, 0x0000000085100000|  0%| F|  |TAMS 0x0000000085000000, 0x0000000085000000| Untracked 
|  53|0x0000000085100000, 0x0000000085100000, 0x0000000085200000|  0%| F|  |TAMS 0x0000000085100000, 0x0000000085100000| Untracked 
|  54|0x0000000085200000, 0x0000000085200000, 0x0000000085300000|  0%| F|  |TAMS 0x0000000085200000, 0x0000000085200000| Untracked 
|  55|0x0000000085300000, 0x0000000085300000, 0x0000000085400000|  0%| F|  |TAMS 0x0000000085300000, 0x0000000085300000| Untracked 
|  56|0x0000000085400000, 0x0000000085400000, 0x0000000085500000|  0%| F|  |TAMS 0x0000000085400000, 0x0000000085400000| Untracked 
|  57|0x0000000085500000, 0x0000000085500000, 0x0000000085600000|  0%| F|  |TAMS 0x0000000085500000, 0x0000000085500000| Untracked 
|  58|0x0000000085600000, 0x0000000085600000, 0x0000000085700000|  0%| F|  |TAMS 0x0000000085600000, 0x0000000085600000| Untracked 
|  59|0x0000000085700000, 0x0000000085700000, 0x0000000085800000|  0%| F|  |TAMS 0x0000000085700000, 0x0000000085700000| Untracked 
|  60|0x0000000085800000, 0x0000000085800000, 0x0000000085900000|  0%| F|  |TAMS 0x0000000085800000, 0x0000000085800000| Untracked 
|  61|0x0000000085900000, 0x0000000085900000, 0x0000000085a00000|  0%| F|  |TAMS 0x0000000085900000, 0x0000000085900000| Untracked 
|  62|0x0000000085a00000, 0x0000000085a00000, 0x0000000085b00000|  0%| F|  |TAMS 0x0000000085a00000, 0x0000000085a00000| Untracked 
|  63|0x0000000085b00000, 0x0000000085b00000, 0x0000000085c00000|  0%| F|  |TAMS 0x0000000085b00000, 0x0000000085b00000| Untracked 
|  64|0x0000000085c00000, 0x0000000085c00000, 0x0000000085d00000|  0%| F|  |TAMS 0x0000000085c00000, 0x0000000085c00000| Untracked 
|  65|0x0000000085d00000, 0x0000000085d00000, 0x0000000085e00000|  0%| F|  |TAMS 0x0000000085d00000, 0x0000000085d00000| Untracked 
|  66|0x0000000085e00000, 0x0000000085e00000, 0x0000000085f00000|  0%| F|  |TAMS 0x0000000085e00000, 0x0000000085e00000| Untracked 
|  67|0x0000000085f00000, 0x0000000085f00000, 0x0000000086000000|  0%| F|  |TAMS 0x0000000085f00000, 0x0000000085f00000| Untracked 
|  68|0x0000000086000000, 0x0000000086000000, 0x0000000086100000|  0%| F|  |TAMS 0x0000000086000000, 0x0000000086000000| Untracked 
|  69|0x0000000086100000, 0x0000000086100000, 0x0000000086200000|  0%| F|  |TAMS 0x0000000086100000, 0x0000000086100000| Untracked 
|  70|0x0000000086200000, 0x0000000086200000, 0x0000000086300000|  0%| F|  |TAMS 0x0000000086200000, 0x0000000086200000| Untracked 
|  71|0x0000000086300000, 0x0000000086300000, 0x0000000086400000|  0%| F|  |TAMS 0x0000000086300000, 0x0000000086300000| Untracked 
|  72|0x0000000086400000, 0x0000000086400000, 0x0000000086500000|  0%| F|  |TAMS 0x0000000086400000, 0x0000000086400000| Untracked 
|  73|0x0000000086500000, 0x0000000086500000, 0x0000000086600000|  0%| F|  |TAMS 0x0000000086500000, 0x0000000086500000| Untracked 
|  74|0x0000000086600000, 0x0000000086600000, 0x0000000086700000|  0%| F|  |TAMS 0x0000000086600000, 0x0000000086600000| Untracked 
|  75|0x0000000086700000, 0x0000000086700000, 0x0000000086800000|  0%| F|  |TAMS 0x0000000086700000, 0x0000000086700000| Untracked 
|  76|0x0000000086800000, 0x0000000086800000, 0x0000000086900000|  0%| F|  |TAMS 0x0000000086800000, 0x0000000086800000| Untracked 
|  77|0x0000000086900000, 0x0000000086900000, 0x0000000086a00000|  0%| F|  |TAMS 0x0000000086900000, 0x0000000086900000| Untracked 
|  78|0x0000000086a00000, 0x0000000086a00000, 0x0000000086b00000|  0%| F|  |TAMS 0x0000000086a00000, 0x0000000086a00000| Untracked 
|  79|0x0000000086b00000, 0x0000000086b00000, 0x0000000086c00000|  0%| F|  |TAMS 0x0000000086b00000, 0x0000000086b00000| Untracked 
|  80|0x0000000086c00000, 0x0000000086c00000, 0x0000000086d00000|  0%| F|  |TAMS 0x0000000086c00000, 0x0000000086c00000| Untracked 
|  81|0x0000000086d00000, 0x0000000086d00000, 0x0000000086e00000|  0%| F|  |TAMS 0x0000000086d00000, 0x0000000086d00000| Untracked 
|  82|0x0000000086e00000, 0x0000000086e00000, 0x0000000086f00000|  0%| F|  |TAMS 0x0000000086e00000, 0x0000000086e00000| Untracked 
|  83|0x0000000086f00000, 0x0000000086f00000, 0x0000000087000000|  0%| F|  |TAMS 0x0000000086f00000, 0x0000000086f00000| Untracked 
|  84|0x0000000087000000, 0x0000000087000000, 0x0000000087100000|  0%| F|  |TAMS 0x0000000087000000, 0x0000000087000000| Untracked 
|  85|0x0000000087100000, 0x0000000087100000, 0x0000000087200000|  0%| F|  |TAMS 0x0000000087100000, 0x0000000087100000| Untracked 
|  86|0x0000000087200000, 0x0000000087200000, 0x0000000087300000|  0%| F|  |TAMS 0x0000000087200000, 0x0000000087200000| Untracked 
|  87|0x0000000087300000, 0x0000000087300000, 0x0000000087400000|  0%| F|  |TAMS 0x0000000087300000, 0x0000000087300000| Untracked 
|  88|0x0000000087400000, 0x0000000087400000, 0x0000000087500000|  0%| F|  |TAMS 0x0000000087400000, 0x0000000087400000| Untracked 
|  89|0x0000000087500000, 0x0000000087500000, 0x0000000087600000|  0%| F|  |TAMS 0x0000000087500000, 0x0000000087500000| Untracked 
|  90|0x0000000087600000, 0x0000000087600000, 0x0000000087700000|  0%| F|  |TAMS 0x0000000087600000, 0x0000000087600000| Untracked 
|  91|0x0000000087700000, 0x0000000087700000, 0x0000000087800000|  0%| F|  |TAMS 0x0000000087700000, 0x0000000087700000| Untracked 
|  92|0x0000000087800000, 0x0000000087800000, 0x0000000087900000|  0%| F|  |TAMS 0x0000000087800000, 0x0000000087800000| Untracked 
|  93|0x0000000087900000, 0x0000000087900000, 0x0000000087a00000|  0%| F|  |TAMS 0x0000000087900000, 0x0000000087900000| Untracked 
|  94|0x0000000087a00000, 0x0000000087a00000, 0x0000000087b00000|  0%| F|  |TAMS 0x0000000087a00000, 0x0000000087a00000| Untracked 
|  95|0x0000000087b00000, 0x0000000087b00000, 0x0000000087c00000|  0%| F|  |TAMS 0x0000000087b00000, 0x0000000087b00000| Untracked 
|  96|0x0000000087c00000, 0x0000000087c00000, 0x0000000087d00000|  0%| F|  |TAMS 0x0000000087c00000, 0x0000000087c00000| Untracked 
|  97|0x0000000087d00000, 0x0000000087d00000, 0x0000000087e00000|  0%| F|  |TAMS 0x0000000087d00000, 0x0000000087d00000| Untracked 
|  98|0x0000000087e00000, 0x0000000087e00000, 0x0000000087f00000|  0%| F|  |TAMS 0x0000000087e00000, 0x0000000087e00000| Untracked 
|  99|0x0000000087f00000, 0x0000000087f00000, 0x0000000088000000|  0%| F|  |TAMS 0x0000000087f00000, 0x0000000087f00000| Untracked 
| 100|0x0000000088000000, 0x0000000088000000, 0x0000000088100000|  0%| F|  |TAMS 0x0000000088000000, 0x0000000088000000| Untracked 
| 101|0x0000000088100000, 0x0000000088100000, 0x0000000088200000|  0%| F|  |TAMS 0x0000000088100000, 0x0000000088100000| Untracked 
| 102|0x0000000088200000, 0x0000000088200000, 0x0000000088300000|  0%| F|  |TAMS 0x0000000088200000, 0x0000000088200000| Untracked 
| 103|0x0000000088300000, 0x0000000088300000, 0x0000000088400000|  0%| F|  |TAMS 0x0000000088300000, 0x0000000088300000| Untracked 
| 104|0x0000000088400000, 0x0000000088400000, 0x0000000088500000|  0%| F|  |TAMS 0x0000000088400000, 0x0000000088400000| Untracked 
| 105|0x0000000088500000, 0x0000000088500000, 0x0000000088600000|  0%| F|  |TAMS 0x0000000088500000, 0x0000000088500000| Untracked 
| 106|0x0000000088600000, 0x0000000088600000, 0x0000000088700000|  0%| F|  |TAMS 0x0000000088600000, 0x0000000088600000| Untracked 
| 107|0x0000000088700000, 0x0000000088700000, 0x0000000088800000|  0%| F|  |TAMS 0x0000000088700000, 0x0000000088700000| Untracked 
| 108|0x0000000088800000, 0x0000000088800000, 0x0000000088900000|  0%| F|  |TAMS 0x0000000088800000, 0x0000000088800000| Untracked 
| 109|0x0000000088900000, 0x0000000088900000, 0x0000000088a00000|  0%| F|  |TAMS 0x0000000088900000, 0x0000000088900000| Untracked 
| 110|0x0000000088a00000, 0x0000000088a00000, 0x0000000088b00000|  0%| F|  |TAMS 0x0000000088a00000, 0x0000000088a00000| Untracked 
| 111|0x0000000088b00000, 0x0000000088b00000, 0x0000000088c00000|  0%| F|  |TAMS 0x0000000088b00000, 0x0000000088b00000| Untracked 
| 112|0x0000000088c00000, 0x0000000088c00000, 0x0000000088d00000|  0%| F|  |TAMS 0x0000000088c00000, 0x0000000088c00000| Untracked 
| 113|0x0000000088d00000, 0x0000000088d00000, 0x0000000088e00000|  0%| F|  |TAMS 0x0000000088d00000, 0x0000000088d00000| Untracked 
| 114|0x0000000088e00000, 0x0000000088e00000, 0x0000000088f00000|  0%| F|  |TAMS 0x0000000088e00000, 0x0000000088e00000| Untracked 
| 115|0x0000000088f00000, 0x0000000088f9f780, 0x0000000089000000| 62%| S|CS|TAMS 0x0000000088f00000, 0x0000000088f00000| Complete 
| 116|0x0000000089000000, 0x0000000089100000, 0x0000000089100000|100%| S|CS|TAMS 0x0000000089000000, 0x0000000089000000| Complete 
| 117|0x0000000089100000, 0x0000000089100000, 0x0000000089200000|  0%| F|  |TAMS 0x0000000089100000, 0x0000000089100000| Untracked 
| 118|0x0000000089200000, 0x0000000089200000, 0x0000000089300000|  0%| F|  |TAMS 0x0000000089200000, 0x0000000089200000| Untracked 
| 119|0x0000000089300000, 0x0000000089300000, 0x0000000089400000|  0%| F|  |TAMS 0x0000000089300000, 0x0000000089300000| Untracked 
| 120|0x0000000089400000, 0x0000000089400000, 0x0000000089500000|  0%| F|  |TAMS 0x0000000089400000, 0x0000000089400000| Untracked 
| 121|0x0000000089500000, 0x0000000089500000, 0x0000000089600000|  0%| F|  |TAMS 0x0000000089500000, 0x0000000089500000| Untracked 
| 122|0x0000000089600000, 0x0000000089600000, 0x0000000089700000|  0%| F|  |TAMS 0x0000000089600000, 0x0000000089600000| Untracked 
| 123|0x0000000089700000, 0x0000000089700000, 0x0000000089800000|  0%| F|  |TAMS 0x0000000089700000, 0x0000000089700000| Untracked 
| 124|0x0000000089800000, 0x0000000089800000, 0x0000000089900000|  0%| F|  |TAMS 0x0000000089800000, 0x0000000089800000| Untracked 
| 125|0x0000000089900000, 0x0000000089900000, 0x0000000089a00000|  0%| F|  |TAMS 0x0000000089900000, 0x0000000089900000| Untracked 
| 126|0x0000000089a00000, 0x0000000089a00000, 0x0000000089b00000|  0%| F|  |TAMS 0x0000000089a00000, 0x0000000089a00000| Untracked 
| 127|0x0000000089b00000, 0x0000000089be5ba8, 0x0000000089c00000| 89%| E|  |TAMS 0x0000000089b00000, 0x0000000089b00000| Complete 

Card table byte_map: [0x000001fc25810000,0x000001fc25c10000] _byte_map_base: 0x000001fc25402000

Marking Bits (Prev, Next): (CMBitMap*) 0x000001fc0e220f10, (CMBitMap*) 0x000001fc0e220f50
 Prev Bits: [0x000001fc26010000, 0x000001fc27fa0000)
 Next Bits: [0x000001fc27fa0000, 0x000001fc29f30000)

Polling page: 0x000001fc0c1c0000

Metaspace:

Usage:
  Non-class:      8.34 MB capacity,     8.15 MB ( 98%) used,   180.80 KB (  2%) free+waste,    15.06 KB ( <1%) overhead. 
      Class:      1.22 MB capacity,     1.13 MB ( 92%) used,    88.70 KB (  7%) free+waste,     7.12 KB ( <1%) overhead. 
       Both:      9.57 MB capacity,     9.28 MB ( 97%) used,   269.49 KB (  3%) free+waste,    22.19 KB ( <1%) overhead. 

Virtual space:
  Non-class space:       10.00 MB reserved,       8.50 MB ( 85%) committed 
      Class space:        1.00 GB reserved,       1.25 MB ( <1%) committed 
             Both:        1.01 GB reserved,       9.75 MB ( <1%) committed 

Chunk freelists:
   Non-Class:  34.00 KB
       Class:  27.00 KB
        Both:  61.00 KB

MaxMetaspaceSize: 17179869184.00 GB
CompressedClassSpaceSize: 1.00 GB

CodeHeap 'non-profiled nmethods': size=120000Kb used=452Kb max_used=452Kb free=119547Kb
 bounds [0x000001fc1dee0000, 0x000001fc1e150000, 0x000001fc25410000]
CodeHeap 'profiled nmethods': size=120000Kb used=2584Kb max_used=2584Kb free=117415Kb
 bounds [0x000001fc169b0000, 0x000001fc16c40000, 0x000001fc1dee0000]
CodeHeap 'non-nmethods': size=5760Kb used=1187Kb max_used=1199Kb free=4572Kb
 bounds [0x000001fc16410000, 0x000001fc16680000, 0x000001fc169b0000]
 total_blobs=1919 nmethods=1469 adapters=362
 compilation: enabled
              stopped_count=0, restarted_count=0
 full_count=0

Compilation events (20 events):
Event: 1.198 Thread 0x000001fc2c417b10 1351       3       java.lang.invoke.MethodHandleNatives::linkCallSiteImpl (44 bytes)
Event: 1.198 Thread 0x000001fc2c417b10 nmethod 1351 0x000001fc16bf8290 code [0x000001fc16bf84a0, 0x000001fc16bf8cb8]
Event: 1.198 Thread 0x000001fc2c417b10 1352   !   3       java.lang.invoke.CallSite::makeSite (91 bytes)
Event: 1.199 Thread 0x000001fc2c417b10 nmethod 1352 0x000001fc16bf8f90 code [0x000001fc16bf92a0, 0x000001fc16bfa238]
Event: 1.199 Thread 0x000001fc2c417b10 1353   !   3       java.lang.invoke.BootstrapMethodInvoker::invoke (688 bytes)
Event: 1.202 Thread 0x000001fc2cfd1790 1357       4       java.util.HashMap::resize (356 bytes)
Event: 1.205 Thread 0x000001fc2c417b10 nmethod 1353 0x000001fc16bfab90 code [0x000001fc16bfb360, 0x000001fc16c01768]
Event: 1.205 Thread 0x000001fc2c417b10 1358       3       java.util.WeakHashMap::put (162 bytes)
Event: 1.206 Thread 0x000001fc2c416010 1360       4       java.lang.String::charAt (25 bytes)
Event: 1.206 Thread 0x000001fc2c417b10 nmethod 1358 0x000001fc16c04390 code [0x000001fc16c04600, 0x000001fc16c054d8]
Event: 1.207 Thread 0x000001fc2c417b10 1359       3       java.util.WeakHashMap::getTable (9 bytes)
Event: 1.207 Thread 0x000001fc2c417b10 nmethod 1359 0x000001fc16c05990 code [0x000001fc16c05b40, 0x000001fc16c05c88]
Event: 1.207 Thread 0x000001fc2c417b10 1356       3       java.lang.StringLatin1::compareTo (52 bytes)
Event: 1.207 Thread 0x000001fc2c416010 nmethod 1360 0x000001fc1df4b090 code [0x000001fc1df4b220, 0x000001fc1df4b318]
Event: 1.207 Thread 0x000001fc2c417b10 nmethod 1356 0x000001fc16c05d10 code [0x000001fc16c05ee0, 0x000001fc16c06298]
Event: 1.207 Thread 0x000001fc2c416010 1361       4       jdk.internal.org.objectweb.asm.ByteVector::put12 (64 bytes)
Event: 1.207 Thread 0x000001fc2c417b10 1354       3       java.lang.invoke.MethodHandleNatives::staticArgumentsPulled (5 bytes)
Event: 1.207 Thread 0x000001fc2c417b10 nmethod 1354 0x000001fc16c06490 code [0x000001fc16c06620, 0x000001fc16c06818]
Event: 1.207 Thread 0x000001fc2c417b10 1355       3       java.lang.invoke.Invokers::checkExactType (17 bytes)
Event: 1.207 Thread 0x000001fc2c417b10 nmethod 1355 0x000001fc16c06890 code [0x000001fc16c06a40, 0x000001fc16c06c48]

GC Heap History (2 events):
Event: 0.709 GC heap before
{Heap before GC invocations=0 (full 0):
 garbage-first heap   total 131072K, used 12288K [0x0000000081c00000, 0x0000000100000000)
  region size 1024K, 13 young (13312K), 0 survivors (0K)
 Metaspace       used 3700K, capacity 6018K, committed 6272K, reserved 1056768K
  class space    used 419K, capacity 613K, committed 640K, reserved 1048576K
}
Event: 0.715 GC heap after
{Heap after GC invocations=1 (full 0):
 garbage-first heap   total 131072K, used 4391K [0x0000000081c00000, 0x0000000100000000)
  region size 1024K, 2 young (2048K), 2 survivors (2048K)
 Metaspace       used 3700K, capacity 6018K, committed 6272K, reserved 1056768K
  class space    used 419K, capacity 613K, committed 640K, reserved 1048576K
}

Deoptimization events (20 events):
Event: 0.950 Thread 0x000001fc0e1df8b0 DEOPT PACKING pc=0x000001fc16b33fbf sp=0x00000025897fafa0
Event: 0.950 Thread 0x000001fc0e1df8b0 DEOPT UNPACKING pc=0x000001fc1645e23f sp=0x00000025897fa3f0 mode 0
Event: 1.028 Thread 0x000001fc0e1df8b0 Uncommon trap: trap_request=0xffffff45 fr.pc=0x000001fc1df165e4 relative=0x0000000000000244
Event: 1.028 Thread 0x000001fc0e1df8b0 Uncommon trap: reason=unstable_if action=reinterpret pc=0x000001fc1df165e4 method=java.lang.String.startsWith(Ljava/lang/String;I)Z @ 14 c2
Event: 1.028 Thread 0x000001fc0e1df8b0 DEOPT PACKING pc=0x000001fc1df165e4 sp=0x00000025897f8e10
Event: 1.028 Thread 0x000001fc0e1df8b0 DEOPT UNPACKING pc=0x000001fc1645e42f sp=0x00000025897f8d70 mode 2
Event: 1.034 Thread 0x000001fc0e1df8b0 Uncommon trap: trap_request=0xffffff45 fr.pc=0x000001fc1df103c4 relative=0x00000000000000a4
Event: 1.034 Thread 0x000001fc0e1df8b0 Uncommon trap: reason=unstable_if action=reinterpret pc=0x000001fc1df103c4 method=sun.reflect.generics.parser.SignatureParser.current()C @ 39 c2
Event: 1.034 Thread 0x000001fc0e1df8b0 DEOPT PACKING pc=0x000001fc1df103c4 sp=0x00000025897f75d0
Event: 1.034 Thread 0x000001fc0e1df8b0 DEOPT UNPACKING pc=0x000001fc1645e42f sp=0x00000025897f7568 mode 2
Event: 1.056 Thread 0x000001fc0e1df8b0 Uncommon trap: trap_request=0xffffff45 fr.pc=0x000001fc1df22db8 relative=0x00000000000005f8
Event: 1.056 Thread 0x000001fc0e1df8b0 Uncommon trap: reason=unstable_if action=reinterpret pc=0x000001fc1df22db8 method=java.lang.AbstractStringBuilder.append(Ljava/lang/String;)Ljava/lang/AbstractStringBuilder; @ 1 c2
Event: 1.056 Thread 0x000001fc0e1df8b0 DEOPT PACKING pc=0x000001fc1df22db8 sp=0x00000025897f8f90
Event: 1.056 Thread 0x000001fc0e1df8b0 DEOPT UNPACKING pc=0x000001fc1645e42f sp=0x00000025897f8f78 mode 2
Event: 1.060 Thread 0x000001fc0e1df8b0 DEOPT PACKING pc=0x000001fc16a66810 sp=0x00000025897faed0
Event: 1.060 Thread 0x000001fc0e1df8b0 DEOPT UNPACKING pc=0x000001fc1645e23f sp=0x00000025897fa3e8 mode 0
Event: 1.119 Thread 0x000001fc2c40f270 Uncommon trap: trap_request=0xffffff45 fr.pc=0x000001fc1dee1418 relative=0x0000000000000078
Event: 1.119 Thread 0x000001fc2c40f270 Uncommon trap: reason=unstable_if action=reinterpret pc=0x000001fc1dee1418 method=java.lang.String.isLatin1()Z @ 10 c2
Event: 1.119 Thread 0x000001fc2c40f270 DEOPT PACKING pc=0x000001fc1dee1418 sp=0x000000258a1feed0
Event: 1.119 Thread 0x000001fc2c40f270 DEOPT UNPACKING pc=0x000001fc1645e42f sp=0x000000258a1fee10 mode 2

Classes unloaded (0 events):
No events

Classes redefined (0 events):
No events

Internal exceptions (20 events):
Event: 0.878 Thread 0x000001fc0e1df8b0 Exception <a 'java/lang/IncompatibleClassChangeError'{0x0000000089738540}: Found class java.lang.Object, but interface was expected> (0x0000000089738540) 
thrown [./open/src/hotspot/share/interpreter/linkResolver.cpp, line 848]
Event: 0.888 Thread 0x000001fc0e1df8b0 Exception <a 'java/lang/NoSuchMethodError'{0x0000000089771a08}: 'int java.lang.invoke.DirectMethodHandle$Holder.invokeInterface(java.lang.Object, java.lang.Object)'> (0x0000000089771a08) 
thrown [./open/src/hotspot/share/interpreter/linkResolver.cpp, line 782]
Event: 0.896 Thread 0x000001fc0e1df8b0 Exception <a 'java/lang/IncompatibleClassChangeError'{0x0000000089798e88}: Found class java.lang.Object, but interface was expected> (0x0000000089798e88) 
thrown [./open/src/hotspot/share/interpreter/linkResolver.cpp, line 848]
Event: 0.948 Thread 0x000001fc0e1df8b0 Implicit null exception at 0x000001fc1df0e62f to 0x000001fc1df0e6a9
Event: 1.031 Thread 0x000001fc0e1df8b0 Exception <a 'java/lang/ClassNotFoundException'{0x000000008944c920}: org/apache/log4j/PatternLayoutBeanInfo> (0x000000008944c920) 
thrown [./open/src/hotspot/share/classfile/systemDictionary.cpp, line 295]
Event: 1.032 Thread 0x000001fc0e1df8b0 Exception <a 'java/lang/ClassNotFoundException'{0x00000000894503d8}: org/apache/log4j/LayoutBeanInfo> (0x00000000894503d8) 
thrown [./open/src/hotspot/share/classfile/systemDictionary.cpp, line 295]
Event: 1.032 Thread 0x000001fc0e1df8b0 Exception <a 'java/lang/ClassNotFoundException'{0x0000000089451e20}: java/lang/ObjectBeanInfo> (0x0000000089451e20) 
thrown [./open/src/hotspot/share/classfile/systemDictionary.cpp, line 295]
Event: 1.033 Thread 0x000001fc0e1df8b0 Exception <a 'java/lang/ClassNotFoundException'{0x0000000089453f80}: java/lang/ObjectCustomizer> (0x0000000089453f80) 
thrown [./open/src/hotspot/share/classfile/systemDictionary.cpp, line 295]
Event: 1.036 Thread 0x000001fc0e1df8b0 Exception <a 'java/lang/IncompatibleClassChangeError'{0x0000000089459f48}: Found class java.lang.Object, but interface was expected> (0x0000000089459f48) 
thrown [./open/src/hotspot/share/interpreter/linkResolver.cpp, line 848]
Event: 1.041 Thread 0x000001fc0e1df8b0 Exception <a 'java/lang/ClassNotFoundException'{0x000000008946d2b8}: org/apache/log4j/LayoutCustomizer> (0x000000008946d2b8) 
thrown [./open/src/hotspot/share/classfile/systemDictionary.cpp, line 295]
Event: 1.043 Thread 0x000001fc0e1df8b0 Exception <a 'java/lang/ClassNotFoundException'{0x000000008947e960}: org/apache/log4j/PatternLayoutCustomizer> (0x000000008947e960) 
thrown [./open/src/hotspot/share/classfile/systemDictionary.cpp, line 295]
Event: 1.045 Thread 0x000001fc0e1df8b0 Exception <a 'java/lang/ClassNotFoundException'{0x0000000089487cb8}: org/apache/log4j/ConsoleAppenderBeanInfo> (0x0000000089487cb8) 
thrown [./open/src/hotspot/share/classfile/systemDictionary.cpp, line 295]
Event: 1.046 Thread 0x000001fc0e1df8b0 Exception <a 'java/lang/ClassNotFoundException'{0x000000008948b810}: org/apache/log4j/WriterAppenderBeanInfo> (0x000000008948b810) 
thrown [./open/src/hotspot/share/classfile/systemDictionary.cpp, line 295]
Event: 1.047 Thread 0x000001fc0e1df8b0 Exception <a 'java/lang/ClassNotFoundException'{0x000000008948f918}: org/apache/log4j/AppenderSkeletonBeanInfo> (0x000000008948f918) 
thrown [./open/src/hotspot/share/classfile/systemDictionary.cpp, line 295]
Event: 1.047 Thread 0x000001fc0e1df8b0 Exception <a 'java/lang/ClassNotFoundException'{0x0000000089493768}: org/apache/log4j/AppenderSkeletonCustomizer> (0x0000000089493768) 
thrown [./open/src/hotspot/share/classfile/systemDictionary.cpp, line 295]
Event: 1.050 Thread 0x000001fc0e1df8b0 Exception <a 'java/lang/ClassNotFoundException'{0x00000000894a4998}: org/apache/log4j/WriterAppenderCustomizer> (0x00000000894a4998) 
thrown [./open/src/hotspot/share/classfile/systemDictionary.cpp, line 295]
Event: 1.052 Thread 0x000001fc0e1df8b0 Exception <a 'java/lang/ClassNotFoundException'{0x00000000894b2638}: org/apache/log4j/ConsoleAppenderCustomizer> (0x00000000894b2638) 
thrown [./open/src/hotspot/share/classfile/systemDictionary.cpp, line 295]
Event: 1.056 Thread 0x000001fc0e1df8b0 Implicit null exception at 0x000001fc1df227f4 to 0x000001fc1df22da0
Event: 1.194 Thread 0x000001fc0e1df8b0 Exception <a 'java/lang/NoSuchMethodError'{0x000000008917af20}: 'void java.lang.invoke.DirectMethodHandle$Holder.invokeStatic(java.lang.Object, java.lang.Object, java.lang.Object, java.lang.Object, java.lang.Object, java.lang.Object)'> (0x000000008917af20) 
thrown [./open/src/hotspot/share/interpreter/linkResolver.cpp, line 782]
Event: 1.196 Thread 0x000001fc0e1df8b0 Exception <a 'java/lang/IncompatibleClassChangeError'{0x000000008918e380}: Found class java.lang.Object, but interface was expected> (0x000000008918e380) 
thrown [./open/src/hotspot/share/interpreter/linkResolver.cpp, line 848]

Events (20 events):
Event: 1.202 loading class javax/management/openmbean/OpenType
Event: 1.202 loading class javax/management/openmbean/OpenType done
Event: 1.202 loading class javax/management/openmbean/SimpleType
Event: 1.202 loading class javax/management/openmbean/SimpleType done
Event: 1.202 loading class javax/management/openmbean/CompositeData
Event: 1.202 loading class javax/management/openmbean/CompositeData done
Event: 1.202 loading class javax/management/openmbean/TabularData
Event: 1.202 loading class javax/management/openmbean/TabularData done
Event: 1.202 loading class com/sun/jmx/mbeanserver/DefaultMXBeanMappingFactory$IdentityMapping
Event: 1.202 loading class com/sun/jmx/mbeanserver/DefaultMXBeanMappingFactory$NonNullMXBeanMapping
Event: 1.202 loading class com/sun/jmx/mbeanserver/MXBeanMapping
Event: 1.202 loading class com/sun/jmx/mbeanserver/MXBeanMapping done
Event: 1.202 loading class com/sun/jmx/mbeanserver/DefaultMXBeanMappingFactory$NonNullMXBeanMapping done
Event: 1.202 loading class com/sun/jmx/mbeanserver/DefaultMXBeanMappingFactory$IdentityMapping done
Event: 1.203 loading class javax/management/openmbean/ArrayType
Event: 1.203 loading class javax/management/openmbean/ArrayType done
Event: 1.204 loading class com/sun/jmx/mbeanserver/MBeanAnalyzer$AttrMethods
Event: 1.204 loading class com/sun/jmx/mbeanserver/MBeanAnalyzer$AttrMethods done
Event: 1.204 loading class sun/reflect/generics/tree/TypeVariableSignature
Event: 1.204 loading class sun/reflect/generics/tree/TypeVariableSignature done


Dynamic libraries:
0x00007ff6ed6d0000 - 0x00007ff6ed6df000 	C:\Program Files\Java\jdk-15.0.1\bin\java.exe
0x00007ffeacad0000 - 0x00007ffeaccc8000 	C:\WINDOWS\SYSTEM32\ntdll.dll
0x00007ffeabd10000 - 0x00007ffeabdcd000 	C:\WINDOWS\System32\KERNEL32.DLL
0x00007ffeaa2a0000 - 0x00007ffeaa56e000 	C:\WINDOWS\System32\KERNELBASE.dll
0x00007ffeaa680000 - 0x00007ffeaa780000 	C:\WINDOWS\System32\ucrtbase.dll
0x00007ffea3570000 - 0x00007ffea3588000 	C:\Program Files\Java\jdk-15.0.1\bin\jli.dll
0x00007ffea3590000 - 0x00007ffea35a9000 	C:\Program Files\Java\jdk-15.0.1\bin\VCRUNTIME140.dll
0x00007ffeab7f0000 - 0x00007ffeab89e000 	C:\WINDOWS\System32\ADVAPI32.dll
0x00007ffeac1b0000 - 0x00007ffeac24e000 	C:\WINDOWS\System32\msvcrt.dll
0x00007ffeab910000 - 0x00007ffeab9ac000 	C:\WINDOWS\System32\sechost.dll
0x00007ffeaaea0000 - 0x00007ffeaafc5000 	C:\WINDOWS\System32\RPCRT4.dll
0x00007ffeaab30000 - 0x00007ffeaacd0000 	C:\WINDOWS\System32\USER32.dll
0x00007ffeaa8a0000 - 0x00007ffeaa8c2000 	C:\WINDOWS\System32\win32u.dll
0x00007ffeabfd0000 - 0x00007ffeabffa000 	C:\WINDOWS\System32\GDI32.dll
0x00007ffeaa570000 - 0x00007ffeaa67b000 	C:\WINDOWS\System32\gdi32full.dll
0x00007ffeaa7b0000 - 0x00007ffeaa84d000 	C:\WINDOWS\System32\msvcp_win.dll
0x00007ffe97380000 - 0x00007ffe9761a000 	C:\WINDOWS\WinSxS\amd64_microsoft.windows.common-controls_6595b64144ccf1df_6.0.19041.1110_none_60b5254171f9507e\COMCTL32.dll
0x00007ffea0170000 - 0x00007ffea017a000 	C:\WINDOWS\SYSTEM32\VERSION.dll
0x00007ffeab680000 - 0x00007ffeab6b0000 	C:\WINDOWS\System32\IMM32.DLL
0x00007ffea60d0000 - 0x00007ffea60dc000 	C:\Program Files\Java\jdk-15.0.1\bin\vcruntime140_1.dll
0x00007ffe981d0000 - 0x00007ffe98261000 	C:\Program Files\Java\jdk-15.0.1\bin\msvcp140.dll
0x00007ffe65460000 - 0x00007ffe65fbe000 	C:\Program Files\Java\jdk-15.0.1\bin\server\jvm.dll
0x00007ffeaaff0000 - 0x00007ffeaaff8000 	C:\WINDOWS\System32\PSAPI.DLL
0x00007ffe97d40000 - 0x00007ffe97d67000 	C:\WINDOWS\SYSTEM32\WINMM.dll
0x00007ffe885b0000 - 0x00007ffe885b9000 	C:\WINDOWS\SYSTEM32\WSOCK32.dll
0x00007ffeab8a0000 - 0x00007ffeab90b000 	C:\WINDOWS\System32\WS2_32.dll
0x00007ffea80b0000 - 0x00007ffea80c2000 	C:\WINDOWS\SYSTEM32\kernel.appcore.dll
0x00007ffea2210000 - 0x00007ffea221a000 	C:\Program Files\Java\jdk-15.0.1\bin\jimage.dll
0x00007ffe947d0000 - 0x00007ffe949b4000 	C:\WINDOWS\SYSTEM32\DBGHELP.DLL
0x00007ffe947a0000 - 0x00007ffe947cc000 	C:\WINDOWS\SYSTEM32\dbgcore.DLL
0x00007ffeaaa30000 - 0x00007ffeaaab2000 	C:\WINDOWS\System32\bcryptPrimitives.dll
0x00007ffea12f0000 - 0x00007ffea12fe000 	C:\Program Files\Java\jdk-15.0.1\bin\instrument.dll
0x00007ffe9f080000 - 0x00007ffe9f0a5000 	C:\Program Files\Java\jdk-15.0.1\bin\java.dll
0x00007ffeac340000 - 0x00007ffeaca84000 	C:\WINDOWS\System32\SHELL32.dll
0x00007ffea82b0000 - 0x00007ffea8a44000 	C:\WINDOWS\SYSTEM32\windows.storage.dll
0x00007ffeab9b0000 - 0x00007ffeabd04000 	C:\WINDOWS\System32\combase.dll
0x00007ffea9c50000 - 0x00007ffea9c80000 	C:\WINDOWS\SYSTEM32\Wldp.dll
0x00007ffeaadf0000 - 0x00007ffeaae9d000 	C:\WINDOWS\System32\SHCORE.dll
0x00007ffeab6b0000 - 0x00007ffeab705000 	C:\WINDOWS\System32\shlwapi.dll
0x00007ffeaa130000 - 0x00007ffeaa14f000 	C:\WINDOWS\SYSTEM32\profapi.dll
0x00007ffe93420000 - 0x00007ffe93438000 	C:\Program Files\Java\jdk-15.0.1\bin\zip.dll
0x00007ffea1e30000 - 0x00007ffea1e49000 	C:\Program Files\Java\jdk-15.0.1\bin\net.dll
0x00007ffea0de0000 - 0x00007ffea0eea000 	C:\WINDOWS\SYSTEM32\WINHTTP.dll
0x00007ffea9990000 - 0x00007ffea99fa000 	C:\WINDOWS\system32\mswsock.dll
0x00007ffe9db40000 - 0x00007ffe9db52000 	C:\Program Files\Java\jdk-15.0.1\bin\nio.dll
0x00007ffe8b600000 - 0x00007ffe8b61a000 	C:\Users\qkdlf\ideaIU-2022.1.3.win\bin\breakgen64.dll
0x00007ffe9f070000 - 0x00007ffe9f080000 	C:\Program Files\Java\jdk-15.0.1\bin\verify.dll
0x00007ffe96df0000 - 0x00007ffe96df9000 	C:\Program Files\Java\jdk-15.0.1\bin\management.dll
0x00007ffe96bd0000 - 0x00007ffe96bdb000 	C:\Program Files\Java\jdk-15.0.1\bin\management_ext.dll

dbghelp: loaded successfully - version: 4.0.5 - missing functions: none
symbol engine: initialized successfully - sym options: 0x614 - pdb path: .;C:\Program Files\Java\jdk-15.0.1\bin;C:\WINDOWS\SYSTEM32;C:\WINDOWS\WinSxS\amd64_microsoft.windows.common-controls_6595b64144ccf1df_6.0.19041.1110_none_60b5254171f9507e;C:\Program Files\Java\jdk-15.0.1\bin\server;C:\Users\qkdlf\ideaIU-2022.1.3.win\bin

VM Arguments:
jvm_args: -ea -Didea.test.cyclic.buffer.size=1048576 -javaagent:C:\Users\qkdlf\ideaIU-2022.1.3.win\lib\idea_rt.jar=51447:C:\Users\qkdlf\ideaIU-2022.1.3.win\bin -Dfile.encoding=UTF-8 
java_command: com.intellij.rt.junit.JUnitStarter -ideVersion5 -junit5 test.java.kr.com.yh.service.MovieServiceTest
java_class_path (initial): C:\Users\qkdlf\.m2\repository\org\junit\platform\junit-platform-launcher\1.8.1\junit-platform-launcher-1.8.1.jar;C:\Users\qkdlf\ideaIU-2022.1.3.win\lib\idea_rt.jar;C:\Users\qkdlf\ideaIU-2022.1.3.win\plugins\junit\lib\junit5-rt.jar;C:\Users\qkdlf\ideaIU-2022.1.3.win\plugins\junit\lib\junit-rt.jar;C:\Users\qkdlf\Project\movieWebProject\movie\build\classes;C:\Users\qkdlf\ideaIU-2022.1.3.win\lib\junit.jar;C:\Users\qkdlf\Project\movieWebProject\movie\src\main\webapp\WEB-INF\lib\commons-beanutils-1.8.3.jar;C:\Users\qkdlf\Project\movieWebProject\movie\src\main\webapp\WEB-INF\lib\commons-logging-1.1.1.jar;C:\Users\qkdlf\Project\movieWebProject\movie\src\main\webapp\WEB-INF\lib\gson-2.9.0.jar;C:\Users\qkdlf\Project\movieWebProject\movie\src\main\webapp\WEB-INF\lib\ibatis-2.3.4.726.jar;C:\Users\qkdlf\Project\movieWebProject\movie\src\main\webapp\WEB-INF\lib\javaSDK-2.2.jar;C:\Users\qkdlf\Project\movieWebProject\movie\src\main\webapp\WEB-INF\lib\javaSDK-2.2-sources.jar;C:\Users\qkdlf\Project\movieWebProject\movie\src\main\webapp\WEB-INF\lib\json-simple-1.1.1.jar;C:\Users\qkdlf\Project\movieWebProject\movie\src\main\webapp\WEB-INF\lib\jstl-1.2.jar;C:\Users\qkdlf\Project\movieWebProject\movie\src\main\webapp\WEB-INF\lib\log4j-1.2.17.jar;C:\Users\qkdlf\Project\movieWebProject\movie\src\main\webapp\WEB-INF\lib\mockito-core-4.5.1.jar;C:\Users\qkdlf\Project\movieWebProject\movie\src\main\webapp\WEB-INF\lib\ojdbc8.jar;C:\Users\qkdlf\Project\movieWebProject\movie\src\main\webapp\WEB-INF\lib\spring-mock-mvc\aopalliance-1.0.jar;C:\Users\qkdlf\Project\movieWebProject\movie\src\main\webapp\WEB-INF\lib\spring-mock-mvc\commons-codec-1.9.jar;C:\Users\qkdlf\Project\movieWebProject\movie\src\main\webapp\WEB-INF\lib\spring-mock-mvc\commons-lang3-3.4.jar;C:\Users\qkdlf\Project\movieWebProject\movie\src\main\webapp\WEB-INF\lib\spring-mock-mvc\commons-logging-1.2.jar;C:\Users\qkdlf\Project\movieWebProject\movie\src\main\webapp\WEB-INF\lib\spring-mock-mvc\groovy-2.4.9.j
Launcher Type: SUN_STANDARD

[Global flags]
     intx CICompilerCount                          = 3                                         {product} {ergonomic}
     uint ConcGCThreads                            = 1                                         {product} {ergonomic}
     uint G1ConcRefinementThreads                  = 4                                         {product} {ergonomic}
   size_t G1HeapRegionSize                         = 1048576                                   {product} {ergonomic}
    uintx GCDrainStackTargetSize                   = 64                                        {product} {ergonomic}
   size_t InitialHeapSize                          = 134217728                                 {product} {ergonomic}
   size_t MarkStackSize                            = 4194304                                   {product} {ergonomic}
   size_t MaxHeapSize                              = 2118123520                                {product} {ergonomic}
   size_t MaxNewSize                               = 1270874112                                {product} {ergonomic}
   size_t MinHeapDeltaBytes                        = 1048576                                   {product} {ergonomic}
   size_t MinHeapSize                              = 8388608                                   {product} {ergonomic}
    uintx NonNMethodCodeHeapSize                   = 5832780                                {pd product} {ergonomic}
    uintx NonProfiledCodeHeapSize                  = 122912730                              {pd product} {ergonomic}
    uintx ProfiledCodeHeapSize                     = 122912730                              {pd product} {ergonomic}
    uintx ReservedCodeCacheSize                    = 251658240                              {pd product} {ergonomic}
     bool SegmentedCodeCache                       = true                                      {product} {ergonomic}
   size_t SoftMaxHeapSize                          = 2118123520                             {manageable} {ergonomic}
     bool UseCompressedClassPointers               = true                                 {lp64_product} {ergonomic}
     bool UseCompressedOops                        = true                                 {lp64_product} {ergonomic}
     bool UseG1GC                                  = true                                      {product} {ergonomic}
     bool UseLargePagesIndividualAllocation        = false                                  {pd product} {ergonomic}

Logging:
Log output configuration:
 #0: stdout all=warning uptime,level,tags
 #1: stderr all=off uptime,level,tags

Environment Variables:
JAVA_HOME=C:\Program Files\Java\jdk-15.0.1
PATH=D:\oracleDatabase\WINDOWS.X64_193000_db_home\bin;C:\xampp\mysql\bin;C:\Program Files (x86)\Windows Resource Kits\Tools\;C:\Users\qkdlf\OneDrive\πŸ≈¡ »≠∏È\tool\spring5\gradle-7.1\bin;C:\Users\qkdlf\OneDrive\πŸ≈¡ »≠∏È\tool\spring5\apache-maven-3.8.1\bin;C:\Program Files\Java\jdk-15.0.1\bin;C:\Program Files\Common Files\Oracle\Java\javapath;C:\Program Files (x86)\Common Files\Oracle\Java\javapath;D:\OracleDatabase\bin;C:\Program Files (x86)\NAT Service;C:\Program Files (x86)\Intel\iCLS Client\;C:\Program Files\Intel\iCLS Client\;C:\windows\system32;C:\windows;C:\windows\System32\Wbem;C:\windows\System32\WindowsPowerShell\v1.0\;C:\Program Files (x86)\NVIDIA Corporation\PhysX\Common;C:\Program Files (x86)\Intel\Intel(R) Management Engine Components\DAL;C:\Program Files\Intel\Intel(R) Management Engine Components\DAL;C:\Program Files (x86)\Intel\Intel(R) Management Engine Components\IPT;C:\Program Files\Intel\Intel(R) Management Engine Components\IPT;C:\Program Files\dotnet\;C:\Program Files\Microsoft SQL Server\130\Tools\Binn\;C:\WINDOWS\system32;C:\WINDOWS;C:\WINDOWS\System32\Wbem;C:\WINDOWS\System32\WindowsPowerShell\v1.0\;C:\WINDOWS\System32\OpenSSH\;C:\Program Files (x86)\PuTTY\;C:\Program Files\nodejs\;C:\Program Files\MySQL\MySQL Server 8.0\bin;C:\Program Files\TortoiseSVN\bin;C:\Program Files\Git\cmd;C:\Program Files\MySQL\MySQL Shell 8.0\bin\;D:\Ruby27-x64\bin;C:\Users\qkdlf\AppData\Local\Programs\Python\Python38-32\Scripts\;C:\Users\qkdlf\AppData\Local\Programs\Python\Python38-32\;C:\Users\qkdlf\AppData\Local\Microsoft\WindowsApps;C:\Users\qkdlf\AppData\Local\Programs\Microsoft VS Code\bin;C:\Users\qkdlf\AppData\Local\GitHubDesktop\bin;C:\Program Files\Wireshark;C:\Program Files\Bandizip\;D:\MiKTex\miktex\bin\x64\;C:\Users\qkdlf\AppData\Local\Microsoft\WindowsApps;C:\Users\qkdlf\AppData\Roaming\npm
USERNAME=qkdlf
OS=Windows_NT
PROCESSOR_IDENTIFIER=Intel64 Family 6 Model 142 Stepping 9, GenuineIntel



---------------  S Y S T E M  ---------------

OS:
 Windows 10 , 64 bit Build 19041 (10.0.19041.1806)
OS uptime: 5 days 23:24 hours
HyperV virtualization detected

CPU: total 4 (initial active 4) (2 cores per cpu, 2 threads per core) family 6 model 142 stepping 9 microcode 0xb4, cmov, cx8, fxsr, mmx, sse, sse2, sse3, ssse3, sse4.1, sse4.2, popcnt, vzeroupper, avx, avx2, aes, clmul, erms, 3dnowpref, lzcnt, ht, tsc, tscinvbit, bmi1, bmi2, adx, fma, clflush, clflushopt

Memory: 4k page, system-wide physical 8072M (626M free)
TotalPageFile size 32648M (AvailPageFile size 99M)
current process WorkingSet (physical memory assigned to process): 78M, peak: 78M
current process commit charge ("private bytes"): 224M, peak: 224M

vm_info: Java HotSpot(TM) 64-Bit Server VM (15.0.1+9-18) for windows-amd64 JRE (15.0.1+9-18), built on Sep 15 2020 14:43:54 by "mach5one" with unknown MS VC++:1925

END.
