#
# There is insufficient memory for the Java Runtime Environment to continue.
# Native memory allocation (malloc) failed to allocate 32744 bytes for ChunkPool::allocate
# Possible reasons:
#   The system is out of physical RAM or swap space
#   The process is running with CompressedOops enabled, and the Java Heap may be blocking the growth of the native heap
# Possible solutions:
#   Reduce memory load on the system
#   Increase physical memory or swap space
#   Check if swap backing store is full
#   Decrease Java heap size (-Xmx/-Xms)
#   Decrease number of Java threads
#   Decrease Java thread stack sizes (-Xss)
#   Set larger code cache with -XX:ReservedCodeCacheSize=
#   JVM is running with Unscaled Compressed Oops mode in which the Java heap is
#     placed in the first 4GB address space. The Java Heap base address is the
#     maximum limit for the native heap growth. Please use -XX:HeapBaseMinAddress
#     to set the Java Heap base and to place the Java Heap above 4GB virtual address.
# This output file may be truncated or incomplete.
#
#  Out of Memory Error (./open/src/hotspot/share/memory/arena.cpp:79), pid=9640, tid=21900
#
# JRE version: Java(TM) SE Runtime Environment (15.0.1+9) (build 15.0.1+9-18)
# Java VM: Java HotSpot(TM) 64-Bit Server VM (15.0.1+9-18, mixed mode, sharing, tiered, compressed oops, g1 gc, windows-amd64)
# No core dump will be written. Minidumps are not enabled by default on client versions of Windows
#

---------------  S U M M A R Y ------------

Command Line: -ea -Didea.test.cyclic.buffer.size=1048576 -javaagent:C:\Users\qkdlf\ideaIU-2022.1.3.win\lib\idea_rt.jar=51461:C:\Users\qkdlf\ideaIU-2022.1.3.win\bin -Dfile.encoding=UTF-8 com.intellij.rt.junit.JUnitStarter -ideVersion5 -junit5 test.java.kr.com.yh.service.MovieServiceTest,findAllByNameTest

Host: Intel(R) Core(TM) i5-7200U CPU @ 2.50GHz, 4 cores, 7G,  Windows 10 , 64 bit Build 19041 (10.0.19041.1806)
Time: Tue Aug  9 13:06:16 2022 대한민국 표준시 elapsed time: 2.592683 seconds (0d 0h 0m 2s)

---------------  T H R E A D  ---------------

Current thread (0x000002d02932f400):  JavaThread "main" [_thread_in_vm, id=21900, stack(0x000000e6df200000,0x000000e6df300000)]

Stack: [0x000000e6df200000,0x000000e6df300000]
Native frames: (J=compiled Java code, j=interpreted, Vv=VM code, C=native code)
V  [jvm.dll+0x62ae9a]
V  [jvm.dll+0x781389]
V  [jvm.dll+0x782ae3]
V  [jvm.dll+0x783143]
V  [jvm.dll+0x216265]
V  [jvm.dll+0x9828f]
V  [jvm.dll+0x985dc]
V  [jvm.dll+0x28d85d]
V  [jvm.dll+0x28d2c2]
V  [jvm.dll+0x28c8de]
V  [jvm.dll+0x1c054d]
V  [jvm.dll+0x1b2d9a]
V  [jvm.dll+0x504cd8]
V  [jvm.dll+0x707481]
V  [jvm.dll+0x3d9d3b]
V  [jvm.dll+0x3dfdb4]
C  [java.dll+0x1780]

Java frames: (J=compiled Java code, j=interpreted, Vv=VM code)
J 876  java.lang.ClassLoader.defineClass1(Ljava/lang/ClassLoader;Ljava/lang/String;[BIILjava/security/ProtectionDomain;Ljava/lang/String;)Ljava/lang/Class; java.base@15.0.1 (0 bytes) @ 0x000002d039078f0b [0x000002d039078e40+0x00000000000000cb]
J 1546 c1 java.lang.ClassLoader.defineClass(Ljava/lang/String;[BIILjava/security/ProtectionDomain;)Ljava/lang/Class; java.base@15.0.1 (43 bytes) @ 0x000002d031dca0d4 [0x000002d031dc9d80+0x0000000000000354]
J 1136 c1 java.security.SecureClassLoader.defineClass(Ljava/lang/String;[BIILjava/security/CodeSource;)Ljava/lang/Class; java.base@15.0.1 (16 bytes) @ 0x000002d031cfe30c [0x000002d031cfe240+0x00000000000000cc]
J 1037 c1 jdk.internal.loader.BuiltinClassLoader.defineClass(Ljava/lang/String;Ljdk/internal/loader/Resource;)Ljava/lang/Class; java.base@15.0.1 (121 bytes) @ 0x000002d031cc4ea4 [0x000002d031cc3f00+0x0000000000000fa4]
J 790 c1 jdk.internal.loader.BuiltinClassLoader.findClassOnClassPathOrNull(Ljava/lang/String;)Ljava/lang/Class; java.base@15.0.1 (64 bytes) @ 0x000002d031c3e77c [0x000002d031c3d8a0+0x0000000000000edc]
J 550 c1 jdk.internal.loader.BuiltinClassLoader.loadClassOrNull(Ljava/lang/String;Z)Ljava/lang/Class; java.base@15.0.1 (143 bytes) @ 0x000002d031bbb684 [0x000002d031bba740+0x0000000000000f44]
J 726 c1 jdk.internal.loader.ClassLoaders$AppClassLoader.loadClass(Ljava/lang/String;Z)Ljava/lang/Class; java.base@15.0.1 (40 bytes) @ 0x000002d031c0f50c [0x000002d031c0eee0+0x000000000000062c]
J 703 c1 java.lang.ClassLoader.loadClass(Ljava/lang/String;)Ljava/lang/Class; java.base@15.0.1 (7 bytes) @ 0x000002d031c06fcc [0x000002d031c06ec0+0x000000000000010c]
v  ~StubRoutines::call_stub
j  org.junit.jupiter.engine.execution.ExtensionValuesStore.closeAllStoredCloseableValues()V+36
j  org.junit.jupiter.engine.descriptor.AbstractExtensionContext.close()V+4
j  org.junit.jupiter.engine.execution.JupiterEngineExecutionContext.close()V+16
j  org.junit.jupiter.engine.descriptor.JupiterTestDescriptor.cleanUp(Lorg/junit/jupiter/engine/execution/JupiterEngineExecutionContext;)V+1
j  org.junit.jupiter.engine.descriptor.TestMethodTestDescriptor.lambda$cleanUp$1(Lorg/junit/jupiter/engine/execution/JupiterEngineExecutionContext;)V+2
j  org.junit.jupiter.engine.descriptor.TestMethodTestDescriptor$$Lambda$438+0x0000000800dc8490.execute()V+8
j  org.junit.platform.engine.support.hierarchical.ThrowableCollector.execute(Lorg/junit/platform/engine/support/hierarchical/ThrowableCollector$Executable;)V+1
j  org.junit.jupiter.engine.descriptor.TestMethodTestDescriptor.cleanUp(Lorg/junit/jupiter/engine/execution/JupiterEngineExecutionContext;)V+39
j  org.junit.jupiter.engine.descriptor.TestMethodTestDescriptor.cleanUp(Lorg/junit/platform/engine/support/hierarchical/EngineExecutionContext;)V+5
j  org.junit.platform.engine.support.hierarchical.NodeTestTask.lambda$cleanUp$10()V+8
j  org.junit.platform.engine.support.hierarchical.NodeTestTask$$Lambda$435+0x0000000800dc7bf0.execute()V+4
j  org.junit.platform.engine.support.hierarchical.ThrowableCollector.execute(Lorg/junit/platform/engine/support/hierarchical/ThrowableCollector$Executable;)V+1
j  org.junit.platform.engine.support.hierarchical.NodeTestTask.cleanUp()V+10
j  org.junit.platform.engine.support.hierarchical.NodeTestTask.execute()V+66
j  org.junit.platform.engine.support.hierarchical.SameThreadHierarchicalTestExecutorService$$Lambda$259+0x0000000800c08040.accept(Ljava/lang/Object;)V+4
j  java.util.ArrayList.forEach(Ljava/util/function/Consumer;)V+46 java.base@15.0.1
j  org.junit.platform.engine.support.hierarchical.SameThreadHierarchicalTestExecutorService.invokeAll(Ljava/util/List;)V+6
j  org.junit.platform.engine.support.hierarchical.NodeTestTask.lambda$executeRecursively$6()V+116
j  org.junit.platform.engine.support.hierarchical.NodeTestTask$$Lambda$255+0x0000000800c07400.execute()V+4
j  org.junit.platform.engine.support.hierarchical.ThrowableCollector.execute(Lorg/junit/platform/engine/support/hierarchical/ThrowableCollector$Executable;)V+1
j  org.junit.platform.engine.support.hierarchical.NodeTestTask.lambda$executeRecursively$8(Lorg/junit/platform/engine/support/hierarchical/EngineExecutionContext;)V+15
j  org.junit.platform.engine.support.hierarchical.NodeTestTask$$Lambda$254+0x0000000800c071e0.invoke(Lorg/junit/platform/engine/support/hierarchical/EngineExecutionContext;)V+5
j  org.junit.platform.engine.support.hierarchical.Node.around(Lorg/junit/platform/engine/support/hierarchical/EngineExecutionContext;Lorg/junit/platform/engine/support/hierarchical/Node$Invocation;)V+2
j  org.junit.platform.engine.support.hierarchical.NodeTestTask.lambda$executeRecursively$9()V+14
j  org.junit.platform.engine.support.hierarchical.NodeTestTask$$Lambda$253+0x0000000800c06dc8.execute()V+4
j  org.junit.platform.engine.support.hierarchical.ThrowableCollector.execute(Lorg/junit/platform/engine/support/hierarchical/ThrowableCollector$Executable;)V+1
j  org.junit.platform.engine.support.hierarchical.NodeTestTask.executeRecursively()V+31
j  org.junit.platform.engine.support.hierarchical.NodeTestTask.execute()V+55
j  org.junit.platform.engine.support.hierarchical.SameThreadHierarchicalTestExecutorService$$Lambda$259+0x0000000800c08040.accept(Ljava/lang/Object;)V+4
j  java.util.ArrayList.forEach(Ljava/util/function/Consumer;)V+46 java.base@15.0.1
j  org.junit.platform.engine.support.hierarchical.SameThreadHierarchicalTestExecutorService.invokeAll(Ljava/util/List;)V+6
j  org.junit.platform.engine.support.hierarchical.NodeTestTask.lambda$executeRecursively$6()V+116
j  org.junit.platform.engine.support.hierarchical.NodeTestTask$$Lambda$255+0x0000000800c07400.execute()V+4
j  org.junit.platform.engine.support.hierarchical.ThrowableCollector.execute(Lorg/junit/platform/engine/support/hierarchical/ThrowableCollector$Executable;)V+1
j  org.junit.platform.engine.support.hierarchical.NodeTestTask.lambda$executeRecursively$8(Lorg/junit/platform/engine/support/hierarchical/EngineExecutionContext;)V+15
j  org.junit.platform.engine.support.hierarchical.NodeTestTask$$Lambda$254+0x0000000800c071e0.invoke(Lorg/junit/platform/engine/support/hierarchical/EngineExecutionContext;)V+5
j  org.junit.platform.engine.support.hierarchical.Node.around(Lorg/junit/platform/engine/support/hierarchical/EngineExecutionContext;Lorg/junit/platform/engine/support/hierarchical/Node$Invocation;)V+2
j  org.junit.platform.engine.support.hierarchical.NodeTestTask.lambda$executeRecursively$9()V+14
j  org.junit.platform.engine.support.hierarchical.NodeTestTask$$Lambda$253+0x0000000800c06dc8.execute()V+4
j  org.junit.platform.engine.support.hierarchical.ThrowableCollector.execute(Lorg/junit/platform/engine/support/hierarchical/ThrowableCollector$Executable;)V+1
j  org.junit.platform.engine.support.hierarchical.NodeTestTask.executeRecursively()V+31
j  org.junit.platform.engine.support.hierarchical.NodeTestTask.execute()V+55
j  org.junit.platform.engine.support.hierarchical.SameThreadHierarchicalTestExecutorService.submit(Lorg/junit/platform/engine/support/hierarchical/HierarchicalTestExecutorService$TestTask;)Ljava/util/concurrent/Future;+1
j  org.junit.platform.engine.support.hierarchical.HierarchicalTestExecutor.execute()Ljava/util/concurrent/Future;+74
j  org.junit.platform.engine.support.hierarchical.HierarchicalTestEngine.execute(Lorg/junit/platform/engine/ExecutionRequest;)V+31
j  org.junit.platform.launcher.core.EngineExecutionOrchestrator.execute(Lorg/junit/platform/engine/TestDescriptor;Lorg/junit/platform/engine/EngineExecutionListener;Lorg/junit/platform/engine/ConfigurationParameters;Lorg/junit/platform/engine/TestEngine;)V+24
j  org.junit.platform.launcher.core.EngineExecutionOrchestrator.execute(Lorg/junit/platform/launcher/core/LauncherDiscoveryResult;Lorg/junit/platform/engine/EngineExecutionListener;)V+86
j  org.junit.platform.launcher.core.EngineExecutionOrchestrator.lambda$execute$0(Lorg/junit/platform/launcher/core/InternalTestPlan;Lorg/junit/platform/launcher/core/LauncherDiscoveryResult;Lorg/junit/platform/launcher/TestExecutionListener;)V+18
j  org.junit.platform.launcher.core.EngineExecutionOrchestrator$$Lambda$205+0x0000000800bf6e18.accept(Ljava/lang/Object;)V+16
j  org.junit.platform.launcher.core.EngineExecutionOrchestrator.withInterceptedStreams(Lorg/junit/platform/engine/ConfigurationParameters;Lorg/junit/platform/launcher/core/ListenerRegistry;Ljava/util/function/Consumer;)V+51
j  org.junit.platform.launcher.core.EngineExecutionOrchestrator.execute(Lorg/junit/platform/launcher/core/InternalTestPlan;[Lorg/junit/platform/launcher/TestExecutionListener;)V+35
j  org.junit.platform.launcher.core.DefaultLauncher.execute(Lorg/junit/platform/launcher/core/InternalTestPlan;[Lorg/junit/platform/launcher/TestExecutionListener;)V+6
j  org.junit.platform.launcher.core.DefaultLauncher.execute(Lorg/junit/platform/launcher/LauncherDiscoveryRequest;[Lorg/junit/platform/launcher/TestExecutionListener;)V+34
j  org.junit.platform.launcher.core.DefaultLauncherSession$DelegatingLauncher.execute(Lorg/junit/platform/launcher/LauncherDiscoveryRequest;[Lorg/junit/platform/launcher/TestExecutionListener;)V+6
j  org.junit.platform.launcher.core.SessionPerRequestLauncher.execute(Lorg/junit/platform/launcher/LauncherDiscoveryRequest;[Lorg/junit/platform/launcher/TestExecutionListener;)V+13
j  com.intellij.junit5.JUnit5IdeaTestRunner.startRunnerWithArgs([Ljava/lang/String;Ljava/lang/String;IZ)I+202
j  com.intellij.rt.junit.IdeaTestRunner$Repeater$1.execute(Z)I+17
j  com.intellij.rt.execution.junit.TestsRepeater.repeat(IZLcom/intellij/rt/execution/junit/TestsRepeater$TestRun;)I+7
j  com.intellij.rt.junit.IdeaTestRunner$Repeater.startRunnerWithArgs(Lcom/intellij/rt/junit/IdeaTestRunner;[Ljava/lang/String;Ljava/util/ArrayList;Ljava/lang/String;IZ)I+25
j  com.intellij.rt.junit.JUnitStarter.prepareStreamsAndStart([Ljava/lang/String;Ljava/lang/String;Ljava/util/ArrayList;Ljava/lang/String;)I+116
j  com.intellij.rt.junit.JUnitStarter.main([Ljava/lang/String;)V+97
v  ~StubRoutines::call_stub

---------------  P R O C E S S  ---------------

Threads class SMR info:
_java_thread_list=0x000002d048df5f30, length=16, elements={
0x000002d02932f400, 0x000002d047539950, 0x000002d04753acc0, 0x000002d047558050,
0x000002d04755bb20, 0x000002d04755ed80, 0x000002d047562f80, 0x000002d04756c830,
0x000002d0475803f0, 0x000002d047f0ff80, 0x000002d047f78e30, 0x000002d047f79700,
0x000002d04756d250, 0x000002d048d61b50, 0x000002d048d62870, 0x000002d048eac950
}

Java Threads: ( => current thread )
=>0x000002d02932f400 JavaThread "main" [_thread_in_vm, id=21900, stack(0x000000e6df200000,0x000000e6df300000)]
  0x000002d047539950 JavaThread "Reference Handler" daemon [_thread_blocked, id=12616, stack(0x000000e6df900000,0x000000e6dfa00000)]
  0x000002d04753acc0 JavaThread "Finalizer" daemon [_thread_blocked, id=2296, stack(0x000000e6dfa00000,0x000000e6dfb00000)]
  0x000002d047558050 JavaThread "Signal Dispatcher" daemon [_thread_blocked, id=12476, stack(0x000000e6dfb00000,0x000000e6dfc00000)]
  0x000002d04755bb20 JavaThread "Attach Listener" daemon [_thread_blocked, id=7800, stack(0x000000e6dfc00000,0x000000e6dfd00000)]
  0x000002d04755ed80 JavaThread "Service Thread" daemon [_thread_blocked, id=19592, stack(0x000000e6dfd00000,0x000000e6dfe00000)]
  0x000002d047562f80 JavaThread "C2 CompilerThread0" daemon [_thread_in_native, id=24052, stack(0x000000e6dfe00000,0x000000e6dff00000)]
  0x000002d04756c830 JavaThread "C1 CompilerThread0" daemon [_thread_blocked, id=1148, stack(0x000000e6dff00000,0x000000e6e0000000)]
  0x000002d0475803f0 JavaThread "Sweeper thread" daemon [_thread_blocked, id=18136, stack(0x000000e6e0000000,0x000000e6e0100000)]
  0x000002d047f0ff80 JavaThread "Common-Cleaner" daemon [_thread_blocked, id=24464, stack(0x000000e6e0100000,0x000000e6e0200000)]
  0x000002d047f78e30 JavaThread "Monitor Ctrl-Break" daemon [_thread_in_native, id=13132, stack(0x000000e6e0200000,0x000000e6e0300000)]
  0x000002d047f79700 JavaThread "Notification Thread" daemon [_thread_blocked, id=7224, stack(0x000000e6e0300000,0x000000e6e0400000)]
  0x000002d04756d250 JavaThread "C2 CompilerThread1" daemon [_thread_in_native, id=17900, stack(0x000000e6e0500000,0x000000e6e0600000)]
  0x000002d048d61b50 JavaThread "Timer-0" daemon [_thread_blocked, id=10312, stack(0x000000e6e0800000,0x000000e6e0900000)]
  0x000002d048d62870 JavaThread "oracle.jdbc.driver.BlockSource.ThreadedCachingBlockSource.BlockReleaser" daemon [_thread_blocked, id=11192, stack(0x000000e6e0900000,0x000000e6e0a00000)]
  0x000002d048eac950 JavaThread "InterruptTimer" daemon [_thread_blocked, id=6496, stack(0x000000e6e0a00000,0x000000e6e0b00000)]

Other Threads:
  0x000002d047535920 VMThread "VM Thread" [stack: 0x000000e6df800000,0x000000e6df900000] [id=11580]
  0x000002d047fb7110 WatcherThread [stack: 0x000000e6e0400000,0x000000e6e0500000] [id=21148]
  0x000002d02936e080 GCTaskThread "GC Thread#0" [stack: 0x000000e6df300000,0x000000e6df400000] [id=24560]
  0x000002d048235710 GCTaskThread "GC Thread#1" [stack: 0x000000e6e0600000,0x000000e6e0700000] [id=19712]
  0x000002d048237a20 GCTaskThread "GC Thread#2" [stack: 0x000000e6e0700000,0x000000e6e0800000] [id=5176]
  0x000002d02937ee50 ConcurrentGCThread "G1 Main Marker" [stack: 0x000000e6df400000,0x000000e6df500000] [id=3644]
  0x000002d0293801e0 ConcurrentGCThread "G1 Conc#0" [stack: 0x000000e6df500000,0x000000e6df600000] [id=7220]
  0x000002d0293f73e0 ConcurrentGCThread "G1 Refine#0" [stack: 0x000000e6df600000,0x000000e6df700000] [id=17484]
  0x000002d0293f7fe0 ConcurrentGCThread "G1 Young RemSet Sampling" [stack: 0x000000e6df700000,0x000000e6df800000] [id=2064]

Threads with active compile tasks:
C2 CompilerThread0     2625 2087 % !   4       com.sun.crypto.provider.PBKDF2KeyImpl::deriveKey @ 191 (295 bytes)
C2 CompilerThread1     2625 2188       4       jdk.internal.org.objectweb.asm.Frame::execute (2305 bytes)

VM state: not at safepoint (normal execution)

VM Mutex/Monitor currently owned by a thread: None

Heap address: 0x0000000081c00000, size: 2020 MB, Compressed Oops mode: 32-bit
CDS archive(s) mapped at: [0x0000000800000000-0x0000000800b50000-0x0000000800b50000), size 11862016, SharedBaseAddress: 0x0000000800000000, ArchiveRelocationMode: 0.
Compressed class space mapped at: 0x0000000800b50000-0x0000000840b50000, size: 1073741824
Narrow klass base: 0x0000000800000000, Narrow klass shift: 3, Narrow klass range: 0x100000000

GC Precious Log:
 CPUs: 4 total, 4 available
 Memory: 8072M
 Large Page Support: Disabled
 NUMA Support: Disabled
 Compressed Oops: Enabled (32-bit)
 Heap Region Size: 1M
 Heap Min Capacity: 8M
 Heap Initial Capacity: 128M
 Heap Max Capacity: 2020M
 Pre-touch: Disabled
 Parallel Workers: 4
 Concurrent Workers: 1
 Concurrent Refinement Workers: 4
 Periodic GC: Disabled

Heap:
 garbage-first heap   total 131072K, used 16683K [0x0000000081c00000, 0x0000000100000000)
  region size 1024K, 11 young (11264K), 2 survivors (2048K)
 Metaspace       used 19485K, capacity 19765K, committed 19968K, reserved 1067008K
  class space    used 2431K, capacity 2545K, committed 2560K, reserved 1048576K

Heap Regions: E=young(eden), S=young(survivor), O=old, HS=humongous(starts), HC=humongous(continues), CS=collection set, F=free, OA=open archive, CA=closed archive, TAMS=top-at-mark-start (previous, next)
|   0|0x0000000081c00000, 0x0000000081d00000, 0x0000000081d00000|100%| O|  |TAMS 0x0000000081c00000, 0x0000000081c00000| Untracked 
|   1|0x0000000081d00000, 0x0000000081e00000, 0x0000000081e00000|100%| O|  |TAMS 0x0000000081d00000, 0x0000000081d00000| Untracked 
|   2|0x0000000081e00000, 0x0000000081f00000, 0x0000000081f00000|100%| O|  |TAMS 0x0000000081e00000, 0x0000000081e00000| Untracked 
|   3|0x0000000081f00000, 0x0000000082000000, 0x0000000082000000|100%| O|  |TAMS 0x0000000081f00000, 0x0000000081f00000| Untracked 
|   4|0x0000000082000000, 0x0000000082100000, 0x0000000082100000|100%| O|  |TAMS 0x0000000082000000, 0x0000000082000000| Untracked 
|   5|0x0000000082100000, 0x0000000082200000, 0x0000000082200000|100%| O|  |TAMS 0x0000000082100000, 0x0000000082100000| Untracked 
|   6|0x0000000082200000, 0x0000000082252c00, 0x0000000082300000| 32%| O|  |TAMS 0x0000000082200000, 0x0000000082200000| Untracked 
|   7|0x0000000082300000, 0x0000000082300000, 0x0000000082400000|  0%| F|  |TAMS 0x0000000082300000, 0x0000000082300000| Untracked 
|   8|0x0000000082400000, 0x0000000082400000, 0x0000000082500000|  0%| F|  |TAMS 0x0000000082400000, 0x0000000082400000| Untracked 
|   9|0x0000000082500000, 0x0000000082500000, 0x0000000082600000|  0%| F|  |TAMS 0x0000000082500000, 0x0000000082500000| Untracked 
|  10|0x0000000082600000, 0x0000000082600000, 0x0000000082700000|  0%| F|  |TAMS 0x0000000082600000, 0x0000000082600000| Untracked 
|  11|0x0000000082700000, 0x0000000082700000, 0x0000000082800000|  0%| F|  |TAMS 0x0000000082700000, 0x0000000082700000| Untracked 
|  12|0x0000000082800000, 0x0000000082800000, 0x0000000082900000|  0%| F|  |TAMS 0x0000000082800000, 0x0000000082800000| Untracked 
|  13|0x0000000082900000, 0x0000000082900000, 0x0000000082a00000|  0%| F|  |TAMS 0x0000000082900000, 0x0000000082900000| Untracked 
|  14|0x0000000082a00000, 0x0000000082a00000, 0x0000000082b00000|  0%| F|  |TAMS 0x0000000082a00000, 0x0000000082a00000| Untracked 
|  15|0x0000000082b00000, 0x0000000082b00000, 0x0000000082c00000|  0%| F|  |TAMS 0x0000000082b00000, 0x0000000082b00000| Untracked 
|  16|0x0000000082c00000, 0x0000000082c00000, 0x0000000082d00000|  0%| F|  |TAMS 0x0000000082c00000, 0x0000000082c00000| Untracked 
|  17|0x0000000082d00000, 0x0000000082d00000, 0x0000000082e00000|  0%| F|  |TAMS 0x0000000082d00000, 0x0000000082d00000| Untracked 
|  18|0x0000000082e00000, 0x0000000082e00000, 0x0000000082f00000|  0%| F|  |TAMS 0x0000000082e00000, 0x0000000082e00000| Untracked 
|  19|0x0000000082f00000, 0x0000000082f00000, 0x0000000083000000|  0%| F|  |TAMS 0x0000000082f00000, 0x0000000082f00000| Untracked 
|  20|0x0000000083000000, 0x0000000083000000, 0x0000000083100000|  0%| F|  |TAMS 0x0000000083000000, 0x0000000083000000| Untracked 
|  21|0x0000000083100000, 0x0000000083100000, 0x0000000083200000|  0%| F|  |TAMS 0x0000000083100000, 0x0000000083100000| Untracked 
|  22|0x0000000083200000, 0x0000000083200000, 0x0000000083300000|  0%| F|  |TAMS 0x0000000083200000, 0x0000000083200000| Untracked 
|  23|0x0000000083300000, 0x0000000083300000, 0x0000000083400000|  0%| F|  |TAMS 0x0000000083300000, 0x0000000083300000| Untracked 
|  24|0x0000000083400000, 0x0000000083400000, 0x0000000083500000|  0%| F|  |TAMS 0x0000000083400000, 0x0000000083400000| Untracked 
|  25|0x0000000083500000, 0x0000000083500000, 0x0000000083600000|  0%| F|  |TAMS 0x0000000083500000, 0x0000000083500000| Untracked 
|  26|0x0000000083600000, 0x0000000083600000, 0x0000000083700000|  0%| F|  |TAMS 0x0000000083600000, 0x0000000083600000| Untracked 
|  27|0x0000000083700000, 0x0000000083700000, 0x0000000083800000|  0%| F|  |TAMS 0x0000000083700000, 0x0000000083700000| Untracked 
|  28|0x0000000083800000, 0x0000000083800000, 0x0000000083900000|  0%| F|  |TAMS 0x0000000083800000, 0x0000000083800000| Untracked 
|  29|0x0000000083900000, 0x0000000083900000, 0x0000000083a00000|  0%| F|  |TAMS 0x0000000083900000, 0x0000000083900000| Untracked 
|  30|0x0000000083a00000, 0x0000000083a00000, 0x0000000083b00000|  0%| F|  |TAMS 0x0000000083a00000, 0x0000000083a00000| Untracked 
|  31|0x0000000083b00000, 0x0000000083b00000, 0x0000000083c00000|  0%| F|  |TAMS 0x0000000083b00000, 0x0000000083b00000| Untracked 
|  32|0x0000000083c00000, 0x0000000083c00000, 0x0000000083d00000|  0%| F|  |TAMS 0x0000000083c00000, 0x0000000083c00000| Untracked 
|  33|0x0000000083d00000, 0x0000000083d00000, 0x0000000083e00000|  0%| F|  |TAMS 0x0000000083d00000, 0x0000000083d00000| Untracked 
|  34|0x0000000083e00000, 0x0000000083e00000, 0x0000000083f00000|  0%| F|  |TAMS 0x0000000083e00000, 0x0000000083e00000| Untracked 
|  35|0x0000000083f00000, 0x0000000083f00000, 0x0000000084000000|  0%| F|  |TAMS 0x0000000083f00000, 0x0000000083f00000| Untracked 
|  36|0x0000000084000000, 0x0000000084000000, 0x0000000084100000|  0%| F|  |TAMS 0x0000000084000000, 0x0000000084000000| Untracked 
|  37|0x0000000084100000, 0x0000000084100000, 0x0000000084200000|  0%| F|  |TAMS 0x0000000084100000, 0x0000000084100000| Untracked 
|  38|0x0000000084200000, 0x0000000084200000, 0x0000000084300000|  0%| F|  |TAMS 0x0000000084200000, 0x0000000084200000| Untracked 
|  39|0x0000000084300000, 0x0000000084300000, 0x0000000084400000|  0%| F|  |TAMS 0x0000000084300000, 0x0000000084300000| Untracked 
|  40|0x0000000084400000, 0x0000000084400000, 0x0000000084500000|  0%| F|  |TAMS 0x0000000084400000, 0x0000000084400000| Untracked 
|  41|0x0000000084500000, 0x0000000084500000, 0x0000000084600000|  0%| F|  |TAMS 0x0000000084500000, 0x0000000084500000| Untracked 
|  42|0x0000000084600000, 0x0000000084600000, 0x0000000084700000|  0%| F|  |TAMS 0x0000000084600000, 0x0000000084600000| Untracked 
|  43|0x0000000084700000, 0x0000000084700000, 0x0000000084800000|  0%| F|  |TAMS 0x0000000084700000, 0x0000000084700000| Untracked 
|  44|0x0000000084800000, 0x0000000084800000, 0x0000000084900000|  0%| F|  |TAMS 0x0000000084800000, 0x0000000084800000| Untracked 
|  45|0x0000000084900000, 0x0000000084900000, 0x0000000084a00000|  0%| F|  |TAMS 0x0000000084900000, 0x0000000084900000| Untracked 
|  46|0x0000000084a00000, 0x0000000084a00000, 0x0000000084b00000|  0%| F|  |TAMS 0x0000000084a00000, 0x0000000084a00000| Untracked 
|  47|0x0000000084b00000, 0x0000000084b00000, 0x0000000084c00000|  0%| F|  |TAMS 0x0000000084b00000, 0x0000000084b00000| Untracked 
|  48|0x0000000084c00000, 0x0000000084c00000, 0x0000000084d00000|  0%| F|  |TAMS 0x0000000084c00000, 0x0000000084c00000| Untracked 
|  49|0x0000000084d00000, 0x0000000084d00000, 0x0000000084e00000|  0%| F|  |TAMS 0x0000000084d00000, 0x0000000084d00000| Untracked 
|  50|0x0000000084e00000, 0x0000000084e00000, 0x0000000084f00000|  0%| F|  |TAMS 0x0000000084e00000, 0x0000000084e00000| Untracked 
|  51|0x0000000084f00000, 0x0000000084f00000, 0x0000000085000000|  0%| F|  |TAMS 0x0000000084f00000, 0x0000000084f00000| Untracked 
|  52|0x0000000085000000, 0x0000000085000000, 0x0000000085100000|  0%| F|  |TAMS 0x0000000085000000, 0x0000000085000000| Untracked 
|  53|0x0000000085100000, 0x0000000085100000, 0x0000000085200000|  0%| F|  |TAMS 0x0000000085100000, 0x0000000085100000| Untracked 
|  54|0x0000000085200000, 0x0000000085200000, 0x0000000085300000|  0%| F|  |TAMS 0x0000000085200000, 0x0000000085200000| Untracked 
|  55|0x0000000085300000, 0x0000000085300000, 0x0000000085400000|  0%| F|  |TAMS 0x0000000085300000, 0x0000000085300000| Untracked 
|  56|0x0000000085400000, 0x0000000085400000, 0x0000000085500000|  0%| F|  |TAMS 0x0000000085400000, 0x0000000085400000| Untracked 
|  57|0x0000000085500000, 0x0000000085500000, 0x0000000085600000|  0%| F|  |TAMS 0x0000000085500000, 0x0000000085500000| Untracked 
|  58|0x0000000085600000, 0x0000000085600000, 0x0000000085700000|  0%| F|  |TAMS 0x0000000085600000, 0x0000000085600000| Untracked 
|  59|0x0000000085700000, 0x0000000085700000, 0x0000000085800000|  0%| F|  |TAMS 0x0000000085700000, 0x0000000085700000| Untracked 
|  60|0x0000000085800000, 0x0000000085800000, 0x0000000085900000|  0%| F|  |TAMS 0x0000000085800000, 0x0000000085800000| Untracked 
|  61|0x0000000085900000, 0x0000000085900000, 0x0000000085a00000|  0%| F|  |TAMS 0x0000000085900000, 0x0000000085900000| Untracked 
|  62|0x0000000085a00000, 0x0000000085a00000, 0x0000000085b00000|  0%| F|  |TAMS 0x0000000085a00000, 0x0000000085a00000| Untracked 
|  63|0x0000000085b00000, 0x0000000085b00000, 0x0000000085c00000|  0%| F|  |TAMS 0x0000000085b00000, 0x0000000085b00000| Untracked 
|  64|0x0000000085c00000, 0x0000000085c00000, 0x0000000085d00000|  0%| F|  |TAMS 0x0000000085c00000, 0x0000000085c00000| Untracked 
|  65|0x0000000085d00000, 0x0000000085d00000, 0x0000000085e00000|  0%| F|  |TAMS 0x0000000085d00000, 0x0000000085d00000| Untracked 
|  66|0x0000000085e00000, 0x0000000085e00000, 0x0000000085f00000|  0%| F|  |TAMS 0x0000000085e00000, 0x0000000085e00000| Untracked 
|  67|0x0000000085f00000, 0x0000000085f00000, 0x0000000086000000|  0%| F|  |TAMS 0x0000000085f00000, 0x0000000085f00000| Untracked 
|  68|0x0000000086000000, 0x0000000086000000, 0x0000000086100000|  0%| F|  |TAMS 0x0000000086000000, 0x0000000086000000| Untracked 
|  69|0x0000000086100000, 0x0000000086100000, 0x0000000086200000|  0%| F|  |TAMS 0x0000000086100000, 0x0000000086100000| Untracked 
|  70|0x0000000086200000, 0x0000000086200000, 0x0000000086300000|  0%| F|  |TAMS 0x0000000086200000, 0x0000000086200000| Untracked 
|  71|0x0000000086300000, 0x0000000086300000, 0x0000000086400000|  0%| F|  |TAMS 0x0000000086300000, 0x0000000086300000| Untracked 
|  72|0x0000000086400000, 0x0000000086400000, 0x0000000086500000|  0%| F|  |TAMS 0x0000000086400000, 0x0000000086400000| Untracked 
|  73|0x0000000086500000, 0x0000000086500000, 0x0000000086600000|  0%| F|  |TAMS 0x0000000086500000, 0x0000000086500000| Untracked 
|  74|0x0000000086600000, 0x0000000086600000, 0x0000000086700000|  0%| F|  |TAMS 0x0000000086600000, 0x0000000086600000| Untracked 
|  75|0x0000000086700000, 0x0000000086700000, 0x0000000086800000|  0%| F|  |TAMS 0x0000000086700000, 0x0000000086700000| Untracked 
|  76|0x0000000086800000, 0x0000000086800000, 0x0000000086900000|  0%| F|  |TAMS 0x0000000086800000, 0x0000000086800000| Untracked 
|  77|0x0000000086900000, 0x0000000086900000, 0x0000000086a00000|  0%| F|  |TAMS 0x0000000086900000, 0x0000000086900000| Untracked 
|  78|0x0000000086a00000, 0x0000000086a00000, 0x0000000086b00000|  0%| F|  |TAMS 0x0000000086a00000, 0x0000000086a00000| Untracked 
|  79|0x0000000086b00000, 0x0000000086b00000, 0x0000000086c00000|  0%| F|  |TAMS 0x0000000086b00000, 0x0000000086b00000| Untracked 
|  80|0x0000000086c00000, 0x0000000086c00000, 0x0000000086d00000|  0%| F|  |TAMS 0x0000000086c00000, 0x0000000086c00000| Untracked 
|  81|0x0000000086d00000, 0x0000000086d00000, 0x0000000086e00000|  0%| F|  |TAMS 0x0000000086d00000, 0x0000000086d00000| Untracked 
|  82|0x0000000086e00000, 0x0000000086e00000, 0x0000000086f00000|  0%| F|  |TAMS 0x0000000086e00000, 0x0000000086e00000| Untracked 
|  83|0x0000000086f00000, 0x0000000086f00000, 0x0000000087000000|  0%| F|  |TAMS 0x0000000086f00000, 0x0000000086f00000| Untracked 
|  84|0x0000000087000000, 0x0000000087000000, 0x0000000087100000|  0%| F|  |TAMS 0x0000000087000000, 0x0000000087000000| Untracked 
|  85|0x0000000087100000, 0x0000000087100000, 0x0000000087200000|  0%| F|  |TAMS 0x0000000087100000, 0x0000000087100000| Untracked 
|  86|0x0000000087200000, 0x0000000087200000, 0x0000000087300000|  0%| F|  |TAMS 0x0000000087200000, 0x0000000087200000| Untracked 
|  87|0x0000000087300000, 0x0000000087300000, 0x0000000087400000|  0%| F|  |TAMS 0x0000000087300000, 0x0000000087300000| Untracked 
|  88|0x0000000087400000, 0x0000000087400000, 0x0000000087500000|  0%| F|  |TAMS 0x0000000087400000, 0x0000000087400000| Untracked 
|  89|0x0000000087500000, 0x0000000087500000, 0x0000000087600000|  0%| F|  |TAMS 0x0000000087500000, 0x0000000087500000| Untracked 
|  90|0x0000000087600000, 0x0000000087600000, 0x0000000087700000|  0%| F|  |TAMS 0x0000000087600000, 0x0000000087600000| Untracked 
|  91|0x0000000087700000, 0x0000000087700000, 0x0000000087800000|  0%| F|  |TAMS 0x0000000087700000, 0x0000000087700000| Untracked 
|  92|0x0000000087800000, 0x0000000087800000, 0x0000000087900000|  0%| F|  |TAMS 0x0000000087800000, 0x0000000087800000| Untracked 
|  93|0x0000000087900000, 0x0000000087900000, 0x0000000087a00000|  0%| F|  |TAMS 0x0000000087900000, 0x0000000087900000| Untracked 
|  94|0x0000000087a00000, 0x0000000087a00000, 0x0000000087b00000|  0%| F|  |TAMS 0x0000000087a00000, 0x0000000087a00000| Untracked 
|  95|0x0000000087b00000, 0x0000000087b00000, 0x0000000087c00000|  0%| F|  |TAMS 0x0000000087b00000, 0x0000000087b00000| Untracked 
|  96|0x0000000087c00000, 0x0000000087c00000, 0x0000000087d00000|  0%| F|  |TAMS 0x0000000087c00000, 0x0000000087c00000| Untracked 
|  97|0x0000000087d00000, 0x0000000087d00000, 0x0000000087e00000|  0%| F|  |TAMS 0x0000000087d00000, 0x0000000087d00000| Untracked 
|  98|0x0000000087e00000, 0x0000000087e00000, 0x0000000087f00000|  0%| F|  |TAMS 0x0000000087e00000, 0x0000000087e00000| Untracked 
|  99|0x0000000087f00000, 0x0000000087f00000, 0x0000000088000000|  0%| F|  |TAMS 0x0000000087f00000, 0x0000000087f00000| Untracked 
| 100|0x0000000088000000, 0x0000000088000000, 0x0000000088100000|  0%| F|  |TAMS 0x0000000088000000, 0x0000000088000000| Untracked 
| 101|0x0000000088100000, 0x0000000088100000, 0x0000000088200000|  0%| F|  |TAMS 0x0000000088100000, 0x0000000088100000| Untracked 
| 102|0x0000000088200000, 0x0000000088200000, 0x0000000088300000|  0%| F|  |TAMS 0x0000000088200000, 0x0000000088200000| Untracked 
| 103|0x0000000088300000, 0x0000000088300000, 0x0000000088400000|  0%| F|  |TAMS 0x0000000088300000, 0x0000000088300000| Untracked 
| 104|0x0000000088400000, 0x00000000884f83e0, 0x0000000088500000| 96%| S|CS|TAMS 0x0000000088400000, 0x0000000088400000| Complete 
| 105|0x0000000088500000, 0x0000000088600000, 0x0000000088600000|100%| S|CS|TAMS 0x0000000088500000, 0x0000000088500000| Complete 
| 106|0x0000000088600000, 0x0000000088600000, 0x0000000088700000|  0%| F|  |TAMS 0x0000000088600000, 0x0000000088600000| Untracked 
| 107|0x0000000088700000, 0x0000000088700000, 0x0000000088800000|  0%| F|  |TAMS 0x0000000088700000, 0x0000000088700000| Untracked 
| 108|0x0000000088800000, 0x0000000088800000, 0x0000000088900000|  0%| F|  |TAMS 0x0000000088800000, 0x0000000088800000| Untracked 
| 109|0x0000000088900000, 0x0000000088900000, 0x0000000088a00000|  0%| F|  |TAMS 0x0000000088900000, 0x0000000088900000| Untracked 
| 110|0x0000000088a00000, 0x0000000088a00000, 0x0000000088b00000|  0%| F|  |TAMS 0x0000000088a00000, 0x0000000088a00000| Untracked 
| 111|0x0000000088b00000, 0x0000000088b00000, 0x0000000088c00000|  0%| F|  |TAMS 0x0000000088b00000, 0x0000000088b00000| Untracked 
| 112|0x0000000088c00000, 0x0000000088c00000, 0x0000000088d00000|  0%| F|  |TAMS 0x0000000088c00000, 0x0000000088c00000| Untracked 
| 113|0x0000000088d00000, 0x0000000088d00000, 0x0000000088e00000|  0%| F|  |TAMS 0x0000000088d00000, 0x0000000088d00000| Untracked 
| 114|0x0000000088e00000, 0x0000000088e00000, 0x0000000088f00000|  0%| F|  |TAMS 0x0000000088e00000, 0x0000000088e00000| Untracked 
| 115|0x0000000088f00000, 0x0000000088f00000, 0x0000000089000000|  0%| F|  |TAMS 0x0000000088f00000, 0x0000000088f00000| Untracked 
| 116|0x0000000089000000, 0x0000000089000000, 0x0000000089100000|  0%| F|  |TAMS 0x0000000089000000, 0x0000000089000000| Untracked 
| 117|0x0000000089100000, 0x0000000089100000, 0x0000000089200000|  0%| F|  |TAMS 0x0000000089100000, 0x0000000089100000| Untracked 
| 118|0x0000000089200000, 0x0000000089200000, 0x0000000089300000|  0%| F|  |TAMS 0x0000000089200000, 0x0000000089200000| Untracked 
| 119|0x0000000089300000, 0x0000000089400000, 0x0000000089400000|100%| E|  |TAMS 0x0000000089300000, 0x0000000089300000| Complete 
| 120|0x0000000089400000, 0x0000000089500000, 0x0000000089500000|100%| E|CS|TAMS 0x0000000089400000, 0x0000000089400000| Complete 
| 121|0x0000000089500000, 0x0000000089600000, 0x0000000089600000|100%| E|CS|TAMS 0x0000000089500000, 0x0000000089500000| Complete 
| 122|0x0000000089600000, 0x0000000089700000, 0x0000000089700000|100%| E|CS|TAMS 0x0000000089600000, 0x0000000089600000| Complete 
| 123|0x0000000089700000, 0x0000000089800000, 0x0000000089800000|100%| E|CS|TAMS 0x0000000089700000, 0x0000000089700000| Complete 
| 124|0x0000000089800000, 0x0000000089900000, 0x0000000089900000|100%| E|CS|TAMS 0x0000000089800000, 0x0000000089800000| Complete 
| 125|0x0000000089900000, 0x0000000089a00000, 0x0000000089a00000|100%| E|CS|TAMS 0x0000000089900000, 0x0000000089900000| Complete 
| 126|0x0000000089a00000, 0x0000000089b00000, 0x0000000089b00000|100%| E|CS|TAMS 0x0000000089a00000, 0x0000000089a00000| Complete 
| 127|0x0000000089b00000, 0x0000000089c00000, 0x0000000089c00000|100%| E|CS|TAMS 0x0000000089b00000, 0x0000000089b00000| Complete 

Card table byte_map: [0x000002d040960000,0x000002d040d60000] _byte_map_base: 0x000002d040552000

Marking Bits (Prev, Next): (CMBitMap*) 0x000002d02936e870, (CMBitMap*) 0x000002d02936e8b0
 Prev Bits: [0x000002d041160000, 0x000002d0430f0000)
 Next Bits: [0x000002d0430f0000, 0x000002d045080000)

Polling page: 0x000002d0271f0000

Metaspace:

Usage:
  Non-class:     16.82 MB capacity,    16.65 MB (>99%) used,   140.05 KB ( <1%) free+waste,    25.31 KB ( <1%) overhead. 
      Class:      2.49 MB capacity,     2.37 MB ( 96%) used,   103.38 KB (  4%) free+waste,    10.38 KB ( <1%) overhead. 
       Both:     19.30 MB capacity,    19.03 MB ( 99%) used,   243.43 KB (  1%) free+waste,    35.69 KB ( <1%) overhead. 

Virtual space:
  Non-class space:       18.00 MB reserved,      17.00 MB ( 94%) committed 
      Class space:        1.00 GB reserved,       2.50 MB ( <1%) committed 
             Both:        1.02 GB reserved,      19.50 MB (  2%) committed 

Chunk freelists:
   Non-Class:  60.00 KB
       Class:  15.00 KB
        Both:  75.00 KB

MaxMetaspaceSize: 17179869184.00 GB
CompressedClassSpaceSize: 1.00 GB

CodeHeap 'non-profiled nmethods': size=120000Kb used=813Kb max_used=813Kb free=119187Kb
 bounds [0x000002d039030000, 0x000002d0392a0000, 0x000002d040560000]
CodeHeap 'profiled nmethods': size=120000Kb used=4366Kb max_used=4366Kb free=115633Kb
 bounds [0x000002d031b00000, 0x000002d031f50000, 0x000002d039030000]
CodeHeap 'non-nmethods': size=5760Kb used=1245Kb max_used=1261Kb free=4514Kb
 bounds [0x000002d031560000, 0x000002d0317d0000, 0x000002d031b00000]
 total_blobs=2746 nmethods=2224 adapters=434
 compilation: enabled
              stopped_count=0, restarted_count=0
 full_count=0

Compilation events (20 events):
Event: 2.435 Thread 0x000002d04756c830 2222       1       java.nio.Buffer::capacity (5 bytes)
Event: 2.435 Thread 0x000002d04756c830 nmethod 2222 0x000002d0390fb110 code [0x000002d0390fb2a0, 0x000002d0390fb358]
Event: 2.439 Thread 0x000002d04756c830 2223       3       java.util.HashMap::tableSizeFor (32 bytes)
Event: 2.439 Thread 0x000002d04756c830 nmethod 2223 0x000002d031f40510 code [0x000002d031f406c0, 0x000002d031f408a8]
Event: 2.439 Thread 0x000002d04756c830 2224       3       java.lang.ThreadLocal::get (38 bytes)
Event: 2.440 Thread 0x000002d04756c830 nmethod 2224 0x000002d031f40990 code [0x000002d031f40b60, 0x000002d031f40e48]
Event: 2.440 Thread 0x000002d04756c830 2225       3       java.lang.StringCoding::decodeUTF8 (45 bytes)
Event: 2.440 Thread 0x000002d04756c830 nmethod 2225 0x000002d031f40f90 code [0x000002d031f41180, 0x000002d031f41618]
Event: 2.476 Thread 0x000002d04756c830 2226       3       java.lang.String::getChars (54 bytes)
Event: 2.476 Thread 0x000002d04756c830 nmethod 2226 0x000002d031f41790 code [0x000002d031f41980, 0x000002d031f41db8]
Event: 2.555 Thread 0x000002d04756c830 2227       3       java.util.Collection::stream (11 bytes)
Event: 2.555 Thread 0x000002d04756c830 nmethod 2227 0x000002d031f41f90 code [0x000002d031f42140, 0x000002d031f42338]
Event: 2.558 Thread 0x000002d04756c830 2228       3       java.lang.invoke.MemberName$Factory::resolveOrNull (28 bytes)
Event: 2.559 Thread 0x000002d04756c830 nmethod 2228 0x000002d031f42410 code [0x000002d031f425c0, 0x000002d031f42848]
Event: 2.579 Thread 0x000002d04756c830 2230       3       java.util.stream.AbstractPipeline::<init> (55 bytes)
Event: 2.579 Thread 0x000002d04756c830 nmethod 2230 0x000002d031f42990 code [0x000002d031f42b40, 0x000002d031f42e18]
Event: 2.580 Thread 0x000002d04756c830 2231       3       java.util.ArrayList$ArrayListSpliterator::getFence (35 bytes)
Event: 2.580 Thread 0x000002d04756c830 nmethod 2231 0x000002d031f42f10 code [0x000002d031f430a0, 0x000002d031f431f8]
Event: 2.583 Thread 0x000002d04756c830 2232       3       java.util.RegularEnumSet::contains (57 bytes)
Event: 2.584 Thread 0x000002d04756c830 nmethod 2232 0x000002d031f43290 code [0x000002d031f43460, 0x000002d031f43868]

GC Heap History (6 events):
Event: 0.741 GC heap before
{Heap before GC invocations=0 (full 0):
 garbage-first heap   total 131072K, used 12288K [0x0000000081c00000, 0x0000000100000000)
  region size 1024K, 13 young (13312K), 0 survivors (0K)
 Metaspace       used 3691K, capacity 6021K, committed 6272K, reserved 1056768K
  class space    used 415K, capacity 614K, committed 640K, reserved 1048576K
}
Event: 0.747 GC heap after
{Heap after GC invocations=1 (full 0):
 garbage-first heap   total 131072K, used 4856K [0x0000000081c00000, 0x0000000100000000)
  region size 1024K, 2 young (2048K), 2 survivors (2048K)
 Metaspace       used 3691K, capacity 6021K, committed 6272K, reserved 1056768K
  class space    used 415K, capacity 614K, committed 640K, reserved 1048576K
}
Event: 1.334 GC heap before
{Heap before GC invocations=1 (full 0):
 garbage-first heap   total 131072K, used 17144K [0x0000000081c00000, 0x0000000100000000)
  region size 1024K, 14 young (14336K), 2 survivors (2048K)
 Metaspace       used 9785K, capacity 10019K, committed 10368K, reserved 1058816K
  class space    used 1186K, capacity 1285K, committed 1408K, reserved 1048576K
}
Event: 1.339 GC heap after
{Heap after GC invocations=2 (full 0):
 garbage-first heap   total 131072K, used 6545K [0x0000000081c00000, 0x0000000100000000)
  region size 1024K, 2 young (2048K), 2 survivors (2048K)
 Metaspace       used 9785K, capacity 10019K, committed 10368K, reserved 1058816K
  class space    used 1186K, capacity 1285K, committed 1408K, reserved 1048576K
}
Event: 2.319 GC heap before
{Heap before GC invocations=2 (full 0):
 garbage-first heap   total 131072K, used 27025K [0x0000000081c00000, 0x0000000100000000)
  region size 1024K, 22 young (22528K), 2 survivors (2048K)
 Metaspace       used 16912K, capacity 17157K, committed 17280K, reserved 1064960K
  class space    used 2023K, capacity 2126K, committed 2176K, reserved 1048576K
}
Event: 2.326 GC heap after
{Heap after GC invocations=3 (full 0):
 garbage-first heap   total 131072K, used 8491K [0x0000000081c00000, 0x0000000100000000)
  region size 1024K, 2 young (2048K), 2 survivors (2048K)
 Metaspace       used 16912K, capacity 17157K, committed 17280K, reserved 1064960K
  class space    used 2023K, capacity 2126K, committed 2176K, reserved 1048576K
}

Deoptimization events (20 events):
Event: 2.225 Thread 0x000002d02932f400 DEOPT PACKING pc=0x000002d039078a8c sp=0x000000e6df2fb8c0
Event: 2.225 Thread 0x000002d02932f400 DEOPT UNPACKING pc=0x000002d0315ae42f sp=0x000000e6df2fb840 mode 2
Event: 2.398 Thread 0x000002d02932f400 Uncommon trap: trap_request=0xffffff45 fr.pc=0x000002d0390809c4 relative=0x0000000000000f64
Event: 2.398 Thread 0x000002d02932f400 Uncommon trap: reason=unstable_if action=reinterpret pc=0x000002d0390809c4 method=jdk.internal.org.objectweb.asm.SymbolTable.put(Ljdk/internal/org/objectweb/asm/SymbolTable$Entry;)Ljdk/internal/org/objectweb/asm/SymbolTable$Entry; @ 13 c2
Event: 2.398 Thread 0x000002d02932f400 DEOPT PACKING pc=0x000002d0390809c4 sp=0x000000e6df2fb8c0
Event: 2.398 Thread 0x000002d02932f400 DEOPT UNPACKING pc=0x000002d0315ae42f sp=0x000000e6df2fb808 mode 2
Event: 2.428 Thread 0x000002d02932f400 Uncommon trap: trap_request=0xffffff45 fr.pc=0x000002d0390cf780 relative=0x0000000000000260
Event: 2.429 Thread 0x000002d02932f400 Uncommon trap: reason=unstable_if action=reinterpret pc=0x000002d0390cf780 method=java.lang.String.getChars(II[CI)V @ 23 c2
Event: 2.429 Thread 0x000002d02932f400 DEOPT PACKING pc=0x000002d0390cf780 sp=0x000000e6df2fbb30
Event: 2.429 Thread 0x000002d02932f400 DEOPT UNPACKING pc=0x000002d0315ae42f sp=0x000000e6df2fbaf0 mode 2
Event: 2.439 Thread 0x000002d02932f400 DEOPT PACKING pc=0x000002d031bd7045 sp=0x000000e6df2fb1b0
Event: 2.439 Thread 0x000002d02932f400 DEOPT UNPACKING pc=0x000002d0315ae23f sp=0x000000e6df2fa610 mode 0
Event: 2.569 Thread 0x000002d02932f400 Uncommon trap: trap_request=0xffffffe4 fr.pc=0x000002d039090120 relative=0x0000000000000080
Event: 2.569 Thread 0x000002d02932f400 Uncommon trap: reason=range_check action=make_not_entrant pc=0x000002d039090120 method=java.util.Objects.checkIndex(II)I @ 3 c2
Event: 2.569 Thread 0x000002d02932f400 DEOPT PACKING pc=0x000002d039090120 sp=0x000000e6df2fc840
Event: 2.569 Thread 0x000002d02932f400 DEOPT UNPACKING pc=0x000002d0315ae42f sp=0x000000e6df2fc768 mode 2
Event: 2.569 Thread 0x000002d02932f400 Uncommon trap: trap_request=0xffffff45 fr.pc=0x000002d03908f558 relative=0x0000000000000058
Event: 2.569 Thread 0x000002d02932f400 Uncommon trap: reason=unstable_if action=reinterpret pc=0x000002d03908f558 method=jdk.internal.util.Preconditions.checkIndex(IILjava/util/function/BiFunction;)I @ 6 c2
Event: 2.569 Thread 0x000002d02932f400 DEOPT PACKING pc=0x000002d03908f558 sp=0x000000e6df2fc750
Event: 2.569 Thread 0x000002d02932f400 DEOPT UNPACKING pc=0x000002d0315ae42f sp=0x000000e6df2fc6f8 mode 2

Classes unloaded (0 events):
No events

Classes redefined (0 events):
No events

Internal exceptions (20 events):
Event: 1.100 Thread 0x000002d02932f400 Exception <a 'java/lang/ClassNotFoundException'{0x00000000894906d0}: org/apache/log4j/AppenderSkeletonBeanInfo> (0x00000000894906d0) 
thrown [./open/src/hotspot/share/classfile/systemDictionary.cpp, line 295]
Event: 1.100 Thread 0x000002d02932f400 Exception <a 'java/lang/ClassNotFoundException'{0x0000000089494520}: org/apache/log4j/AppenderSkeletonCustomizer> (0x0000000089494520) 
thrown [./open/src/hotspot/share/classfile/systemDictionary.cpp, line 295]
Event: 1.103 Thread 0x000002d02932f400 Exception <a 'java/lang/ClassNotFoundException'{0x00000000894a5750}: org/apache/log4j/WriterAppenderCustomizer> (0x00000000894a5750) 
thrown [./open/src/hotspot/share/classfile/systemDictionary.cpp, line 295]
Event: 1.109 Thread 0x000002d02932f400 Exception <a 'java/lang/ClassNotFoundException'{0x00000000894b3368}: org/apache/log4j/ConsoleAppenderCustomizer> (0x00000000894b3368) 
thrown [./open/src/hotspot/share/classfile/systemDictionary.cpp, line 295]
Event: 1.114 Thread 0x000002d02932f400 Implicit null exception at 0x000002d039066f74 to 0x000002d039067520
Event: 1.253 Thread 0x000002d02932f400 Exception <a 'java/lang/NoSuchMethodError'{0x0000000089177a48}: 'void java.lang.invoke.DirectMethodHandle$Holder.invokeStatic(java.lang.Object, java.lang.Object, java.lang.Object, java.lang.Object, java.lang.Object, java.lang.Object)'> (0x0000000089177a48) 
thrown [./open/src/hotspot/share/interpreter/linkResolver.cpp, line 782]
Event: 1.255 Thread 0x000002d02932f400 Exception <a 'java/lang/IncompatibleClassChangeError'{0x000000008918af08}: Found class java.lang.Object, but interface was expected> (0x000000008918af08) 
thrown [./open/src/hotspot/share/interpreter/linkResolver.cpp, line 848]
Event: 1.385 Thread 0x000002d02932f400 Exception <a 'java/lang/NoClassDefFoundError'{0x0000000089a672a0}: oracle/security/pki/OraclePKIProvider> (0x0000000089a672a0) 
thrown [./open/src/hotspot/share/classfile/systemDictionary.cpp, line 284]
Event: 1.751 Thread 0x000002d02932f400 Exception <a 'java/lang/NoSuchMethodError'{0x0000000089186388}: 'java.lang.Object java.lang.invoke.DirectMethodHandle$Holder.invokeStatic(java.lang.Object, int, java.lang.Object)'> (0x0000000089186388) 
thrown [./open/src/hotspot/share/interpreter/linkResolver.cpp, line 782]
Event: 1.752 Thread 0x000002d02932f400 Exception <a 'java/lang/NoSuchMethodError'{0x000000008918d7a8}: 'java.lang.Object java.lang.invoke.DirectMethodHandle$Holder.newInvokeSpecial(java.lang.Object, int, java.lang.Object)'> (0x000000008918d7a8) 
thrown [./open/src/hotspot/share/interpreter/linkResolver.cpp, line 782]
Event: 1.753 Thread 0x000002d02932f400 Exception <a 'sun/nio/fs/WindowsException'{0x00000000891921d0}> (0x00000000891921d0) 
thrown [./open/src/hotspot/share/prims/jni.cpp, line 578]
Event: 1.754 Thread 0x000002d02932f400 Exception <a 'sun/nio/fs/WindowsException'{0x0000000089193188}> (0x0000000089193188) 
thrown [./open/src/hotspot/share/prims/jni.cpp, line 578]
Event: 1.754 Thread 0x000002d02932f400 Exception <a 'sun/nio/fs/WindowsException'{0x0000000089193650}> (0x0000000089193650) 
thrown [./open/src/hotspot/share/prims/jni.cpp, line 578]
Event: 1.936 Thread 0x000002d02932f400 Exception <a 'java/lang/NoSuchMethodError'{0x0000000088d77e58}: 'void java.lang.invoke.DirectMethodHandle$Holder.invokeStaticInit(java.lang.Object, java.lang.Object)'> (0x0000000088d77e58) 
thrown [./open/src/hotspot/share/interpreter/linkResolver.cpp, line 782]
Event: 1.951 Thread 0x000002d02932f400 Exception <a 'java/lang/NoSuchMethodError'{0x0000000088da51a8}: 'java.lang.Object java.lang.invoke.DirectMethodHandle$Holder.invokeStaticInit(java.lang.Object, int, int, int, int)'> (0x0000000088da51a8) 
thrown [./open/src/hotspot/share/interpreter/linkResolver.cpp, line 782]
Event: 2.037 Thread 0x000002d02932f400 Exception <a 'java/lang/NoSuchMethodError'{0x0000000088de7868}: 'java.lang.Object java.lang.invoke.DirectMethodHandle$Holder.invokeStaticInit(java.lang.Object, java.lang.Object, int, int, int, int)'> (0x0000000088de7868) 
thrown [./open/src/hotspot/share/interpreter/linkResolver.cpp, line 782]
Event: 2.064 Thread 0x000002d02932f400 Exception <a 'sun/nio/fs/WindowsException'{0x0000000088b9bb58}> (0x0000000088b9bb58) 
thrown [./open/src/hotspot/share/prims/jni.cpp, line 578]
Event: 2.437 Thread 0x000002d02932f400 Exception <a 'java/lang/reflect/InvocationTargetException'{0x0000000089790830}> (0x0000000089790830) 
thrown [./open/src/hotspot/share/runtime/reflection.cpp, line 1157]
Event: 2.558 Thread 0x000002d02932f400 Exception <a 'java/lang/IncompatibleClassChangeError'{0x0000000089349468}: Found class java.lang.Object, but interface was expected> (0x0000000089349468) 
thrown [./open/src/hotspot/share/interpreter/linkResolver.cpp, line 848]
Event: 2.569 Thread 0x000002d02932f400 Exception <a 'java/lang/reflect/InvocationTargetException'{0x0000000089399040}> (0x0000000089399040) 
thrown [./open/src/hotspot/share/runtime/reflection.cpp, line 1157]

Events (20 events):
Event: 2.371 loading class java/io/ObjectStreamClass$ClassDataSlot
Event: 2.371 loading class java/io/ObjectStreamClass$ClassDataSlot done
Event: 2.371 loading class java/io/ObjectInputStream$FieldValues
Event: 2.372 loading class java/io/ObjectInputStream$FieldValues done
Event: 2.372 loading class java/io/ObjectStreamClass$ExceptionInfo
Event: 2.372 loading class java/io/ObjectStreamClass$ExceptionInfo done
Event: 2.435 loading class java/util/concurrent/atomic/AtomicReferenceFieldUpdater
Event: 2.435 loading class java/util/concurrent/atomic/AtomicReferenceFieldUpdater done
Event: 2.435 loading class java/util/concurrent/atomic/AtomicReferenceFieldUpdater$AtomicReferenceFieldUpdaterImpl
Event: 2.436 loading class java/util/concurrent/atomic/AtomicReferenceFieldUpdater$AtomicReferenceFieldUpdaterImpl done
Event: 2.436 loading class java/util/concurrent/atomic/AtomicReferenceFieldUpdater$AtomicReferenceFieldUpdaterImpl$1
Event: 2.436 loading class java/util/concurrent/atomic/AtomicReferenceFieldUpdater$AtomicReferenceFieldUpdaterImpl$1 done
Event: 2.561 loading class java/time/ZonedDateTime
Event: 2.561 loading class java/time/chrono/ChronoZonedDateTime
Event: 2.561 loading class java/time/chrono/ChronoZonedDateTime done
Event: 2.562 loading class java/time/ZonedDateTime done
Event: 2.562 loading class java/time/OffsetDateTime
Event: 2.562 loading class java/time/OffsetDateTime done
Event: 2.584 loading class java/util/concurrent/ConcurrentHashMap$ValueSpliterator
Event: 2.584 loading class java/util/concurrent/ConcurrentHashMap$ValueSpliterator done


Dynamic libraries:
0x00007ff6ed6d0000 - 0x00007ff6ed6df000 	C:\Program Files\Java\jdk-15.0.1\bin\java.exe
0x00007ffeacad0000 - 0x00007ffeaccc8000 	C:\WINDOWS\SYSTEM32\ntdll.dll
0x00007ffeabd10000 - 0x00007ffeabdcd000 	C:\WINDOWS\System32\KERNEL32.DLL
0x00007ffeaa2a0000 - 0x00007ffeaa56e000 	C:\WINDOWS\System32\KERNELBASE.dll
0x00007ffeaa680000 - 0x00007ffeaa780000 	C:\WINDOWS\System32\ucrtbase.dll
0x00007ffea3570000 - 0x00007ffea3589000 	C:\Program Files\Java\jdk-15.0.1\bin\VCRUNTIME140.dll
0x00007ffea3590000 - 0x00007ffea35a8000 	C:\Program Files\Java\jdk-15.0.1\bin\jli.dll
0x00007ffeab7f0000 - 0x00007ffeab89e000 	C:\WINDOWS\System32\ADVAPI32.dll
0x00007ffeac1b0000 - 0x00007ffeac24e000 	C:\WINDOWS\System32\msvcrt.dll
0x00007ffeab910000 - 0x00007ffeab9ac000 	C:\WINDOWS\System32\sechost.dll
0x00007ffeaaea0000 - 0x00007ffeaafc5000 	C:\WINDOWS\System32\RPCRT4.dll
0x00007ffeaab30000 - 0x00007ffeaacd0000 	C:\WINDOWS\System32\USER32.dll
0x00007ffeaa8a0000 - 0x00007ffeaa8c2000 	C:\WINDOWS\System32\win32u.dll
0x00007ffeabfd0000 - 0x00007ffeabffa000 	C:\WINDOWS\System32\GDI32.dll
0x00007ffeaa570000 - 0x00007ffeaa67b000 	C:\WINDOWS\System32\gdi32full.dll
0x00007ffeaa7b0000 - 0x00007ffeaa84d000 	C:\WINDOWS\System32\msvcp_win.dll
0x00007ffe97380000 - 0x00007ffe9761a000 	C:\WINDOWS\WinSxS\amd64_microsoft.windows.common-controls_6595b64144ccf1df_6.0.19041.1110_none_60b5254171f9507e\COMCTL32.dll
0x00007ffea0170000 - 0x00007ffea017a000 	C:\WINDOWS\SYSTEM32\VERSION.dll
0x00007ffeab680000 - 0x00007ffeab6b0000 	C:\WINDOWS\System32\IMM32.DLL
0x00007ffea60d0000 - 0x00007ffea60dc000 	C:\Program Files\Java\jdk-15.0.1\bin\vcruntime140_1.dll
0x00007ffe981d0000 - 0x00007ffe98261000 	C:\Program Files\Java\jdk-15.0.1\bin\msvcp140.dll
0x00007ffe65460000 - 0x00007ffe65fbe000 	C:\Program Files\Java\jdk-15.0.1\bin\server\jvm.dll
0x00007ffeaaff0000 - 0x00007ffeaaff8000 	C:\WINDOWS\System32\PSAPI.DLL
0x00007ffe97d40000 - 0x00007ffe97d67000 	C:\WINDOWS\SYSTEM32\WINMM.dll
0x00007ffe885b0000 - 0x00007ffe885b9000 	C:\WINDOWS\SYSTEM32\WSOCK32.dll
0x00007ffeab8a0000 - 0x00007ffeab90b000 	C:\WINDOWS\System32\WS2_32.dll
0x00007ffea80b0000 - 0x00007ffea80c2000 	C:\WINDOWS\SYSTEM32\kernel.appcore.dll
0x00007ffea2210000 - 0x00007ffea221a000 	C:\Program Files\Java\jdk-15.0.1\bin\jimage.dll
0x00007ffe947d0000 - 0x00007ffe949b4000 	C:\WINDOWS\SYSTEM32\DBGHELP.DLL
0x00007ffe947a0000 - 0x00007ffe947cc000 	C:\WINDOWS\SYSTEM32\dbgcore.DLL
0x00007ffeaaa30000 - 0x00007ffeaaab2000 	C:\WINDOWS\System32\bcryptPrimitives.dll
0x00007ffea12f0000 - 0x00007ffea12fe000 	C:\Program Files\Java\jdk-15.0.1\bin\instrument.dll
0x00007ffe9f080000 - 0x00007ffe9f0a5000 	C:\Program Files\Java\jdk-15.0.1\bin\java.dll
0x00007ffeac340000 - 0x00007ffeaca84000 	C:\WINDOWS\System32\SHELL32.dll
0x00007ffea82b0000 - 0x00007ffea8a44000 	C:\WINDOWS\SYSTEM32\windows.storage.dll
0x00007ffeab9b0000 - 0x00007ffeabd04000 	C:\WINDOWS\System32\combase.dll
0x00007ffea9c50000 - 0x00007ffea9c80000 	C:\WINDOWS\SYSTEM32\Wldp.dll
0x00007ffeaadf0000 - 0x00007ffeaae9d000 	C:\WINDOWS\System32\SHCORE.dll
0x00007ffeab6b0000 - 0x00007ffeab705000 	C:\WINDOWS\System32\shlwapi.dll
0x00007ffeaa130000 - 0x00007ffeaa14f000 	C:\WINDOWS\SYSTEM32\profapi.dll
0x00007ffe93420000 - 0x00007ffe93438000 	C:\Program Files\Java\jdk-15.0.1\bin\zip.dll
0x00007ffea1e30000 - 0x00007ffea1e49000 	C:\Program Files\Java\jdk-15.0.1\bin\net.dll
0x00007ffea0de0000 - 0x00007ffea0eea000 	C:\WINDOWS\SYSTEM32\WINHTTP.dll
0x00007ffea9990000 - 0x00007ffea99fa000 	C:\WINDOWS\system32\mswsock.dll
0x00007ffe9db40000 - 0x00007ffe9db52000 	C:\Program Files\Java\jdk-15.0.1\bin\nio.dll
0x00007ffe8b600000 - 0x00007ffe8b61a000 	C:\Users\qkdlf\ideaIU-2022.1.3.win\bin\breakgen64.dll
0x00007ffe9f070000 - 0x00007ffe9f080000 	C:\Program Files\Java\jdk-15.0.1\bin\verify.dll
0x00007ffe96df0000 - 0x00007ffe96df9000 	C:\Program Files\Java\jdk-15.0.1\bin\management.dll
0x00007ffe96bd0000 - 0x00007ffe96bdb000 	C:\Program Files\Java\jdk-15.0.1\bin\management_ext.dll
0x00007ffea9660000 - 0x00007ffea972b000 	C:\WINDOWS\SYSTEM32\DNSAPI.dll
0x00007ffea9620000 - 0x00007ffea965b000 	C:\WINDOWS\SYSTEM32\IPHLPAPI.DLL
0x00007ffeabfc0000 - 0x00007ffeabfc8000 	C:\WINDOWS\System32\NSI.dll
0x00007ffe991d0000 - 0x00007ffe991da000 	C:\Windows\System32\rasadhlp.dll
0x00007ffe99230000 - 0x00007ffe992b0000 	C:\WINDOWS\System32\fwpuclnt.dll
0x00007ffeaa780000 - 0x00007ffeaa7a7000 	C:\WINDOWS\System32\bcrypt.dll
0x00007ffea9ba0000 - 0x00007ffea9bb8000 	C:\WINDOWS\SYSTEM32\CRYPTSP.dll
0x00007ffea9280000 - 0x00007ffea92b4000 	C:\WINDOWS\system32\rsaenh.dll
0x00007ffeaa0b0000 - 0x00007ffeaa0de000 	C:\WINDOWS\SYSTEM32\USERENV.dll
0x00007ffea9bc0000 - 0x00007ffea9bcc000 	C:\WINDOWS\SYSTEM32\CRYPTBASE.dll
0x00007ffe9f580000 - 0x00007ffe9f597000 	C:\WINDOWS\SYSTEM32\dhcpcsvc6.DLL
0x00007ffea0260000 - 0x00007ffea027d000 	C:\WINDOWS\SYSTEM32\dhcpcsvc.DLL
0x00007ffe96e40000 - 0x00007ffe96e57000 	C:\WINDOWS\system32\napinsp.dll
0x00007ffe96e20000 - 0x00007ffe96e3b000 	C:\WINDOWS\system32\pnrpnsp.dll
0x00007ffea50f0000 - 0x00007ffea5105000 	C:\WINDOWS\system32\wshbth.dll
0x00007ffea5b60000 - 0x00007ffea5b7d000 	C:\WINDOWS\system32\NLAapi.dll
0x00007ffe96e00000 - 0x00007ffe96e12000 	C:\WINDOWS\System32\winrnr.dll

dbghelp: loaded successfully - version: 4.0.5 - missing functions: none
symbol engine: initialized successfully - sym options: 0x614 - pdb path: .;C:\Program Files\Java\jdk-15.0.1\bin;C:\WINDOWS\SYSTEM32;C:\WINDOWS\WinSxS\amd64_microsoft.windows.common-controls_6595b64144ccf1df_6.0.19041.1110_none_60b5254171f9507e;C:\Program Files\Java\jdk-15.0.1\bin\server;C:\Users\qkdlf\ideaIU-2022.1.3.win\bin

VM Arguments:
jvm_args: -ea -Didea.test.cyclic.buffer.size=1048576 -javaagent:C:\Users\qkdlf\ideaIU-2022.1.3.win\lib\idea_rt.jar=51461:C:\Users\qkdlf\ideaIU-2022.1.3.win\bin -Dfile.encoding=UTF-8 
java_command: com.intellij.rt.junit.JUnitStarter -ideVersion5 -junit5 test.java.kr.com.yh.service.MovieServiceTest,findAllByNameTest
java_class_path (initial): C:\Users\qkdlf\.m2\repository\org\junit\platform\junit-platform-launcher\1.8.1\junit-platform-launcher-1.8.1.jar;C:\Users\qkdlf\ideaIU-2022.1.3.win\lib\idea_rt.jar;C:\Users\qkdlf\ideaIU-2022.1.3.win\plugins\junit\lib\junit5-rt.jar;C:\Users\qkdlf\ideaIU-2022.1.3.win\plugins\junit\lib\junit-rt.jar;C:\Users\qkdlf\Project\movieWebProject\movie\build\classes;C:\Users\qkdlf\ideaIU-2022.1.3.win\lib\junit.jar;C:\Users\qkdlf\Project\movieWebProject\movie\src\main\webapp\WEB-INF\lib\commons-beanutils-1.8.3.jar;C:\Users\qkdlf\Project\movieWebProject\movie\src\main\webapp\WEB-INF\lib\commons-logging-1.1.1.jar;C:\Users\qkdlf\Project\movieWebProject\movie\src\main\webapp\WEB-INF\lib\gson-2.9.0.jar;C:\Users\qkdlf\Project\movieWebProject\movie\src\main\webapp\WEB-INF\lib\ibatis-2.3.4.726.jar;C:\Users\qkdlf\Project\movieWebProject\movie\src\main\webapp\WEB-INF\lib\javaSDK-2.2.jar;C:\Users\qkdlf\Project\movieWebProject\movie\src\main\webapp\WEB-INF\lib\javaSDK-2.2-sources.jar;C:\Users\qkdlf\Project\movieWebProject\movie\src\main\webapp\WEB-INF\lib\json-simple-1.1.1.jar;C:\Users\qkdlf\Project\movieWebProject\movie\src\main\webapp\WEB-INF\lib\jstl-1.2.jar;C:\Users\qkdlf\Project\movieWebProject\movie\src\main\webapp\WEB-INF\lib\log4j-1.2.17.jar;C:\Users\qkdlf\Project\movieWebProject\movie\src\main\webapp\WEB-INF\lib\mockito-core-4.5.1.jar;C:\Users\qkdlf\Project\movieWebProject\movie\src\main\webapp\WEB-INF\lib\ojdbc8.jar;C:\Users\qkdlf\Project\movieWebProject\movie\src\main\webapp\WEB-INF\lib\spring-mock-mvc\aopalliance-1.0.jar;C:\Users\qkdlf\Project\movieWebProject\movie\src\main\webapp\WEB-INF\lib\spring-mock-mvc\commons-codec-1.9.jar;C:\Users\qkdlf\Project\movieWebProject\movie\src\main\webapp\WEB-INF\lib\spring-mock-mvc\commons-lang3-3.4.jar;C:\Users\qkdlf\Project\movieWebProject\movie\src\main\webapp\WEB-INF\lib\spring-mock-mvc\commons-logging-1.2.jar;C:\Users\qkdlf\Project\movieWebProject\movie\src\main\webapp\WEB-INF\lib\spring-mock-mvc\groovy-2.4.9.j
Launcher Type: SUN_STANDARD

[Global flags]
     intx CICompilerCount                          = 3                                         {product} {ergonomic}
     uint ConcGCThreads                            = 1                                         {product} {ergonomic}
     uint G1ConcRefinementThreads                  = 4                                         {product} {ergonomic}
   size_t G1HeapRegionSize                         = 1048576                                   {product} {ergonomic}
    uintx GCDrainStackTargetSize                   = 64                                        {product} {ergonomic}
   size_t InitialHeapSize                          = 134217728                                 {product} {ergonomic}
   size_t MarkStackSize                            = 4194304                                   {product} {ergonomic}
   size_t MaxHeapSize                              = 2118123520                                {product} {ergonomic}
   size_t MaxNewSize                               = 1270874112                                {product} {ergonomic}
   size_t MinHeapDeltaBytes                        = 1048576                                   {product} {ergonomic}
   size_t MinHeapSize                              = 8388608                                   {product} {ergonomic}
    uintx NonNMethodCodeHeapSize                   = 5832780                                {pd product} {ergonomic}
    uintx NonProfiledCodeHeapSize                  = 122912730                              {pd product} {ergonomic}
    uintx ProfiledCodeHeapSize                     = 122912730                              {pd product} {ergonomic}
    uintx ReservedCodeCacheSize                    = 251658240                              {pd product} {ergonomic}
     bool SegmentedCodeCache                       = true                                      {product} {ergonomic}
   size_t SoftMaxHeapSize                          = 2118123520                             {manageable} {ergonomic}
     bool UseCompressedClassPointers               = true                                 {lp64_product} {ergonomic}
     bool UseCompressedOops                        = true                                 {lp64_product} {ergonomic}
     bool UseG1GC                                  = true                                      {product} {ergonomic}
     bool UseLargePagesIndividualAllocation        = false                                  {pd product} {ergonomic}

Logging:
Log output configuration:
 #0: stdout all=warning uptime,level,tags
 #1: stderr all=off uptime,level,tags

Environment Variables:
JAVA_HOME=C:\Program Files\Java\jdk-15.0.1
PATH=D:\oracleDatabase\WINDOWS.X64_193000_db_home\bin;C:\xampp\mysql\bin;C:\Program Files (x86)\Windows Resource Kits\Tools\;C:\Users\qkdlf\OneDrive\바탕 화면\tool\spring5\gradle-7.1\bin;C:\Users\qkdlf\OneDrive\바탕 화면\tool\spring5\apache-maven-3.8.1\bin;C:\Program Files\Java\jdk-15.0.1\bin;C:\Program Files\Common Files\Oracle\Java\javapath;C:\Program Files (x86)\Common Files\Oracle\Java\javapath;D:\OracleDatabase\bin;C:\Program Files (x86)\NAT Service;C:\Program Files (x86)\Intel\iCLS Client\;C:\Program Files\Intel\iCLS Client\;C:\windows\system32;C:\windows;C:\windows\System32\Wbem;C:\windows\System32\WindowsPowerShell\v1.0\;C:\Program Files (x86)\NVIDIA Corporation\PhysX\Common;C:\Program Files (x86)\Intel\Intel(R) Management Engine Components\DAL;C:\Program Files\Intel\Intel(R) Management Engine Components\DAL;C:\Program Files (x86)\Intel\Intel(R) Management Engine Components\IPT;C:\Program Files\Intel\Intel(R) Management Engine Components\IPT;C:\Program Files\dotnet\;C:\Program Files\Microsoft SQL Server\130\Tools\Binn\;C:\WINDOWS\system32;C:\WINDOWS;C:\WINDOWS\System32\Wbem;C:\WINDOWS\System32\WindowsPowerShell\v1.0\;C:\WINDOWS\System32\OpenSSH\;C:\Program Files (x86)\PuTTY\;C:\Program Files\nodejs\;C:\Program Files\MySQL\MySQL Server 8.0\bin;C:\Program Files\TortoiseSVN\bin;C:\Program Files\Git\cmd;C:\Program Files\MySQL\MySQL Shell 8.0\bin\;D:\Ruby27-x64\bin;C:\Users\qkdlf\AppData\Local\Programs\Python\Python38-32\Scripts\;C:\Users\qkdlf\AppData\Local\Programs\Python\Python38-32\;C:\Users\qkdlf\AppData\Local\Microsoft\WindowsApps;C:\Users\qkdlf\AppData\Local\Programs\Microsoft VS Code\bin;C:\Users\qkdlf\AppData\Local\GitHubDesktop\bin;C:\Program Files\Wireshark;C:\Program Files\Bandizip\;D:\MiKTex\miktex\bin\x64\;C:\Users\qkdlf\AppData\Local\Microsoft\WindowsApps;C:\Users\qkdlf\AppData\Roaming\npm
USERNAME=qkdlf
OS=Windows_NT
PROCESSOR_IDENTIFIER=Intel64 Family 6 Model 142 Stepping 9, GenuineIntel



---------------  S Y S T E M  ---------------

OS:
 Windows 10 , 64 bit Build 19041 (10.0.19041.1806)
OS uptime: 5 days 23:25 hours
HyperV virtualization detected

CPU: total 4 (initial active 4) (2 cores per cpu, 2 threads per core) family 6 model 142 stepping 9 microcode 0xb4, cmov, cx8, fxsr, mmx, sse, sse2, sse3, ssse3, sse4.1, sse4.2, popcnt, vzeroupper, avx, avx2, aes, clmul, erms, 3dnowpref, lzcnt, ht, tsc, tscinvbit, bmi1, bmi2, adx, fma, clflush, clflushopt

Memory: 4k page, system-wide physical 8072M (606M free)
TotalPageFile size 32648M (AvailPageFile size 2M)
current process WorkingSet (physical memory assigned to process): 131M, peak: 131M
current process commit charge ("private bytes"): 265M, peak: 266M

vm_info: Java HotSpot(TM) 64-Bit Server VM (15.0.1+9-18) for windows-amd64 JRE (15.0.1+9-18), built on Sep 15 2020 14:43:54 by "mach5one" with unknown MS VC++:1925

END.
