#
# There is insufficient memory for the Java Runtime Environment to continue.
# Native memory allocation (malloc) failed to allocate 32744 bytes for ChunkPool::allocate
# Possible reasons:
#   The system is out of physical RAM or swap space
#   The process is running with CompressedOops enabled, and the Java Heap may be blocking the growth of the native heap
# Possible solutions:
#   Reduce memory load on the system
#   Increase physical memory or swap space
#   Check if swap backing store is full
#   Decrease Java heap size (-Xmx/-Xms)
#   Decrease number of Java threads
#   Decrease Java thread stack sizes (-Xss)
#   Set larger code cache with -XX:ReservedCodeCacheSize=
#   JVM is running with Unscaled Compressed Oops mode in which the Java heap is
#     placed in the first 4GB address space. The Java Heap base address is the
#     maximum limit for the native heap growth. Please use -XX:HeapBaseMinAddress
#     to set the Java Heap base and to place the Java Heap above 4GB virtual address.
# This output file may be truncated or incomplete.
#
#  Out of Memory Error (./open/src/hotspot/share/memory/arena.cpp:79), pid=6416, tid=9540
#
# JRE version: Java(TM) SE Runtime Environment (15.0.1+9) (build 15.0.1+9-18)
# Java VM: Java HotSpot(TM) 64-Bit Server VM (15.0.1+9-18, mixed mode, sharing, tiered, compressed oops, g1 gc, windows-amd64)
# No core dump will be written. Minidumps are not enabled by default on client versions of Windows
#

---------------  S U M M A R Y ------------

Command Line: -ea -Didea.test.cyclic.buffer.size=1048576 -javaagent:C:\Users\qkdlf\ideaIU-2022.1.3.win\lib\idea_rt.jar=51241:C:\Users\qkdlf\ideaIU-2022.1.3.win\bin -Dfile.encoding=UTF-8 com.intellij.rt.junit.JUnitStarter -ideVersion5 -junit5 test.java.kr.com.yh.service.MovieServiceTest,findAllTest

Host: Intel(R) Core(TM) i5-7200U CPU @ 2.50GHz, 4 cores, 7G,  Windows 10 , 64 bit Build 19041 (10.0.19041.1806)
Time: Tue Aug  9 12:47:17 2022 ¥Î«—πŒ±π «•¡ÿΩ√ elapsed time: 2.677687 seconds (0d 0h 0m 2s)

---------------  T H R E A D  ---------------

Current thread (0x000001c4265b4430):  JavaThread "C2 CompilerThread1" daemon [_thread_in_native, id=9540, stack(0x00000070bf000000,0x00000070bf100000)]


Current CompileTask:
C2:   2677 2126       4       jdk.internal.org.objectweb.asm.Frame::execute (2305 bytes)

Stack: [0x00000070bf000000,0x00000070bf100000]
Native frames: (J=compiled Java code, j=interpreted, Vv=VM code, C=native code)
V  [jvm.dll+0x62ae9a]
V  [jvm.dll+0x781389]
V  [jvm.dll+0x782ae3]
V  [jvm.dll+0x783143]
V  [jvm.dll+0x216265]
V  [jvm.dll+0x9828f]
V  [jvm.dll+0x985dc]
V  [jvm.dll+0x33387c]
V  [jvm.dll+0x525958]
V  [jvm.dll+0x524960]
V  [jvm.dll+0x52556e]
V  [jvm.dll+0x2f78d9]
V  [jvm.dll+0x2f6c6a]
V  [jvm.dll+0x1ea645]
V  [jvm.dll+0x1e98ae]
V  [jvm.dll+0x1784c7]
V  [jvm.dll+0x1f9165]
V  [jvm.dll+0x1f720c]
V  [jvm.dll+0x74485d]
V  [jvm.dll+0x73d65a]
V  [jvm.dll+0x629c56]
C  [ucrtbase.dll+0x21bb2]
C  [KERNEL32.DLL+0x17034]
C  [ntdll.dll+0x52651]


---------------  P R O C E S S  ---------------

Threads class SMR info:
_java_thread_list=0x000001c42706da40, length=16, elements={
0x000001c40587f250, 0x000001c4259d8670, 0x000001c4259db9f0, 0x000001c4259fa250,
0x000001c4259fdc30, 0x000001c4259fee80, 0x000001c425a039b0, 0x000001c425a04cf0,
0x000001c425a14e60, 0x000001c4259ba110, 0x000001c4264683c0, 0x000001c42646e8b0,
0x000001c4265b4430, 0x000001c426fd1ca0, 0x000001c426d947f0, 0x000001c426fb47e0
}

Java Threads: ( => current thread )
  0x000001c40587f250 JavaThread "main" [_thread_in_vm, id=22776, stack(0x00000070bdd00000,0x00000070bde00000)]
  0x000001c4259d8670 JavaThread "Reference Handler" daemon [_thread_blocked, id=14792, stack(0x00000070be400000,0x00000070be500000)]
  0x000001c4259db9f0 JavaThread "Finalizer" daemon [_thread_blocked, id=19028, stack(0x00000070be500000,0x00000070be600000)]
  0x000001c4259fa250 JavaThread "Signal Dispatcher" daemon [_thread_blocked, id=17904, stack(0x00000070be600000,0x00000070be700000)]
  0x000001c4259fdc30 JavaThread "Attach Listener" daemon [_thread_blocked, id=16992, stack(0x00000070be700000,0x00000070be800000)]
  0x000001c4259fee80 JavaThread "Service Thread" daemon [_thread_blocked, id=20524, stack(0x00000070be800000,0x00000070be900000)]
  0x000001c425a039b0 JavaThread "C2 CompilerThread0" daemon [_thread_in_native, id=7500, stack(0x00000070be900000,0x00000070bea00000)]
  0x000001c425a04cf0 JavaThread "C1 CompilerThread0" daemon [_thread_blocked, id=18840, stack(0x00000070bea00000,0x00000070beb00000)]
  0x000001c425a14e60 JavaThread "Sweeper thread" daemon [_thread_blocked, id=12652, stack(0x00000070beb00000,0x00000070bec00000)]
  0x000001c4259ba110 JavaThread "Common-Cleaner" daemon [_thread_blocked, id=12888, stack(0x00000070bec00000,0x00000070bed00000)]
  0x000001c4264683c0 JavaThread "Monitor Ctrl-Break" daemon [_thread_in_native, id=23652, stack(0x00000070bed00000,0x00000070bee00000)]
  0x000001c42646e8b0 JavaThread "Notification Thread" daemon [_thread_blocked, id=3740, stack(0x00000070bee00000,0x00000070bef00000)]
=>0x000001c4265b4430 JavaThread "C2 CompilerThread1" daemon [_thread_in_native, id=9540, stack(0x00000070bf000000,0x00000070bf100000)]
  0x000001c426fd1ca0 JavaThread "Timer-0" daemon [_thread_blocked, id=17628, stack(0x00000070bf400000,0x00000070bf500000)]
  0x000001c426d947f0 JavaThread "oracle.jdbc.driver.BlockSource.ThreadedCachingBlockSource.BlockReleaser" daemon [_thread_blocked, id=23564, stack(0x00000070bf500000,0x00000070bf600000)]
  0x000001c426fb47e0 JavaThread "InterruptTimer" daemon [_thread_blocked, id=9428, stack(0x00000070bf600000,0x00000070bf700000)]

Other Threads:
  0x000001c4259d4240 VMThread "VM Thread" [stack: 0x00000070be300000,0x00000070be400000] [id=16608]
  0x000001c4264744c0 WatcherThread [stack: 0x00000070bef00000,0x00000070bf000000] [id=8332]
  0x000001c4058be300 GCTaskThread "GC Thread#0" [stack: 0x00000070bde00000,0x00000070bdf00000] [id=11052]
  0x000001c426607c40 GCTaskThread "GC Thread#1" [stack: 0x00000070bf100000,0x00000070bf200000] [id=1348]
  0x000001c426607f70 GCTaskThread "GC Thread#2" [stack: 0x00000070bf200000,0x00000070bf300000] [id=23860]
  0x000001c4058cf0d0 ConcurrentGCThread "G1 Main Marker" [stack: 0x00000070bdf00000,0x00000070be000000] [id=18944]
  0x000001c4058d0460 ConcurrentGCThread "G1 Conc#0" [stack: 0x00000070be000000,0x00000070be100000] [id=19864]
  0x000001c40594a020 ConcurrentGCThread "G1 Refine#0" [stack: 0x00000070be100000,0x00000070be200000] [id=14488]
  0x000001c426d31bd0 ConcurrentGCThread "G1 Refine#1" [stack: 0x00000070bf300000,0x00000070bf400000] [id=18356]
  0x000001c40594ac20 ConcurrentGCThread "G1 Young RemSet Sampling" [stack: 0x00000070be200000,0x00000070be300000] [id=16036]

Threads with active compile tasks:
C2 CompilerThread0     2719 2097 % !   4       com.sun.crypto.provider.PBKDF2KeyImpl::deriveKey @ 191 (295 bytes)
C2 CompilerThread1     2719 2126       4       jdk.internal.org.objectweb.asm.Frame::execute (2305 bytes)

VM state: not at safepoint (normal execution)

VM Mutex/Monitor currently owned by a thread: None

Heap address: 0x0000000081c00000, size: 2020 MB, Compressed Oops mode: 32-bit
CDS archive(s) mapped at: [0x0000000800000000-0x0000000800b50000-0x0000000800b50000), size 11862016, SharedBaseAddress: 0x0000000800000000, ArchiveRelocationMode: 0.
Compressed class space mapped at: 0x0000000800b50000-0x0000000840b50000, size: 1073741824
Narrow klass base: 0x0000000800000000, Narrow klass shift: 3, Narrow klass range: 0x100000000

GC Precious Log:
 CPUs: 4 total, 4 available
 Memory: 8072M
 Large Page Support: Disabled
 NUMA Support: Disabled
 Compressed Oops: Enabled (32-bit)
 Heap Region Size: 1M
 Heap Min Capacity: 8M
 Heap Initial Capacity: 128M
 Heap Max Capacity: 2020M
 Pre-touch: Disabled
 Parallel Workers: 4
 Concurrent Workers: 1
 Concurrent Refinement Workers: 4
 Periodic GC: Disabled

Heap:
 garbage-first heap   total 37888K, used 8728K [0x0000000081c00000, 0x0000000100000000)
  region size 1024K, 4 young (4096K), 3 survivors (3072K)
 Metaspace       used 18083K, capacity 18406K, committed 18432K, reserved 1073152K
  class space    used 2175K, capacity 2289K, committed 2304K, reserved 1048576K

Heap Regions: E=young(eden), S=young(survivor), O=old, HS=humongous(starts), HC=humongous(continues), CS=collection set, F=free, OA=open archive, CA=closed archive, TAMS=top-at-mark-start (previous, next)
|   0|0x0000000081c00000, 0x0000000081d00000, 0x0000000081d00000|100%| O|  |TAMS 0x0000000081d00000, 0x0000000081c00000| Updating 
|   1|0x0000000081d00000, 0x0000000081e00000, 0x0000000081e00000|100%| O|  |TAMS 0x0000000081e00000, 0x0000000081d00000| Updating 
|   2|0x0000000081e00000, 0x0000000081f00000, 0x0000000081f00000|100%| O|  |TAMS 0x0000000081f00000, 0x0000000081e00000| Updating 
|   3|0x0000000081f00000, 0x0000000082000000, 0x0000000082000000|100%| O|  |TAMS 0x0000000082000000, 0x0000000081f00000| Updating 
|   4|0x0000000082000000, 0x0000000082100000, 0x0000000082100000|100%| O|  |TAMS 0x0000000082100000, 0x0000000082000000| Updating 
|   5|0x0000000082100000, 0x0000000082200000, 0x0000000082200000|100%| O|  |TAMS 0x0000000082200000, 0x0000000082100000| Updating 
|   6|0x0000000082200000, 0x000000008224b600, 0x0000000082300000| 29%| O|  |TAMS 0x000000008224b600, 0x0000000082200000| Updating 
|   7|0x0000000082300000, 0x0000000082300000, 0x0000000082400000|  0%| F|  |TAMS 0x0000000082300000, 0x0000000082300000| Untracked 
|   8|0x0000000082400000, 0x0000000082400000, 0x0000000082500000|  0%| F|  |TAMS 0x0000000082400000, 0x0000000082400000| Untracked 
|   9|0x0000000082500000, 0x0000000082500000, 0x0000000082600000|  0%| F|  |TAMS 0x0000000082500000, 0x0000000082500000| Untracked 
|  10|0x0000000082600000, 0x0000000082600000, 0x0000000082700000|  0%| F|  |TAMS 0x0000000082600000, 0x0000000082600000| Untracked 
|  11|0x0000000082700000, 0x0000000082700000, 0x0000000082800000|  0%| F|  |TAMS 0x0000000082700000, 0x0000000082700000| Untracked 
|  12|0x0000000082800000, 0x0000000082800000, 0x0000000082900000|  0%| F|  |TAMS 0x0000000082800000, 0x0000000082800000| Untracked 
|  13|0x0000000082900000, 0x0000000082900000, 0x0000000082a00000|  0%| F|  |TAMS 0x0000000082900000, 0x0000000082900000| Untracked 
|  14|0x0000000082a00000, 0x0000000082a00000, 0x0000000082b00000|  0%| F|  |TAMS 0x0000000082a00000, 0x0000000082a00000| Untracked 
|  15|0x0000000082b00000, 0x0000000082b00000, 0x0000000082c00000|  0%| F|  |TAMS 0x0000000082b00000, 0x0000000082b00000| Untracked 
|  16|0x0000000082c00000, 0x0000000082c00000, 0x0000000082d00000|  0%| F|  |TAMS 0x0000000082c00000, 0x0000000082c00000| Untracked 
|  17|0x0000000082d00000, 0x0000000082d00000, 0x0000000082e00000|  0%| F|  |TAMS 0x0000000082d00000, 0x0000000082d00000| Untracked 
|  18|0x0000000082e00000, 0x0000000082e00000, 0x0000000082f00000|  0%| F|  |TAMS 0x0000000082e00000, 0x0000000082e00000| Untracked 
|  19|0x0000000082f00000, 0x0000000082f00000, 0x0000000083000000|  0%| F|  |TAMS 0x0000000082f00000, 0x0000000082f00000| Untracked 
|  20|0x0000000083000000, 0x0000000083000000, 0x0000000083100000|  0%| F|  |TAMS 0x0000000083000000, 0x0000000083000000| Untracked 
|  21|0x0000000083100000, 0x0000000083100000, 0x0000000083200000|  0%| F|  |TAMS 0x0000000083100000, 0x0000000083100000| Untracked 
|  22|0x0000000083200000, 0x0000000083200000, 0x0000000083300000|  0%| F|  |TAMS 0x0000000083200000, 0x0000000083200000| Untracked 
|  23|0x0000000083300000, 0x0000000083300000, 0x0000000083400000|  0%| F|  |TAMS 0x0000000083300000, 0x0000000083300000| Untracked 
|  24|0x0000000083400000, 0x0000000083400000, 0x0000000083500000|  0%| F|  |TAMS 0x0000000083400000, 0x0000000083400000| Untracked 
|  25|0x0000000083500000, 0x0000000083500000, 0x0000000083600000|  0%| F|  |TAMS 0x0000000083500000, 0x0000000083500000| Untracked 
|  26|0x0000000083600000, 0x0000000083600000, 0x0000000083700000|  0%| F|  |TAMS 0x0000000083600000, 0x0000000083600000| Untracked 
|  27|0x0000000083700000, 0x0000000083700000, 0x0000000083800000|  0%| F|  |TAMS 0x0000000083700000, 0x0000000083700000| Untracked 
|  28|0x0000000083800000, 0x0000000083800000, 0x0000000083900000|  0%| F|  |TAMS 0x0000000083800000, 0x0000000083800000| Untracked 
|  29|0x0000000083900000, 0x0000000083900000, 0x0000000083a00000|  0%| F|  |TAMS 0x0000000083900000, 0x0000000083900000| Untracked 
|  30|0x0000000083a00000, 0x0000000083a00000, 0x0000000083b00000|  0%| F|  |TAMS 0x0000000083a00000, 0x0000000083a00000| Untracked 
|  31|0x0000000083b00000, 0x0000000083b00000, 0x0000000083c00000|  0%| F|  |TAMS 0x0000000083b00000, 0x0000000083b00000| Untracked 
|  32|0x0000000083c00000, 0x0000000083c00000, 0x0000000083d00000|  0%| F|  |TAMS 0x0000000083c00000, 0x0000000083c00000| Untracked 
| 121|0x0000000089500000, 0x000000008953ad20, 0x0000000089600000| 22%| S|CS|TAMS 0x0000000089500000, 0x0000000089500000| Complete 
| 122|0x0000000089600000, 0x0000000089700000, 0x0000000089700000|100%| S|CS|TAMS 0x0000000089600000, 0x0000000089600000| Complete 
| 123|0x0000000089700000, 0x0000000089800000, 0x0000000089800000|100%| S|CS|TAMS 0x0000000089700000, 0x0000000089700000| Complete 
| 127|0x0000000089b00000, 0x0000000089c00000, 0x0000000089c00000|100%| E|  |TAMS 0x0000000089b00000, 0x0000000089b00000| Complete 

Card table byte_map: [0x000001c41ec90000,0x000001c41f090000] _byte_map_base: 0x000001c41e882000

Marking Bits (Prev, Next): (CMBitMap*) 0x000001c4058beb30, (CMBitMap*) 0x000001c4058beaf0
 Prev Bits: [0x000001c421420000, 0x000001c4233b0000)
 Next Bits: [0x000001c41f490000, 0x000001c421420000)

Polling page: 0x000001c4056e0000

Metaspace:

Usage:
  Non-class:     15.74 MB capacity,    15.55 MB ( 99%) used,   166.70 KB (  1%) free+waste,    23.88 KB ( <1%) overhead. 
      Class:      2.24 MB capacity,     2.13 MB ( 95%) used,   100.65 KB (  4%) free+waste,     9.88 KB ( <1%) overhead. 
       Both:     17.97 MB capacity,    17.68 MB ( 98%) used,   267.34 KB (  1%) free+waste,    33.75 KB ( <1%) overhead. 

Virtual space:
  Non-class space:       24.00 MB reserved,      15.75 MB ( 66%) committed 
      Class space:        1.00 GB reserved,       2.25 MB ( <1%) committed 
             Both:        1.02 GB reserved,      18.00 MB (  2%) committed 

Chunk freelists:
   Non-Class:  11.00 KB
       Class:  15.00 KB
        Both:  26.00 KB

MaxMetaspaceSize: 17179869184.00 GB
CompressedClassSpaceSize: 1.00 GB

CodeHeap 'non-profiled nmethods': size=120000Kb used=786Kb max_used=786Kb free=119213Kb
 bounds [0x000001c416d40000, 0x000001c416fb0000, 0x000001c41e270000]
CodeHeap 'profiled nmethods': size=120000Kb used=4310Kb max_used=4310Kb free=115689Kb
 bounds [0x000001c40f810000, 0x000001c40fc50000, 0x000001c416d40000]
CodeHeap 'non-nmethods': size=5760Kb used=1255Kb max_used=1257Kb free=4504Kb
 bounds [0x000001c40f270000, 0x000001c40f4e0000, 0x000001c40f810000]
 total_blobs=2740 nmethods=2211 adapters=441
 compilation: enabled
              stopped_count=0, restarted_count=0
 full_count=0

Compilation events (20 events):
Event: 2.640 Thread 0x000001c425a04cf0 2197       3       jdk.internal.org.objectweb.asm.Type::getArgumentTypes (154 bytes)
Event: 2.643 Thread 0x000001c425a04cf0 nmethod 2197 0x000001c40fc32890 code [0x000001c40fc32d60, 0x000001c40fc35848]
Event: 2.644 Thread 0x000001c425a04cf0 2198       3       java.lang.reflect.ProxyGenerator$ProxyMethod::generateMethod (526 bytes)
Event: 2.646 Thread 0x000001c425a04cf0 nmethod 2198 0x000001c40fc36890 code [0x000001c40fc36e20, 0x000001c40fc39ef8]
Event: 2.646 Thread 0x000001c425a04cf0 2200       3       jdk.internal.org.objectweb.asm.Frame::setInputFrameFromDescriptor (175 bytes)
Event: 2.647 Thread 0x000001c425a04cf0 nmethod 2200 0x000001c40fc3ad90 code [0x000001c40fc3afa0, 0x000001c40fc3b798]
Event: 2.647 Thread 0x000001c425a04cf0 2199       3       jdk.internal.org.objectweb.asm.Frame::addInitializedType (77 bytes)
Event: 2.647 Thread 0x000001c425a04cf0 nmethod 2199 0x000001c40fc3bb90 code [0x000001c40fc3bd60, 0x000001c40fc3c288]
Event: 2.647 Thread 0x000001c425a04cf0 2201       3       sun.invoke.util.Wrapper::isSubwordOrInt (20 bytes)
Event: 2.647 Thread 0x000001c425a04cf0 nmethod 2201 0x000001c40fc3c410 code [0x000001c40fc3c5c0, 0x000001c40fc3c9d8]
Event: 2.647 Thread 0x000001c425a04cf0 2202       3       java.lang.reflect.ProxyGenerator$ProxyMethod::codeWrapArgument (148 bytes)
Event: 2.648 Thread 0x000001c425a04cf0 nmethod 2202 0x000001c40fc3cb10 code [0x000001c40fc3cd80, 0x000001c40fc3d9d8]
Event: 2.648 Thread 0x000001c425a04cf0 2204       3       jdk.internal.org.objectweb.asm.SymbolTable::hash (12 bytes)
Event: 2.648 Thread 0x000001c425a04cf0 nmethod 2204 0x000001c40fc3dd10 code [0x000001c40fc3dec0, 0x000001c40fc3dfe8]
Event: 2.648 Thread 0x000001c425a04cf0 2206       3       java.lang.reflect.ProxyGenerator$ProxyMethod::codeClassForName (26 bytes)
Event: 2.648 Thread 0x000001c425a04cf0 nmethod 2206 0x000001c40fc3e110 code [0x000001c40fc3e2e0, 0x000001c40fc3e688]
Event: 2.649 Thread 0x000001c425a04cf0 2207       3       java.lang.reflect.ProxyGenerator$ProxyMethod::codeFieldInitialization (165 bytes)
Event: 2.650 Thread 0x000001c425a04cf0 nmethod 2207 0x000001c40fc3e810 code [0x000001c40fc3eac0, 0x000001c40fc3f7c8]
Event: 2.651 Thread 0x000001c425a04cf0 2208       3       jdk.internal.org.objectweb.asm.SymbolTable::addUninitializedType (103 bytes)
Event: 2.652 Thread 0x000001c425a04cf0 nmethod 2208 0x000001c40fc3fc10 code [0x000001c40fc3fe00, 0x000001c40fc40398]

GC Heap History (6 events):
Event: 0.828 GC heap before
{Heap before GC invocations=0 (full 0):
 garbage-first heap   total 131072K, used 12288K [0x0000000081c00000, 0x0000000100000000)
  region size 1024K, 13 young (13312K), 0 survivors (0K)
 Metaspace       used 3707K, capacity 6021K, committed 6272K, reserved 1056768K
  class space    used 415K, capacity 614K, committed 640K, reserved 1048576K
}
Event: 0.833 GC heap after
{Heap after GC invocations=1 (full 0):
 garbage-first heap   total 131072K, used 4492K [0x0000000081c00000, 0x0000000100000000)
  region size 1024K, 2 young (2048K), 2 survivors (2048K)
 Metaspace       used 3707K, capacity 6021K, committed 6272K, reserved 1056768K
  class space    used 415K, capacity 614K, committed 640K, reserved 1048576K
}
Event: 1.436 GC heap before
{Heap before GC invocations=1 (full 0):
 garbage-first heap   total 131072K, used 16780K [0x0000000081c00000, 0x0000000100000000)
  region size 1024K, 14 young (14336K), 2 survivors (2048K)
 Metaspace       used 9806K, capacity 10075K, committed 10368K, reserved 1058816K
  class space    used 1188K, capacity 1285K, committed 1408K, reserved 1048576K
}
Event: 1.441 GC heap after
{Heap after GC invocations=2 (full 0):
 garbage-first heap   total 131072K, used 6509K [0x0000000081c00000, 0x0000000100000000)
  region size 1024K, 2 young (2048K), 2 survivors (2048K)
 Metaspace       used 9806K, capacity 10075K, committed 10368K, reserved 1058816K
  class space    used 1188K, capacity 1285K, committed 1408K, reserved 1048576K
}
Event: 2.555 GC heap before
{Heap before GC invocations=2 (full 0):
 garbage-first heap   total 131072K, used 26989K [0x0000000081c00000, 0x0000000100000000)
  region size 1024K, 22 young (22528K), 2 survivors (2048K)
 Metaspace       used 17004K, capacity 17270K, committed 17536K, reserved 1064960K
  class space    used 2042K, capacity 2126K, committed 2176K, reserved 1048576K
}
Event: 2.561 GC heap after
{Heap after GC invocations=3 (full 0):
 garbage-first heap   total 131072K, used 8493K [0x0000000081c00000, 0x0000000100000000)
  region size 1024K, 2 young (2048K), 2 survivors (2048K)
 Metaspace       used 17004K, capacity 17270K, committed 17536K, reserved 1064960K
  class space    used 2042K, capacity 2126K, committed 2176K, reserved 1048576K
}

Deoptimization events (20 events):
Event: 2.414 Thread 0x000001c40587f250 Uncommon trap: trap_request=0xffffff45 fr.pc=0x000001c416de8ca4 relative=0x0000000000000384
Event: 2.414 Thread 0x000001c40587f250 Uncommon trap: reason=unstable_if action=reinterpret pc=0x000001c416de8ca4 method=java.lang.StringUTF16.compress([CII)[B @ 13 c2
Event: 2.414 Thread 0x000001c40587f250 DEOPT PACKING pc=0x000001c416de8ca4 sp=0x00000070bddfb610
Event: 2.414 Thread 0x000001c40587f250 DEOPT UNPACKING pc=0x000001c40f2be42f sp=0x00000070bddfb550 mode 2
Event: 2.414 Thread 0x000001c40587f250 Uncommon trap: trap_request=0xffffff45 fr.pc=0x000001c416de8644 relative=0x0000000000000224
Event: 2.414 Thread 0x000001c40587f250 Uncommon trap: reason=unstable_if action=reinterpret pc=0x000001c416de8644 method=java.lang.StringUTF16.compress([CII)[B @ 13 c2
Event: 2.414 Thread 0x000001c40587f250 DEOPT PACKING pc=0x000001c416de8644 sp=0x00000070bddfb5a0
Event: 2.414 Thread 0x000001c40587f250 DEOPT UNPACKING pc=0x000001c40f2be42f sp=0x00000070bddfb540 mode 2
Event: 2.416 Thread 0x000001c40587f250 Uncommon trap: trap_request=0xffffff45 fr.pc=0x000001c416d84ba0 relative=0x0000000000000320
Event: 2.416 Thread 0x000001c40587f250 Uncommon trap: reason=unstable_if action=reinterpret pc=0x000001c416d84ba0 method=java.lang.StringUTF16.compress([CI[BII)I @ 20 c2
Event: 2.416 Thread 0x000001c40587f250 DEOPT PACKING pc=0x000001c416d84ba0 sp=0x00000070bddfb3d0
Event: 2.416 Thread 0x000001c40587f250 DEOPT UNPACKING pc=0x000001c40f2be42f sp=0x00000070bddfb378 mode 2
Event: 2.421 Thread 0x000001c40587f250 Uncommon trap: trap_request=0xffffff45 fr.pc=0x000001c416d8d5e8 relative=0x0000000000000f88
Event: 2.421 Thread 0x000001c40587f250 Uncommon trap: reason=unstable_if action=reinterpret pc=0x000001c416d8d5e8 method=jdk.internal.org.objectweb.asm.SymbolTable.put(Ljdk/internal/org/objectweb/asm/SymbolTable$Entry;)Ljdk/internal/org/objectweb/asm/SymbolTable$Entry; @ 13 c2
Event: 2.421 Thread 0x000001c40587f250 DEOPT PACKING pc=0x000001c416d8d5e8 sp=0x00000070bddfb800
Event: 2.421 Thread 0x000001c40587f250 DEOPT UNPACKING pc=0x000001c40f2be42f sp=0x00000070bddfb748 mode 2
Event: 2.426 Thread 0x000001c40587f250 Uncommon trap: trap_request=0xffffff45 fr.pc=0x000001c416d86d0c relative=0x00000000000002ec
Event: 2.426 Thread 0x000001c40587f250 Uncommon trap: reason=unstable_if action=reinterpret pc=0x000001c416d86d0c method=jdk.internal.org.objectweb.asm.SymbolTable.put(Ljdk/internal/org/objectweb/asm/SymbolTable$Entry;)Ljdk/internal/org/objectweb/asm/SymbolTable$Entry; @ 13 c2
Event: 2.426 Thread 0x000001c40587f250 DEOPT PACKING pc=0x000001c416d86d0c sp=0x00000070bddfb6b0
Event: 2.426 Thread 0x000001c40587f250 DEOPT UNPACKING pc=0x000001c40f2be42f sp=0x00000070bddfb630 mode 2

Classes unloaded (0 events):
No events

Classes redefined (0 events):
No events

Internal exceptions (20 events):
Event: 1.209 Thread 0x000001c40587f250 Exception <a 'java/lang/ClassNotFoundException'{0x0000000089331e88}: org/apache/log4j/PatternLayoutCustomizer> (0x0000000089331e88) 
thrown [./open/src/hotspot/share/classfile/systemDictionary.cpp, line 295]
Event: 1.211 Thread 0x000001c40587f250 Exception <a 'java/lang/ClassNotFoundException'{0x000000008933af88}: org/apache/log4j/ConsoleAppenderBeanInfo> (0x000000008933af88) 
thrown [./open/src/hotspot/share/classfile/systemDictionary.cpp, line 295]
Event: 1.212 Thread 0x000001c40587f250 Exception <a 'java/lang/ClassNotFoundException'{0x000000008933eae0}: org/apache/log4j/WriterAppenderBeanInfo> (0x000000008933eae0) 
thrown [./open/src/hotspot/share/classfile/systemDictionary.cpp, line 295]
Event: 1.213 Thread 0x000001c40587f250 Exception <a 'java/lang/ClassNotFoundException'{0x0000000089342e38}: org/apache/log4j/AppenderSkeletonBeanInfo> (0x0000000089342e38) 
thrown [./open/src/hotspot/share/classfile/systemDictionary.cpp, line 295]
Event: 1.214 Thread 0x000001c40587f250 Exception <a 'java/lang/ClassNotFoundException'{0x0000000089346c88}: org/apache/log4j/AppenderSkeletonCustomizer> (0x0000000089346c88) 
thrown [./open/src/hotspot/share/classfile/systemDictionary.cpp, line 295]
Event: 1.216 Thread 0x000001c40587f250 Exception <a 'java/lang/ClassNotFoundException'{0x0000000089357eb8}: org/apache/log4j/WriterAppenderCustomizer> (0x0000000089357eb8) 
thrown [./open/src/hotspot/share/classfile/systemDictionary.cpp, line 295]
Event: 1.219 Thread 0x000001c40587f250 Exception <a 'java/lang/ClassNotFoundException'{0x0000000089365ad0}: org/apache/log4j/ConsoleAppenderCustomizer> (0x0000000089365ad0) 
thrown [./open/src/hotspot/share/classfile/systemDictionary.cpp, line 295]
Event: 1.223 Thread 0x000001c40587f250 Implicit null exception at 0x000001c416d745f4 to 0x000001c416d74ba0
Event: 1.354 Thread 0x000001c40587f250 Exception <a 'java/lang/NoSuchMethodError'{0x000000008916ad90}: 'void java.lang.invoke.DirectMethodHandle$Holder.invokeStatic(java.lang.Object, java.lang.Object, java.lang.Object, java.lang.Object, java.lang.Object, java.lang.Object)'> (0x000000008916ad90) 
thrown [./open/src/hotspot/share/interpreter/linkResolver.cpp, line 782]
Event: 1.356 Thread 0x000001c40587f250 Exception <a 'java/lang/IncompatibleClassChangeError'{0x000000008917dfa8}: Found class java.lang.Object, but interface was expected> (0x000000008917dfa8) 
thrown [./open/src/hotspot/share/interpreter/linkResolver.cpp, line 848]
Event: 1.481 Thread 0x000001c40587f250 Exception <a 'java/lang/NoClassDefFoundError'{0x0000000089a5a2d8}: oracle/security/pki/OraclePKIProvider> (0x0000000089a5a2d8) 
thrown [./open/src/hotspot/share/classfile/systemDictionary.cpp, line 284]
Event: 1.857 Thread 0x000001c40587f250 Exception <a 'java/lang/NoSuchMethodError'{0x00000000891796e0}: 'java.lang.Object java.lang.invoke.DirectMethodHandle$Holder.invokeStatic(java.lang.Object, int, java.lang.Object)'> (0x00000000891796e0) 
thrown [./open/src/hotspot/share/interpreter/linkResolver.cpp, line 782]
Event: 1.858 Thread 0x000001c40587f250 Exception <a 'java/lang/NoSuchMethodError'{0x0000000089180b00}: 'java.lang.Object java.lang.invoke.DirectMethodHandle$Holder.newInvokeSpecial(java.lang.Object, int, java.lang.Object)'> (0x0000000089180b00) 
thrown [./open/src/hotspot/share/interpreter/linkResolver.cpp, line 782]
Event: 1.859 Thread 0x000001c40587f250 Exception <a 'sun/nio/fs/WindowsException'{0x0000000089185528}> (0x0000000089185528) 
thrown [./open/src/hotspot/share/prims/jni.cpp, line 578]
Event: 1.860 Thread 0x000001c40587f250 Exception <a 'sun/nio/fs/WindowsException'{0x00000000891864e0}> (0x00000000891864e0) 
thrown [./open/src/hotspot/share/prims/jni.cpp, line 578]
Event: 1.861 Thread 0x000001c40587f250 Exception <a 'sun/nio/fs/WindowsException'{0x00000000891869a8}> (0x00000000891869a8) 
thrown [./open/src/hotspot/share/prims/jni.cpp, line 578]
Event: 2.057 Thread 0x000001c40587f250 Exception <a 'java/lang/NoSuchMethodError'{0x0000000088d69c68}: 'void java.lang.invoke.DirectMethodHandle$Holder.invokeStaticInit(java.lang.Object, java.lang.Object)'> (0x0000000088d69c68) 
thrown [./open/src/hotspot/share/interpreter/linkResolver.cpp, line 782]
Event: 2.074 Thread 0x000001c40587f250 Exception <a 'java/lang/NoSuchMethodError'{0x0000000088d96fb8}: 'java.lang.Object java.lang.invoke.DirectMethodHandle$Holder.invokeStaticInit(java.lang.Object, int, int, int, int)'> (0x0000000088d96fb8) 
thrown [./open/src/hotspot/share/interpreter/linkResolver.cpp, line 782]
Event: 2.167 Thread 0x000001c40587f250 Exception <a 'java/lang/NoSuchMethodError'{0x0000000088dda8c0}: 'java.lang.Object java.lang.invoke.DirectMethodHandle$Holder.invokeStaticInit(java.lang.Object, java.lang.Object, int, int, int, int)'> (0x0000000088dda8c0) 
thrown [./open/src/hotspot/share/interpreter/linkResolver.cpp, line 782]
Event: 2.239 Thread 0x000001c40587f250 Exception <a 'sun/nio/fs/WindowsException'{0x0000000088b8e678}> (0x0000000088b8e678) 
thrown [./open/src/hotspot/share/prims/jni.cpp, line 578]

Events (20 events):
Event: 2.599 loading class java/io/ObjectInputStream$HandleTable
Event: 2.599 loading class java/io/ObjectInputStream$HandleTable done
Event: 2.599 loading class java/io/ObjectInputStream$HandleTable$HandleList
Event: 2.599 loading class java/io/ObjectInputStream$HandleTable$HandleList done
Event: 2.599 loading class java/io/ObjectInputStream$ValidationList
Event: 2.599 loading class java/io/ObjectInputStream$ValidationList done
Event: 2.599 loading class java/io/ObjectInputFilter$Config
Event: 2.599 loading class java/io/ObjectInputFilter$Config done
Event: 2.599 loading class java/io/ObjectInputFilter
Event: 2.599 loading class java/io/ObjectInputFilter done
Event: 2.600 loading class jdk/internal/access/JavaObjectInputFilterAccess
Event: 2.600 loading class jdk/internal/access/JavaObjectInputFilterAccess done
Event: 2.600 loading class java/io/Bits
Event: 2.600 loading class java/io/Bits done
Event: 2.604 loading class java/io/ObjectStreamClass$ClassDataSlot
Event: 2.605 loading class java/io/ObjectStreamClass$ClassDataSlot done
Event: 2.605 loading class java/io/ObjectInputStream$FieldValues
Event: 2.605 loading class java/io/ObjectInputStream$FieldValues done
Event: 2.605 loading class java/io/ObjectStreamClass$ExceptionInfo
Event: 2.605 loading class java/io/ObjectStreamClass$ExceptionInfo done


Dynamic libraries:
0x00007ff6ed6d0000 - 0x00007ff6ed6df000 	C:\Program Files\Java\jdk-15.0.1\bin\java.exe
0x00007ffeacad0000 - 0x00007ffeaccc8000 	C:\WINDOWS\SYSTEM32\ntdll.dll
0x00007ffeabd10000 - 0x00007ffeabdcd000 	C:\WINDOWS\System32\KERNEL32.DLL
0x00007ffeaa2a0000 - 0x00007ffeaa56e000 	C:\WINDOWS\System32\KERNELBASE.dll
0x00007ffeaa680000 - 0x00007ffeaa780000 	C:\WINDOWS\System32\ucrtbase.dll
0x00007ffea5c40000 - 0x00007ffea5c59000 	C:\Program Files\Java\jdk-15.0.1\bin\VCRUNTIME140.dll
0x00007ffea5c20000 - 0x00007ffea5c38000 	C:\Program Files\Java\jdk-15.0.1\bin\jli.dll
0x00007ffeab7f0000 - 0x00007ffeab89e000 	C:\WINDOWS\System32\ADVAPI32.dll
0x00007ffeac1b0000 - 0x00007ffeac24e000 	C:\WINDOWS\System32\msvcrt.dll
0x00007ffeab910000 - 0x00007ffeab9ac000 	C:\WINDOWS\System32\sechost.dll
0x00007ffeaaea0000 - 0x00007ffeaafc5000 	C:\WINDOWS\System32\RPCRT4.dll
0x00007ffeaab30000 - 0x00007ffeaacd0000 	C:\WINDOWS\System32\USER32.dll
0x00007ffe97380000 - 0x00007ffe9761a000 	C:\WINDOWS\WinSxS\amd64_microsoft.windows.common-controls_6595b64144ccf1df_6.0.19041.1110_none_60b5254171f9507e\COMCTL32.dll
0x00007ffeabfd0000 - 0x00007ffeabffa000 	C:\WINDOWS\System32\GDI32.dll
0x00007ffeaa8a0000 - 0x00007ffeaa8c2000 	C:\WINDOWS\System32\win32u.dll
0x00007ffeaa570000 - 0x00007ffeaa67b000 	C:\WINDOWS\System32\gdi32full.dll
0x00007ffeaa7b0000 - 0x00007ffeaa84d000 	C:\WINDOWS\System32\msvcp_win.dll
0x00007ffea0170000 - 0x00007ffea017a000 	C:\WINDOWS\SYSTEM32\VERSION.dll
0x00007ffeab680000 - 0x00007ffeab6b0000 	C:\WINDOWS\System32\IMM32.DLL
0x00007ffea60d0000 - 0x00007ffea60dc000 	C:\Program Files\Java\jdk-15.0.1\bin\vcruntime140_1.dll
0x00007ffe981d0000 - 0x00007ffe98261000 	C:\Program Files\Java\jdk-15.0.1\bin\msvcp140.dll
0x00007ffe63cc0000 - 0x00007ffe6481e000 	C:\Program Files\Java\jdk-15.0.1\bin\server\jvm.dll
0x00007ffeaaff0000 - 0x00007ffeaaff8000 	C:\WINDOWS\System32\PSAPI.DLL
0x00007ffe885b0000 - 0x00007ffe885b9000 	C:\WINDOWS\SYSTEM32\WSOCK32.dll
0x00007ffe97d40000 - 0x00007ffe97d67000 	C:\WINDOWS\SYSTEM32\WINMM.dll
0x00007ffeab8a0000 - 0x00007ffeab90b000 	C:\WINDOWS\System32\WS2_32.dll
0x00007ffea80b0000 - 0x00007ffea80c2000 	C:\WINDOWS\SYSTEM32\kernel.appcore.dll
0x00007ffea5c10000 - 0x00007ffea5c1a000 	C:\Program Files\Java\jdk-15.0.1\bin\jimage.dll
0x00007ffe947d0000 - 0x00007ffe949b4000 	C:\WINDOWS\SYSTEM32\DBGHELP.DLL
0x00007ffe947a0000 - 0x00007ffe947cc000 	C:\WINDOWS\SYSTEM32\dbgcore.DLL
0x00007ffeaaa30000 - 0x00007ffeaaab2000 	C:\WINDOWS\System32\bcryptPrimitives.dll
0x00007ffea4380000 - 0x00007ffea438e000 	C:\Program Files\Java\jdk-15.0.1\bin\instrument.dll
0x00007ffea3580000 - 0x00007ffea35a5000 	C:\Program Files\Java\jdk-15.0.1\bin\java.dll
0x00007ffeac340000 - 0x00007ffeaca84000 	C:\WINDOWS\System32\SHELL32.dll
0x00007ffea82b0000 - 0x00007ffea8a44000 	C:\WINDOWS\SYSTEM32\windows.storage.dll
0x00007ffeab9b0000 - 0x00007ffeabd04000 	C:\WINDOWS\System32\combase.dll
0x00007ffea9c50000 - 0x00007ffea9c80000 	C:\WINDOWS\SYSTEM32\Wldp.dll
0x00007ffeaadf0000 - 0x00007ffeaae9d000 	C:\WINDOWS\System32\SHCORE.dll
0x00007ffeab6b0000 - 0x00007ffeab705000 	C:\WINDOWS\System32\shlwapi.dll
0x00007ffeaa130000 - 0x00007ffeaa14f000 	C:\WINDOWS\SYSTEM32\profapi.dll
0x00007ffe9f070000 - 0x00007ffe9f088000 	C:\Program Files\Java\jdk-15.0.1\bin\zip.dll
0x00007ffea1e30000 - 0x00007ffea1e49000 	C:\Program Files\Java\jdk-15.0.1\bin\net.dll
0x00007ffea0de0000 - 0x00007ffea0eea000 	C:\WINDOWS\SYSTEM32\WINHTTP.dll
0x00007ffea9990000 - 0x00007ffea99fa000 	C:\WINDOWS\system32\mswsock.dll
0x00007ffe9f090000 - 0x00007ffe9f0a2000 	C:\Program Files\Java\jdk-15.0.1\bin\nio.dll
0x00007ffe93420000 - 0x00007ffe9343a000 	C:\Users\qkdlf\ideaIU-2022.1.3.win\bin\breakgen64.dll
0x00007ffea4300000 - 0x00007ffea4310000 	C:\Program Files\Java\jdk-15.0.1\bin\verify.dll
0x00007ffea3570000 - 0x00007ffea3579000 	C:\Program Files\Java\jdk-15.0.1\bin\management.dll
0x00007ffea2210000 - 0x00007ffea221b000 	C:\Program Files\Java\jdk-15.0.1\bin\management_ext.dll
0x00007ffea9660000 - 0x00007ffea972b000 	C:\WINDOWS\SYSTEM32\DNSAPI.dll
0x00007ffea9620000 - 0x00007ffea965b000 	C:\WINDOWS\SYSTEM32\IPHLPAPI.DLL
0x00007ffeabfc0000 - 0x00007ffeabfc8000 	C:\WINDOWS\System32\NSI.dll
0x00007ffe991d0000 - 0x00007ffe991da000 	C:\Windows\System32\rasadhlp.dll
0x00007ffe99230000 - 0x00007ffe992b0000 	C:\WINDOWS\System32\fwpuclnt.dll
0x00007ffeaa780000 - 0x00007ffeaa7a7000 	C:\WINDOWS\System32\bcrypt.dll
0x00007ffea9ba0000 - 0x00007ffea9bb8000 	C:\WINDOWS\SYSTEM32\CRYPTSP.dll
0x00007ffea9280000 - 0x00007ffea92b4000 	C:\WINDOWS\system32\rsaenh.dll
0x00007ffeaa0b0000 - 0x00007ffeaa0de000 	C:\WINDOWS\SYSTEM32\USERENV.dll
0x00007ffea9bc0000 - 0x00007ffea9bcc000 	C:\WINDOWS\SYSTEM32\CRYPTBASE.dll
0x00007ffe9f580000 - 0x00007ffe9f597000 	C:\WINDOWS\SYSTEM32\dhcpcsvc6.DLL
0x00007ffea0260000 - 0x00007ffea027d000 	C:\WINDOWS\SYSTEM32\dhcpcsvc.DLL
0x00007ffe96e40000 - 0x00007ffe96e57000 	C:\WINDOWS\system32\napinsp.dll
0x00007ffe96e20000 - 0x00007ffe96e3b000 	C:\WINDOWS\system32\pnrpnsp.dll
0x00007ffea50f0000 - 0x00007ffea5105000 	C:\WINDOWS\system32\wshbth.dll
0x00007ffea5b60000 - 0x00007ffea5b7d000 	C:\WINDOWS\system32\NLAapi.dll
0x00007ffe96e00000 - 0x00007ffe96e12000 	C:\WINDOWS\System32\winrnr.dll

dbghelp: loaded successfully - version: 4.0.5 - missing functions: none
symbol engine: initialized successfully - sym options: 0x614 - pdb path: .;C:\Program Files\Java\jdk-15.0.1\bin;C:\WINDOWS\SYSTEM32;C:\WINDOWS\WinSxS\amd64_microsoft.windows.common-controls_6595b64144ccf1df_6.0.19041.1110_none_60b5254171f9507e;C:\Program Files\Java\jdk-15.0.1\bin\server;C:\Users\qkdlf\ideaIU-2022.1.3.win\bin

VM Arguments:
jvm_args: -ea -Didea.test.cyclic.buffer.size=1048576 -javaagent:C:\Users\qkdlf\ideaIU-2022.1.3.win\lib\idea_rt.jar=51241:C:\Users\qkdlf\ideaIU-2022.1.3.win\bin -Dfile.encoding=UTF-8 
java_command: com.intellij.rt.junit.JUnitStarter -ideVersion5 -junit5 test.java.kr.com.yh.service.MovieServiceTest,findAllTest
java_class_path (initial): C:\Users\qkdlf\.m2\repository\org\junit\platform\junit-platform-launcher\1.8.1\junit-platform-launcher-1.8.1.jar;C:\Users\qkdlf\ideaIU-2022.1.3.win\lib\idea_rt.jar;C:\Users\qkdlf\ideaIU-2022.1.3.win\plugins\junit\lib\junit5-rt.jar;C:\Users\qkdlf\ideaIU-2022.1.3.win\plugins\junit\lib\junit-rt.jar;C:\Users\qkdlf\Project\movieWebProject\movie\build\classes;C:\Users\qkdlf\ideaIU-2022.1.3.win\lib\junit.jar;C:\Users\qkdlf\Project\movieWebProject\movie\src\main\webapp\WEB-INF\lib\commons-beanutils-1.8.3.jar;C:\Users\qkdlf\Project\movieWebProject\movie\src\main\webapp\WEB-INF\lib\commons-logging-1.1.1.jar;C:\Users\qkdlf\Project\movieWebProject\movie\src\main\webapp\WEB-INF\lib\gson-2.9.0.jar;C:\Users\qkdlf\Project\movieWebProject\movie\src\main\webapp\WEB-INF\lib\ibatis-2.3.4.726.jar;C:\Users\qkdlf\Project\movieWebProject\movie\src\main\webapp\WEB-INF\lib\javaSDK-2.2.jar;C:\Users\qkdlf\Project\movieWebProject\movie\src\main\webapp\WEB-INF\lib\javaSDK-2.2-sources.jar;C:\Users\qkdlf\Project\movieWebProject\movie\src\main\webapp\WEB-INF\lib\json-simple-1.1.1.jar;C:\Users\qkdlf\Project\movieWebProject\movie\src\main\webapp\WEB-INF\lib\jstl-1.2.jar;C:\Users\qkdlf\Project\movieWebProject\movie\src\main\webapp\WEB-INF\lib\log4j-1.2.17.jar;C:\Users\qkdlf\Project\movieWebProject\movie\src\main\webapp\WEB-INF\lib\mockito-core-4.5.1.jar;C:\Users\qkdlf\Project\movieWebProject\movie\src\main\webapp\WEB-INF\lib\ojdbc8.jar;C:\Users\qkdlf\Project\movieWebProject\movie\src\main\webapp\WEB-INF\lib\spring-mock-mvc\aopalliance-1.0.jar;C:\Users\qkdlf\Project\movieWebProject\movie\src\main\webapp\WEB-INF\lib\spring-mock-mvc\commons-codec-1.9.jar;C:\Users\qkdlf\Project\movieWebProject\movie\src\main\webapp\WEB-INF\lib\spring-mock-mvc\commons-lang3-3.4.jar;C:\Users\qkdlf\Project\movieWebProject\movie\src\main\webapp\WEB-INF\lib\spring-mock-mvc\commons-logging-1.2.jar;C:\Users\qkdlf\Project\movieWebProject\movie\src\main\webapp\WEB-INF\lib\spring-mock-mvc\groovy-2.4.9.j
Launcher Type: SUN_STANDARD

[Global flags]
     intx CICompilerCount                          = 3                                         {product} {ergonomic}
     uint ConcGCThreads                            = 1                                         {product} {ergonomic}
     uint G1ConcRefinementThreads                  = 4                                         {product} {ergonomic}
   size_t G1HeapRegionSize                         = 1048576                                   {product} {ergonomic}
    uintx GCDrainStackTargetSize                   = 64                                        {product} {ergonomic}
   size_t InitialHeapSize                          = 134217728                                 {product} {ergonomic}
   size_t MarkStackSize                            = 4194304                                   {product} {ergonomic}
   size_t MaxHeapSize                              = 2118123520                                {product} {ergonomic}
   size_t MaxNewSize                               = 1270874112                                {product} {ergonomic}
   size_t MinHeapDeltaBytes                        = 1048576                                   {product} {ergonomic}
   size_t MinHeapSize                              = 8388608                                   {product} {ergonomic}
    uintx NonNMethodCodeHeapSize                   = 5832780                                {pd product} {ergonomic}
    uintx NonProfiledCodeHeapSize                  = 122912730                              {pd product} {ergonomic}
    uintx ProfiledCodeHeapSize                     = 122912730                              {pd product} {ergonomic}
    uintx ReservedCodeCacheSize                    = 251658240                              {pd product} {ergonomic}
     bool SegmentedCodeCache                       = true                                      {product} {ergonomic}
   size_t SoftMaxHeapSize                          = 2118123520                             {manageable} {ergonomic}
     bool UseCompressedClassPointers               = true                                 {lp64_product} {ergonomic}
     bool UseCompressedOops                        = true                                 {lp64_product} {ergonomic}
     bool UseG1GC                                  = true                                      {product} {ergonomic}
     bool UseLargePagesIndividualAllocation        = false                                  {pd product} {ergonomic}

Logging:
Log output configuration:
 #0: stdout all=warning uptime,level,tags
 #1: stderr all=off uptime,level,tags

Environment Variables:
JAVA_HOME=C:\Program Files\Java\jdk-15.0.1
PATH=D:\oracleDatabase\WINDOWS.X64_193000_db_home\bin;C:\xampp\mysql\bin;C:\Program Files (x86)\Windows Resource Kits\Tools\;C:\Users\qkdlf\OneDrive\πŸ≈¡ »≠∏È\tool\spring5\gradle-7.1\bin;C:\Users\qkdlf\OneDrive\πŸ≈¡ »≠∏È\tool\spring5\apache-maven-3.8.1\bin;C:\Program Files\Java\jdk-15.0.1\bin;C:\Program Files\Common Files\Oracle\Java\javapath;C:\Program Files (x86)\Common Files\Oracle\Java\javapath;D:\OracleDatabase\bin;C:\Program Files (x86)\NAT Service;C:\Program Files (x86)\Intel\iCLS Client\;C:\Program Files\Intel\iCLS Client\;C:\windows\system32;C:\windows;C:\windows\System32\Wbem;C:\windows\System32\WindowsPowerShell\v1.0\;C:\Program Files (x86)\NVIDIA Corporation\PhysX\Common;C:\Program Files (x86)\Intel\Intel(R) Management Engine Components\DAL;C:\Program Files\Intel\Intel(R) Management Engine Components\DAL;C:\Program Files (x86)\Intel\Intel(R) Management Engine Components\IPT;C:\Program Files\Intel\Intel(R) Management Engine Components\IPT;C:\Program Files\dotnet\;C:\Program Files\Microsoft SQL Server\130\Tools\Binn\;C:\WINDOWS\system32;C:\WINDOWS;C:\WINDOWS\System32\Wbem;C:\WINDOWS\System32\WindowsPowerShell\v1.0\;C:\WINDOWS\System32\OpenSSH\;C:\Program Files (x86)\PuTTY\;C:\Program Files\nodejs\;C:\Program Files\MySQL\MySQL Server 8.0\bin;C:\Program Files\TortoiseSVN\bin;C:\Program Files\Git\cmd;C:\Program Files\MySQL\MySQL Shell 8.0\bin\;D:\Ruby27-x64\bin;C:\Users\qkdlf\AppData\Local\Programs\Python\Python38-32\Scripts\;C:\Users\qkdlf\AppData\Local\Programs\Python\Python38-32\;C:\Users\qkdlf\AppData\Local\Microsoft\WindowsApps;C:\Users\qkdlf\AppData\Local\Programs\Microsoft VS Code\bin;C:\Users\qkdlf\AppData\Local\GitHubDesktop\bin;C:\Program Files\Wireshark;C:\Program Files\Bandizip\;D:\MiKTex\miktex\bin\x64\;C:\Users\qkdlf\AppData\Local\Microsoft\WindowsApps;C:\Users\qkdlf\AppData\Roaming\npm
USERNAME=qkdlf
OS=Windows_NT
PROCESSOR_IDENTIFIER=Intel64 Family 6 Model 142 Stepping 9, GenuineIntel



---------------  S Y S T E M  ---------------

OS:
 Windows 10 , 64 bit Build 19041 (10.0.19041.1806)
OS uptime: 5 days 23:06 hours
HyperV virtualization detected

CPU: total 4 (initial active 4) (2 cores per cpu, 2 threads per core) family 6 model 142 stepping 9 microcode 0xb4, cmov, cx8, fxsr, mmx, sse, sse2, sse3, ssse3, sse4.1, sse4.2, popcnt, vzeroupper, avx, avx2, aes, clmul, erms, 3dnowpref, lzcnt, ht, tsc, tscinvbit, bmi1, bmi2, adx, fma, clflush, clflushopt

Memory: 4k page, system-wide physical 8072M (916M free)
TotalPageFile size 32648M (AvailPageFile size 96M)
current process WorkingSet (physical memory assigned to process): 115M, peak: 134M
current process commit charge ("private bytes"): 175M, peak: 269M

vm_info: Java HotSpot(TM) 64-Bit Server VM (15.0.1+9-18) for windows-amd64 JRE (15.0.1+9-18), built on Sep 15 2020 14:43:54 by "mach5one" with unknown MS VC++:1925

END.
