#
# There is insufficient memory for the Java Runtime Environment to continue.
# Native memory allocation (malloc) failed to allocate 1025056 bytes for Chunk::new
# Possible reasons:
#   The system is out of physical RAM or swap space
#   The process is running with CompressedOops enabled, and the Java Heap may be blocking the growth of the native heap
# Possible solutions:
#   Reduce memory load on the system
#   Increase physical memory or swap space
#   Check if swap backing store is full
#   Decrease Java heap size (-Xmx/-Xms)
#   Decrease number of Java threads
#   Decrease Java thread stack sizes (-Xss)
#   Set larger code cache with -XX:ReservedCodeCacheSize=
#   JVM is running with Unscaled Compressed Oops mode in which the Java heap is
#     placed in the first 4GB address space. The Java Heap base address is the
#     maximum limit for the native heap growth. Please use -XX:HeapBaseMinAddress
#     to set the Java Heap base and to place the Java Heap above 4GB virtual address.
# This output file may be truncated or incomplete.
#
#  Out of Memory Error (./open/src/hotspot/share/memory/arena.cpp:195), pid=21876, tid=15060
#
# JRE version: Java(TM) SE Runtime Environment (15.0.1+9) (build 15.0.1+9-18)
# Java VM: Java HotSpot(TM) 64-Bit Server VM (15.0.1+9-18, mixed mode, sharing, tiered, compressed oops, g1 gc, windows-amd64)
# No core dump will be written. Minidumps are not enabled by default on client versions of Windows
#

---------------  S U M M A R Y ------------

Command Line: -ea -Didea.test.cyclic.buffer.size=1048576 -javaagent:C:\Users\qkdlf\ideaIU-2022.1.3.win\lib\idea_rt.jar=51249:C:\Users\qkdlf\ideaIU-2022.1.3.win\bin -Dfile.encoding=UTF-8 com.intellij.rt.junit.JUnitStarter -ideVersion5 -junit5 test.java.kr.com.yh.service.MovieServiceTest,findAllTest

Host: Intel(R) Core(TM) i5-7200U CPU @ 2.50GHz, 4 cores, 7G,  Windows 10 , 64 bit Build 19041 (10.0.19041.1806)
Time: Tue Aug  9 12:47:50 2022 대한민국 표준시 elapsed time: 2.256477 seconds (0d 0h 0m 2s)

---------------  T H R E A D  ---------------

Current thread (0x000001acb123b3f0):  JavaThread "C2 CompilerThread1" daemon [_thread_in_native, id=15060, stack(0x0000003756900000,0x0000003756a00000)]


Current CompileTask:
C2:   2256 2078 % !   4       com.sun.crypto.provider.PBKDF2KeyImpl::deriveKey @ 191 (295 bytes)

Stack: [0x0000003756900000,0x0000003756a00000]
Native frames: (J=compiled Java code, j=interpreted, Vv=VM code, C=native code)
V  [jvm.dll+0x62ae9a]
V  [jvm.dll+0x781389]
V  [jvm.dll+0x782ae3]
V  [jvm.dll+0x783143]
V  [jvm.dll+0x216265]
V  [jvm.dll+0x97efa]
V  [jvm.dll+0x985dc]
V  [jvm.dll+0x27a1bf]
V  [jvm.dll+0x5408d4]
V  [jvm.dll+0x1f3064]
V  [jvm.dll+0x1eca31]
V  [jvm.dll+0x1e97a7]
V  [jvm.dll+0x1784c7]
V  [jvm.dll+0x1f9165]
V  [jvm.dll+0x1f720c]
V  [jvm.dll+0x74485d]
V  [jvm.dll+0x73d65a]
V  [jvm.dll+0x629c56]
C  [ucrtbase.dll+0x21bb2]
C  [KERNEL32.DLL+0x17034]
C  [ntdll.dll+0x52651]


---------------  P R O C E S S  ---------------

Threads class SMR info:
_java_thread_list=0x000001acb1edf8f0, length=16, elements={
0x000001ac92560510, 0x000001acb077e200, 0x000001acb0780de0, 0x000001acb079d9c0,
0x000001acb07a17a0, 0x000001acb07a2250, 0x000001acb07a3030, 0x000001acb07a8f70,
0x000001acb07ab970, 0x000001acb075d460, 0x000001acb119c200, 0x000001acb11a2af0,
0x000001acb123b3f0, 0x000001acb1ee1040, 0x000001acb1e47460, 0x000001acb1df5f80
}

Java Threads: ( => current thread )
  0x000001ac92560510 JavaThread "main" [_thread_in_vm, id=9636, stack(0x0000003755600000,0x0000003755700000)]
  0x000001acb077e200 JavaThread "Reference Handler" daemon [_thread_blocked, id=10508, stack(0x0000003755d00000,0x0000003755e00000)]
  0x000001acb0780de0 JavaThread "Finalizer" daemon [_thread_blocked, id=9300, stack(0x0000003755e00000,0x0000003755f00000)]
  0x000001acb079d9c0 JavaThread "Signal Dispatcher" daemon [_thread_blocked, id=14596, stack(0x0000003755f00000,0x0000003756000000)]
  0x000001acb07a17a0 JavaThread "Attach Listener" daemon [_thread_blocked, id=8016, stack(0x0000003756000000,0x0000003756100000)]
  0x000001acb07a2250 JavaThread "Service Thread" daemon [_thread_blocked, id=19836, stack(0x0000003756100000,0x0000003756200000)]
  0x000001acb07a3030 JavaThread "C2 CompilerThread0" daemon [_thread_in_native, id=14340, stack(0x0000003756200000,0x0000003756300000)]
  0x000001acb07a8f70 JavaThread "C1 CompilerThread0" daemon [_thread_in_vm, id=21224, stack(0x0000003756300000,0x0000003756400000)]
  0x000001acb07ab970 JavaThread "Sweeper thread" daemon [_thread_blocked, id=10360, stack(0x0000003756400000,0x0000003756500000)]
  0x000001acb075d460 JavaThread "Common-Cleaner" daemon [_thread_blocked, id=18212, stack(0x0000003756500000,0x0000003756600000)]
  0x000001acb119c200 JavaThread "Monitor Ctrl-Break" daemon [_thread_in_native, id=13728, stack(0x0000003756600000,0x0000003756700000)]
  0x000001acb11a2af0 JavaThread "Notification Thread" daemon [_thread_blocked, id=11464, stack(0x0000003756700000,0x0000003756800000)]
=>0x000001acb123b3f0 JavaThread "C2 CompilerThread1" daemon [_thread_in_native, id=15060, stack(0x0000003756900000,0x0000003756a00000)]
  0x000001acb1ee1040 JavaThread "Timer-0" daemon [_thread_blocked, id=11580, stack(0x0000003756c00000,0x0000003756d00000)]
  0x000001acb1e47460 JavaThread "oracle.jdbc.driver.BlockSource.ThreadedCachingBlockSource.BlockReleaser" daemon [_thread_blocked, id=1148, stack(0x0000003756d00000,0x0000003756e00000)]
  0x000001acb1df5f80 JavaThread "InterruptTimer" daemon [_thread_blocked, id=18332, stack(0x0000003756e00000,0x0000003756f00000)]

Other Threads:
  0x000001acb0778960 VMThread "VM Thread" [stack: 0x0000003755c00000,0x0000003755d00000] [id=10500]
  0x000001acb11a5500 WatcherThread [stack: 0x0000003756800000,0x0000003756900000] [id=2388]
  0x000001ac9259f370 GCTaskThread "GC Thread#0" [stack: 0x0000003755700000,0x0000003755800000] [id=8664]
  0x000001acb13ecc80 GCTaskThread "GC Thread#1" [stack: 0x0000003756a00000,0x0000003756b00000] [id=6720]
  0x000001acb13ebc90 GCTaskThread "GC Thread#2" [stack: 0x0000003756b00000,0x0000003756c00000] [id=7224]
  0x000001ac925b0140 ConcurrentGCThread "G1 Main Marker" [stack: 0x0000003755800000,0x0000003755900000] [id=7652]
  0x000001ac925b14d0 ConcurrentGCThread "G1 Conc#0" [stack: 0x0000003755900000,0x0000003755a00000] [id=2924]
  0x000001ac926292c0 ConcurrentGCThread "G1 Refine#0" [stack: 0x0000003755a00000,0x0000003755b00000] [id=20508]
  0x000001ac92629ec0 ConcurrentGCThread "G1 Young RemSet Sampling" [stack: 0x0000003755b00000,0x0000003755c00000] [id=9896]

Threads with active compile tasks:
C2 CompilerThread0     2292 2156       4       java.io.Bits::getInt (43 bytes)
C2 CompilerThread1     2292 2078 % !   4       com.sun.crypto.provider.PBKDF2KeyImpl::deriveKey @ 191 (295 bytes)

VM state: not at safepoint (normal execution)

VM Mutex/Monitor currently owned by a thread:  ([mutex/lock_event])
[0x000001ac9255b3a0] AdapterHandlerLibrary_lock - owner thread: 0x000001ac92560510

Heap address: 0x0000000081c00000, size: 2020 MB, Compressed Oops mode: 32-bit
CDS archive(s) mapped at: [0x0000000800000000-0x0000000800b50000-0x0000000800b50000), size 11862016, SharedBaseAddress: 0x0000000800000000, ArchiveRelocationMode: 0.
Compressed class space mapped at: 0x0000000800b50000-0x0000000840b50000, size: 1073741824
Narrow klass base: 0x0000000800000000, Narrow klass shift: 3, Narrow klass range: 0x100000000

GC Precious Log:
 CPUs: 4 total, 4 available
 Memory: 8072M
 Large Page Support: Disabled
 NUMA Support: Disabled
 Compressed Oops: Enabled (32-bit)
 Heap Region Size: 1M
 Heap Min Capacity: 8M
 Heap Initial Capacity: 128M
 Heap Max Capacity: 2020M
 Pre-touch: Disabled
 Parallel Workers: 4
 Concurrent Workers: 1
 Concurrent Refinement Workers: 4
 Periodic GC: Disabled

Heap:
 garbage-first heap   total 131072K, used 10427K [0x0000000081c00000, 0x0000000100000000)
  region size 1024K, 5 young (5120K), 2 survivors (2048K)
 Metaspace       used 17740K, capacity 18030K, committed 18176K, reserved 1064960K
  class space    used 2158K, capacity 2225K, committed 2304K, reserved 1048576K

Heap Regions: E=young(eden), S=young(survivor), O=old, HS=humongous(starts), HC=humongous(continues), CS=collection set, F=free, OA=open archive, CA=closed archive, TAMS=top-at-mark-start (previous, next)
|   0|0x0000000081c00000, 0x0000000081d00000, 0x0000000081d00000|100%| O|  |TAMS 0x0000000081c00000, 0x0000000081c00000| Untracked 
|   1|0x0000000081d00000, 0x0000000081e00000, 0x0000000081e00000|100%| O|  |TAMS 0x0000000081d00000, 0x0000000081d00000| Untracked 
|   2|0x0000000081e00000, 0x0000000081f00000, 0x0000000081f00000|100%| O|  |TAMS 0x0000000081e00000, 0x0000000081e00000| Untracked 
|   3|0x0000000081f00000, 0x0000000082000000, 0x0000000082000000|100%| O|  |TAMS 0x0000000081f00000, 0x0000000081f00000| Untracked 
|   4|0x0000000082000000, 0x0000000082100000, 0x0000000082100000|100%| O|  |TAMS 0x0000000082000000, 0x0000000082000000| Untracked 
|   5|0x0000000082100000, 0x0000000082200000, 0x0000000082200000|100%| O|  |TAMS 0x0000000082100000, 0x0000000082100000| Untracked 
|   6|0x0000000082200000, 0x000000008222ec00, 0x0000000082300000| 18%| O|  |TAMS 0x0000000082200000, 0x0000000082200000| Untracked 
|   7|0x0000000082300000, 0x0000000082300000, 0x0000000082400000|  0%| F|  |TAMS 0x0000000082300000, 0x0000000082300000| Untracked 
|   8|0x0000000082400000, 0x0000000082400000, 0x0000000082500000|  0%| F|  |TAMS 0x0000000082400000, 0x0000000082400000| Untracked 
|   9|0x0000000082500000, 0x0000000082500000, 0x0000000082600000|  0%| F|  |TAMS 0x0000000082500000, 0x0000000082500000| Untracked 
|  10|0x0000000082600000, 0x0000000082600000, 0x0000000082700000|  0%| F|  |TAMS 0x0000000082600000, 0x0000000082600000| Untracked 
|  11|0x0000000082700000, 0x0000000082700000, 0x0000000082800000|  0%| F|  |TAMS 0x0000000082700000, 0x0000000082700000| Untracked 
|  12|0x0000000082800000, 0x0000000082800000, 0x0000000082900000|  0%| F|  |TAMS 0x0000000082800000, 0x0000000082800000| Untracked 
|  13|0x0000000082900000, 0x0000000082900000, 0x0000000082a00000|  0%| F|  |TAMS 0x0000000082900000, 0x0000000082900000| Untracked 
|  14|0x0000000082a00000, 0x0000000082a00000, 0x0000000082b00000|  0%| F|  |TAMS 0x0000000082a00000, 0x0000000082a00000| Untracked 
|  15|0x0000000082b00000, 0x0000000082b00000, 0x0000000082c00000|  0%| F|  |TAMS 0x0000000082b00000, 0x0000000082b00000| Untracked 
|  16|0x0000000082c00000, 0x0000000082c00000, 0x0000000082d00000|  0%| F|  |TAMS 0x0000000082c00000, 0x0000000082c00000| Untracked 
|  17|0x0000000082d00000, 0x0000000082d00000, 0x0000000082e00000|  0%| F|  |TAMS 0x0000000082d00000, 0x0000000082d00000| Untracked 
|  18|0x0000000082e00000, 0x0000000082e00000, 0x0000000082f00000|  0%| F|  |TAMS 0x0000000082e00000, 0x0000000082e00000| Untracked 
|  19|0x0000000082f00000, 0x0000000082f00000, 0x0000000083000000|  0%| F|  |TAMS 0x0000000082f00000, 0x0000000082f00000| Untracked 
|  20|0x0000000083000000, 0x0000000083000000, 0x0000000083100000|  0%| F|  |TAMS 0x0000000083000000, 0x0000000083000000| Untracked 
|  21|0x0000000083100000, 0x0000000083100000, 0x0000000083200000|  0%| F|  |TAMS 0x0000000083100000, 0x0000000083100000| Untracked 
|  22|0x0000000083200000, 0x0000000083200000, 0x0000000083300000|  0%| F|  |TAMS 0x0000000083200000, 0x0000000083200000| Untracked 
|  23|0x0000000083300000, 0x0000000083300000, 0x0000000083400000|  0%| F|  |TAMS 0x0000000083300000, 0x0000000083300000| Untracked 
|  24|0x0000000083400000, 0x0000000083400000, 0x0000000083500000|  0%| F|  |TAMS 0x0000000083400000, 0x0000000083400000| Untracked 
|  25|0x0000000083500000, 0x0000000083500000, 0x0000000083600000|  0%| F|  |TAMS 0x0000000083500000, 0x0000000083500000| Untracked 
|  26|0x0000000083600000, 0x0000000083600000, 0x0000000083700000|  0%| F|  |TAMS 0x0000000083600000, 0x0000000083600000| Untracked 
|  27|0x0000000083700000, 0x0000000083700000, 0x0000000083800000|  0%| F|  |TAMS 0x0000000083700000, 0x0000000083700000| Untracked 
|  28|0x0000000083800000, 0x0000000083800000, 0x0000000083900000|  0%| F|  |TAMS 0x0000000083800000, 0x0000000083800000| Untracked 
|  29|0x0000000083900000, 0x0000000083900000, 0x0000000083a00000|  0%| F|  |TAMS 0x0000000083900000, 0x0000000083900000| Untracked 
|  30|0x0000000083a00000, 0x0000000083a00000, 0x0000000083b00000|  0%| F|  |TAMS 0x0000000083a00000, 0x0000000083a00000| Untracked 
|  31|0x0000000083b00000, 0x0000000083b00000, 0x0000000083c00000|  0%| F|  |TAMS 0x0000000083b00000, 0x0000000083b00000| Untracked 
|  32|0x0000000083c00000, 0x0000000083c00000, 0x0000000083d00000|  0%| F|  |TAMS 0x0000000083c00000, 0x0000000083c00000| Untracked 
|  33|0x0000000083d00000, 0x0000000083d00000, 0x0000000083e00000|  0%| F|  |TAMS 0x0000000083d00000, 0x0000000083d00000| Untracked 
|  34|0x0000000083e00000, 0x0000000083e00000, 0x0000000083f00000|  0%| F|  |TAMS 0x0000000083e00000, 0x0000000083e00000| Untracked 
|  35|0x0000000083f00000, 0x0000000083f00000, 0x0000000084000000|  0%| F|  |TAMS 0x0000000083f00000, 0x0000000083f00000| Untracked 
|  36|0x0000000084000000, 0x0000000084000000, 0x0000000084100000|  0%| F|  |TAMS 0x0000000084000000, 0x0000000084000000| Untracked 
|  37|0x0000000084100000, 0x0000000084100000, 0x0000000084200000|  0%| F|  |TAMS 0x0000000084100000, 0x0000000084100000| Untracked 
|  38|0x0000000084200000, 0x0000000084200000, 0x0000000084300000|  0%| F|  |TAMS 0x0000000084200000, 0x0000000084200000| Untracked 
|  39|0x0000000084300000, 0x0000000084300000, 0x0000000084400000|  0%| F|  |TAMS 0x0000000084300000, 0x0000000084300000| Untracked 
|  40|0x0000000084400000, 0x0000000084400000, 0x0000000084500000|  0%| F|  |TAMS 0x0000000084400000, 0x0000000084400000| Untracked 
|  41|0x0000000084500000, 0x0000000084500000, 0x0000000084600000|  0%| F|  |TAMS 0x0000000084500000, 0x0000000084500000| Untracked 
|  42|0x0000000084600000, 0x0000000084600000, 0x0000000084700000|  0%| F|  |TAMS 0x0000000084600000, 0x0000000084600000| Untracked 
|  43|0x0000000084700000, 0x0000000084700000, 0x0000000084800000|  0%| F|  |TAMS 0x0000000084700000, 0x0000000084700000| Untracked 
|  44|0x0000000084800000, 0x0000000084800000, 0x0000000084900000|  0%| F|  |TAMS 0x0000000084800000, 0x0000000084800000| Untracked 
|  45|0x0000000084900000, 0x0000000084900000, 0x0000000084a00000|  0%| F|  |TAMS 0x0000000084900000, 0x0000000084900000| Untracked 
|  46|0x0000000084a00000, 0x0000000084a00000, 0x0000000084b00000|  0%| F|  |TAMS 0x0000000084a00000, 0x0000000084a00000| Untracked 
|  47|0x0000000084b00000, 0x0000000084b00000, 0x0000000084c00000|  0%| F|  |TAMS 0x0000000084b00000, 0x0000000084b00000| Untracked 
|  48|0x0000000084c00000, 0x0000000084c00000, 0x0000000084d00000|  0%| F|  |TAMS 0x0000000084c00000, 0x0000000084c00000| Untracked 
|  49|0x0000000084d00000, 0x0000000084d00000, 0x0000000084e00000|  0%| F|  |TAMS 0x0000000084d00000, 0x0000000084d00000| Untracked 
|  50|0x0000000084e00000, 0x0000000084e00000, 0x0000000084f00000|  0%| F|  |TAMS 0x0000000084e00000, 0x0000000084e00000| Untracked 
|  51|0x0000000084f00000, 0x0000000084f00000, 0x0000000085000000|  0%| F|  |TAMS 0x0000000084f00000, 0x0000000084f00000| Untracked 
|  52|0x0000000085000000, 0x0000000085000000, 0x0000000085100000|  0%| F|  |TAMS 0x0000000085000000, 0x0000000085000000| Untracked 
|  53|0x0000000085100000, 0x0000000085100000, 0x0000000085200000|  0%| F|  |TAMS 0x0000000085100000, 0x0000000085100000| Untracked 
|  54|0x0000000085200000, 0x0000000085200000, 0x0000000085300000|  0%| F|  |TAMS 0x0000000085200000, 0x0000000085200000| Untracked 
|  55|0x0000000085300000, 0x0000000085300000, 0x0000000085400000|  0%| F|  |TAMS 0x0000000085300000, 0x0000000085300000| Untracked 
|  56|0x0000000085400000, 0x0000000085400000, 0x0000000085500000|  0%| F|  |TAMS 0x0000000085400000, 0x0000000085400000| Untracked 
|  57|0x0000000085500000, 0x0000000085500000, 0x0000000085600000|  0%| F|  |TAMS 0x0000000085500000, 0x0000000085500000| Untracked 
|  58|0x0000000085600000, 0x0000000085600000, 0x0000000085700000|  0%| F|  |TAMS 0x0000000085600000, 0x0000000085600000| Untracked 
|  59|0x0000000085700000, 0x0000000085700000, 0x0000000085800000|  0%| F|  |TAMS 0x0000000085700000, 0x0000000085700000| Untracked 
|  60|0x0000000085800000, 0x0000000085800000, 0x0000000085900000|  0%| F|  |TAMS 0x0000000085800000, 0x0000000085800000| Untracked 
|  61|0x0000000085900000, 0x0000000085900000, 0x0000000085a00000|  0%| F|  |TAMS 0x0000000085900000, 0x0000000085900000| Untracked 
|  62|0x0000000085a00000, 0x0000000085a00000, 0x0000000085b00000|  0%| F|  |TAMS 0x0000000085a00000, 0x0000000085a00000| Untracked 
|  63|0x0000000085b00000, 0x0000000085b00000, 0x0000000085c00000|  0%| F|  |TAMS 0x0000000085b00000, 0x0000000085b00000| Untracked 
|  64|0x0000000085c00000, 0x0000000085c00000, 0x0000000085d00000|  0%| F|  |TAMS 0x0000000085c00000, 0x0000000085c00000| Untracked 
|  65|0x0000000085d00000, 0x0000000085d00000, 0x0000000085e00000|  0%| F|  |TAMS 0x0000000085d00000, 0x0000000085d00000| Untracked 
|  66|0x0000000085e00000, 0x0000000085e00000, 0x0000000085f00000|  0%| F|  |TAMS 0x0000000085e00000, 0x0000000085e00000| Untracked 
|  67|0x0000000085f00000, 0x0000000085f00000, 0x0000000086000000|  0%| F|  |TAMS 0x0000000085f00000, 0x0000000085f00000| Untracked 
|  68|0x0000000086000000, 0x0000000086000000, 0x0000000086100000|  0%| F|  |TAMS 0x0000000086000000, 0x0000000086000000| Untracked 
|  69|0x0000000086100000, 0x0000000086100000, 0x0000000086200000|  0%| F|  |TAMS 0x0000000086100000, 0x0000000086100000| Untracked 
|  70|0x0000000086200000, 0x0000000086200000, 0x0000000086300000|  0%| F|  |TAMS 0x0000000086200000, 0x0000000086200000| Untracked 
|  71|0x0000000086300000, 0x0000000086300000, 0x0000000086400000|  0%| F|  |TAMS 0x0000000086300000, 0x0000000086300000| Untracked 
|  72|0x0000000086400000, 0x0000000086400000, 0x0000000086500000|  0%| F|  |TAMS 0x0000000086400000, 0x0000000086400000| Untracked 
|  73|0x0000000086500000, 0x0000000086500000, 0x0000000086600000|  0%| F|  |TAMS 0x0000000086500000, 0x0000000086500000| Untracked 
|  74|0x0000000086600000, 0x0000000086600000, 0x0000000086700000|  0%| F|  |TAMS 0x0000000086600000, 0x0000000086600000| Untracked 
|  75|0x0000000086700000, 0x0000000086700000, 0x0000000086800000|  0%| F|  |TAMS 0x0000000086700000, 0x0000000086700000| Untracked 
|  76|0x0000000086800000, 0x0000000086800000, 0x0000000086900000|  0%| F|  |TAMS 0x0000000086800000, 0x0000000086800000| Untracked 
|  77|0x0000000086900000, 0x0000000086900000, 0x0000000086a00000|  0%| F|  |TAMS 0x0000000086900000, 0x0000000086900000| Untracked 
|  78|0x0000000086a00000, 0x0000000086a00000, 0x0000000086b00000|  0%| F|  |TAMS 0x0000000086a00000, 0x0000000086a00000| Untracked 
|  79|0x0000000086b00000, 0x0000000086b00000, 0x0000000086c00000|  0%| F|  |TAMS 0x0000000086b00000, 0x0000000086b00000| Untracked 
|  80|0x0000000086c00000, 0x0000000086c00000, 0x0000000086d00000|  0%| F|  |TAMS 0x0000000086c00000, 0x0000000086c00000| Untracked 
|  81|0x0000000086d00000, 0x0000000086d00000, 0x0000000086e00000|  0%| F|  |TAMS 0x0000000086d00000, 0x0000000086d00000| Untracked 
|  82|0x0000000086e00000, 0x0000000086e00000, 0x0000000086f00000|  0%| F|  |TAMS 0x0000000086e00000, 0x0000000086e00000| Untracked 
|  83|0x0000000086f00000, 0x0000000086f00000, 0x0000000087000000|  0%| F|  |TAMS 0x0000000086f00000, 0x0000000086f00000| Untracked 
|  84|0x0000000087000000, 0x0000000087000000, 0x0000000087100000|  0%| F|  |TAMS 0x0000000087000000, 0x0000000087000000| Untracked 
|  85|0x0000000087100000, 0x0000000087100000, 0x0000000087200000|  0%| F|  |TAMS 0x0000000087100000, 0x0000000087100000| Untracked 
|  86|0x0000000087200000, 0x0000000087200000, 0x0000000087300000|  0%| F|  |TAMS 0x0000000087200000, 0x0000000087200000| Untracked 
|  87|0x0000000087300000, 0x0000000087300000, 0x0000000087400000|  0%| F|  |TAMS 0x0000000087300000, 0x0000000087300000| Untracked 
|  88|0x0000000087400000, 0x0000000087400000, 0x0000000087500000|  0%| F|  |TAMS 0x0000000087400000, 0x0000000087400000| Untracked 
|  89|0x0000000087500000, 0x0000000087500000, 0x0000000087600000|  0%| F|  |TAMS 0x0000000087500000, 0x0000000087500000| Untracked 
|  90|0x0000000087600000, 0x0000000087600000, 0x0000000087700000|  0%| F|  |TAMS 0x0000000087600000, 0x0000000087600000| Untracked 
|  91|0x0000000087700000, 0x0000000087700000, 0x0000000087800000|  0%| F|  |TAMS 0x0000000087700000, 0x0000000087700000| Untracked 
|  92|0x0000000087800000, 0x0000000087800000, 0x0000000087900000|  0%| F|  |TAMS 0x0000000087800000, 0x0000000087800000| Untracked 
|  93|0x0000000087900000, 0x0000000087900000, 0x0000000087a00000|  0%| F|  |TAMS 0x0000000087900000, 0x0000000087900000| Untracked 
|  94|0x0000000087a00000, 0x0000000087a00000, 0x0000000087b00000|  0%| F|  |TAMS 0x0000000087a00000, 0x0000000087a00000| Untracked 
|  95|0x0000000087b00000, 0x0000000087b00000, 0x0000000087c00000|  0%| F|  |TAMS 0x0000000087b00000, 0x0000000087b00000| Untracked 
|  96|0x0000000087c00000, 0x0000000087c00000, 0x0000000087d00000|  0%| F|  |TAMS 0x0000000087c00000, 0x0000000087c00000| Untracked 
|  97|0x0000000087d00000, 0x0000000087d00000, 0x0000000087e00000|  0%| F|  |TAMS 0x0000000087d00000, 0x0000000087d00000| Untracked 
|  98|0x0000000087e00000, 0x0000000087e00000, 0x0000000087f00000|  0%| F|  |TAMS 0x0000000087e00000, 0x0000000087e00000| Untracked 
|  99|0x0000000087f00000, 0x0000000087f00000, 0x0000000088000000|  0%| F|  |TAMS 0x0000000087f00000, 0x0000000087f00000| Untracked 
| 100|0x0000000088000000, 0x0000000088000000, 0x0000000088100000|  0%| F|  |TAMS 0x0000000088000000, 0x0000000088000000| Untracked 
| 101|0x0000000088100000, 0x0000000088100000, 0x0000000088200000|  0%| F|  |TAMS 0x0000000088100000, 0x0000000088100000| Untracked 
| 102|0x0000000088200000, 0x0000000088200000, 0x0000000088300000|  0%| F|  |TAMS 0x0000000088200000, 0x0000000088200000| Untracked 
| 103|0x0000000088300000, 0x0000000088300000, 0x0000000088400000|  0%| F|  |TAMS 0x0000000088300000, 0x0000000088300000| Untracked 
| 104|0x0000000088400000, 0x0000000088500000, 0x0000000088500000|100%| S|CS|TAMS 0x0000000088400000, 0x0000000088400000| Complete 
| 105|0x0000000088500000, 0x0000000088600000, 0x0000000088600000|100%| S|CS|TAMS 0x0000000088500000, 0x0000000088500000| Complete 
| 106|0x0000000088600000, 0x0000000088600000, 0x0000000088700000|  0%| F|  |TAMS 0x0000000088600000, 0x0000000088600000| Untracked 
| 107|0x0000000088700000, 0x0000000088700000, 0x0000000088800000|  0%| F|  |TAMS 0x0000000088700000, 0x0000000088700000| Untracked 
| 108|0x0000000088800000, 0x0000000088800000, 0x0000000088900000|  0%| F|  |TAMS 0x0000000088800000, 0x0000000088800000| Untracked 
| 109|0x0000000088900000, 0x0000000088900000, 0x0000000088a00000|  0%| F|  |TAMS 0x0000000088900000, 0x0000000088900000| Untracked 
| 110|0x0000000088a00000, 0x0000000088a00000, 0x0000000088b00000|  0%| F|  |TAMS 0x0000000088a00000, 0x0000000088a00000| Untracked 
| 111|0x0000000088b00000, 0x0000000088b00000, 0x0000000088c00000|  0%| F|  |TAMS 0x0000000088b00000, 0x0000000088b00000| Untracked 
| 112|0x0000000088c00000, 0x0000000088c00000, 0x0000000088d00000|  0%| F|  |TAMS 0x0000000088c00000, 0x0000000088c00000| Untracked 
| 113|0x0000000088d00000, 0x0000000088d00000, 0x0000000088e00000|  0%| F|  |TAMS 0x0000000088d00000, 0x0000000088d00000| Untracked 
| 114|0x0000000088e00000, 0x0000000088e00000, 0x0000000088f00000|  0%| F|  |TAMS 0x0000000088e00000, 0x0000000088e00000| Untracked 
| 115|0x0000000088f00000, 0x0000000088f00000, 0x0000000089000000|  0%| F|  |TAMS 0x0000000088f00000, 0x0000000088f00000| Untracked 
| 116|0x0000000089000000, 0x0000000089000000, 0x0000000089100000|  0%| F|  |TAMS 0x0000000089000000, 0x0000000089000000| Untracked 
| 117|0x0000000089100000, 0x0000000089100000, 0x0000000089200000|  0%| F|  |TAMS 0x0000000089100000, 0x0000000089100000| Untracked 
| 118|0x0000000089200000, 0x0000000089200000, 0x0000000089300000|  0%| F|  |TAMS 0x0000000089200000, 0x0000000089200000| Untracked 
| 119|0x0000000089300000, 0x0000000089300000, 0x0000000089400000|  0%| F|  |TAMS 0x0000000089300000, 0x0000000089300000| Untracked 
| 120|0x0000000089400000, 0x0000000089400000, 0x0000000089500000|  0%| F|  |TAMS 0x0000000089400000, 0x0000000089400000| Untracked 
| 121|0x0000000089500000, 0x0000000089500000, 0x0000000089600000|  0%| F|  |TAMS 0x0000000089500000, 0x0000000089500000| Untracked 
| 122|0x0000000089600000, 0x0000000089600000, 0x0000000089700000|  0%| F|  |TAMS 0x0000000089600000, 0x0000000089600000| Untracked 
| 123|0x0000000089700000, 0x0000000089700000, 0x0000000089800000|  0%| F|  |TAMS 0x0000000089700000, 0x0000000089700000| Untracked 
| 124|0x0000000089800000, 0x0000000089800000, 0x0000000089900000|  0%| F|  |TAMS 0x0000000089800000, 0x0000000089800000| Untracked 
| 125|0x0000000089900000, 0x00000000899ac810, 0x0000000089a00000| 67%| E|  |TAMS 0x0000000089900000, 0x0000000089900000| Complete 
| 126|0x0000000089a00000, 0x0000000089b00000, 0x0000000089b00000|100%| E|CS|TAMS 0x0000000089a00000, 0x0000000089a00000| Complete 
| 127|0x0000000089b00000, 0x0000000089c00000, 0x0000000089c00000|100%| E|CS|TAMS 0x0000000089b00000, 0x0000000089b00000| Complete 

Card table byte_map: [0x000001aca9b90000,0x000001aca9f90000] _byte_map_base: 0x000001aca9782000

Marking Bits (Prev, Next): (CMBitMap*) 0x000001ac9259fb60, (CMBitMap*) 0x000001ac9259fba0
 Prev Bits: [0x000001acaa390000, 0x000001acac320000)
 Next Bits: [0x000001acac320000, 0x000001acae2b0000)

Polling page: 0x000001ac903b0000

Metaspace:

Usage:
  Non-class:     15.43 MB capacity,    15.23 MB ( 99%) used,   187.70 KB (  1%) free+waste,    23.69 KB ( <1%) overhead. 
      Class:      2.17 MB capacity,     2.11 MB ( 97%) used,    54.38 KB (  2%) free+waste,     9.75 KB ( <1%) overhead. 
       Both:     17.61 MB capacity,    17.34 MB ( 98%) used,   242.08 KB (  1%) free+waste,    33.44 KB ( <1%) overhead. 

Virtual space:
  Non-class space:       16.00 MB reserved,      15.50 MB ( 97%) committed 
      Class space:        1.00 GB reserved,       2.25 MB ( <1%) committed 
             Both:        1.02 GB reserved,      17.75 MB (  2%) committed 

Chunk freelists:
   Non-Class:  3.00 KB
       Class:  15.00 KB
        Both:  18.00 KB

MaxMetaspaceSize: 17179869184.00 GB
CompressedClassSpaceSize: 1.00 GB

CodeHeap 'non-profiled nmethods': size=120000Kb used=795Kb max_used=795Kb free=119204Kb
 bounds [0x000001aca2260000, 0x000001aca24d0000, 0x000001aca9790000]
CodeHeap 'profiled nmethods': size=120000Kb used=4109Kb max_used=4109Kb free=115890Kb
 bounds [0x000001ac9ad30000, 0x000001ac9b140000, 0x000001aca2260000]
CodeHeap 'non-nmethods': size=5760Kb used=1244Kb max_used=1271Kb free=4515Kb
 bounds [0x000001ac9a790000, 0x000001ac9aa00000, 0x000001ac9ad30000]
 total_blobs=2690 nmethods=2169 adapters=433
 compilation: enabled
              stopped_count=0, restarted_count=0
 full_count=0

Compilation events (20 events):
Event: 2.148 Thread 0x000001acb07a8f70 2119       3       java.lang.StackTraceElement::<init> (10 bytes)
Event: 2.148 Thread 0x000001acb07a8f70 nmethod 2119 0x000001ac9b11b910 code [0x000001ac9b11baa0, 0x000001ac9b11bbf8]
Event: 2.148 Thread 0x000001acb07a8f70 2120       3       java.lang.ModuleLayer::boot (4 bytes)
Event: 2.149 Thread 0x000001acb07a8f70 nmethod 2120 0x000001ac9b11bc90 code [0x000001ac9b11be20, 0x000001ac9b11bf18]
Event: 2.149 Thread 0x000001acb07a8f70 2122       3       java.lang.reflect.Method::invoke (65 bytes)
Event: 2.149 Thread 0x000001acb07a8f70 nmethod 2122 0x000001ac9b11bf90 code [0x000001ac9b11c180, 0x000001ac9b11c5d8]
Event: 2.149 Thread 0x000001acb07a8f70 2121  s!   3       java.lang.StackTraceElement::computeFormat (71 bytes)
Event: 2.150 Thread 0x000001acb07a8f70 nmethod 2121 0x000001ac9b11c790 code [0x000001ac9b11c9a0, 0x000001ac9b11d258]
Event: 2.153 Thread 0x000001acb07a3030 nmethod 2118 0x000001aca231ef90 code [0x000001aca231f140, 0x000001aca231f988]
Event: 2.163 Thread 0x000001acb07a3030 2123       4       java.lang.String::regionMatches (150 bytes)
Event: 2.181 Thread 0x000001acb07a3030 nmethod 2123 0x000001aca231fc10 code [0x000001aca231fde0, 0x000001aca2320698]
Event: 2.188 Thread 0x000001acb07a3030 2124       4       java.lang.ClassLoader::checkName (37 bytes)
Event: 2.194 Thread 0x000001acb07a3030 nmethod 2124 0x000001aca2320c90 code [0x000001aca2320e20, 0x000001aca2321128]
Event: 2.196 Thread 0x000001acb07a3030 2125       4       java.lang.Class::getPackageName (81 bytes)
Event: 2.197 Thread 0x000001acb07a8f70 2127       3       java.net.URLStreamHandler::sameFile (136 bytes)
Event: 2.198 Thread 0x000001acb07a8f70 nmethod 2127 0x000001ac9b11d510 code [0x000001ac9b11d740, 0x000001ac9b11df68]
Event: 2.199 Thread 0x000001acb07a8f70 2128       3       java.net.URLStreamHandler::hostsEqual (75 bytes)
Event: 2.199 Thread 0x000001acb07a8f70 nmethod 2128 0x000001ac9b11e190 code [0x000001ac9b11e380, 0x000001ac9b11e978]
Event: 2.204 Thread 0x000001acb07a3030 nmethod 2125 0x000001aca2321410 code [0x000001aca23215c0, 0x000001aca2321a28]
Event: 2.204 Thread 0x000001acb07a3030 2126       4       jdk.internal.loader.URLClassPath::getResource (74 bytes)

GC Heap History (6 events):
Event: 0.717 GC heap before
{Heap before GC invocations=0 (full 0):
 garbage-first heap   total 131072K, used 12288K [0x0000000081c00000, 0x0000000100000000)
  region size 1024K, 13 young (13312K), 0 survivors (0K)
 Metaspace       used 3696K, capacity 6021K, committed 6272K, reserved 1056768K
  class space    used 415K, capacity 614K, committed 640K, reserved 1048576K
}
Event: 0.722 GC heap after
{Heap after GC invocations=1 (full 0):
 garbage-first heap   total 131072K, used 4431K [0x0000000081c00000, 0x0000000100000000)
  region size 1024K, 2 young (2048K), 2 survivors (2048K)
 Metaspace       used 3696K, capacity 6021K, committed 6272K, reserved 1056768K
  class space    used 415K, capacity 614K, committed 640K, reserved 1048576K
}
Event: 1.270 GC heap before
{Heap before GC invocations=1 (full 0):
 garbage-first heap   total 131072K, used 16719K [0x0000000081c00000, 0x0000000100000000)
  region size 1024K, 14 young (14336K), 2 survivors (2048K)
 Metaspace       used 9800K, capacity 10019K, committed 10368K, reserved 1058816K
  class space    used 1187K, capacity 1285K, committed 1408K, reserved 1048576K
}
Event: 1.277 GC heap after
{Heap after GC invocations=2 (full 0):
 garbage-first heap   total 131072K, used 6491K [0x0000000081c00000, 0x0000000100000000)
  region size 1024K, 2 young (2048K), 2 survivors (2048K)
 Metaspace       used 9800K, capacity 10019K, committed 10368K, reserved 1058816K
  class space    used 1187K, capacity 1285K, committed 1408K, reserved 1048576K
}
Event: 2.227 GC heap before
{Heap before GC invocations=2 (full 0):
 garbage-first heap   total 131072K, used 26971K [0x0000000081c00000, 0x0000000100000000)
  region size 1024K, 22 young (22528K), 2 survivors (2048K)
 Metaspace       used 16933K, capacity 17215K, committed 17280K, reserved 1064960K
  class space    used 2034K, capacity 2126K, committed 2176K, reserved 1048576K
}
Event: 2.234 GC heap after
{Heap after GC invocations=3 (full 0):
 garbage-first heap   total 131072K, used 8379K [0x0000000081c00000, 0x0000000100000000)
  region size 1024K, 2 young (2048K), 2 survivors (2048K)
 Metaspace       used 16933K, capacity 17215K, committed 17280K, reserved 1064960K
  class space    used 2034K, capacity 2126K, committed 2176K, reserved 1048576K
}

Deoptimization events (20 events):
Event: 2.121 Thread 0x000001ac92560510 Uncommon trap: trap_request=0xffffff45 fr.pc=0x000001aca2302a24 relative=0x0000000000000384
Event: 2.121 Thread 0x000001ac92560510 Uncommon trap: reason=unstable_if action=reinterpret pc=0x000001aca2302a24 method=java.lang.StringUTF16.compress([CII)[B @ 13 c2
Event: 2.122 Thread 0x000001ac92560510 DEOPT PACKING pc=0x000001aca2302a24 sp=0x00000037556fb780
Event: 2.122 Thread 0x000001ac92560510 DEOPT UNPACKING pc=0x000001ac9a7de42f sp=0x00000037556fb6c0 mode 2
Event: 2.122 Thread 0x000001ac92560510 Uncommon trap: trap_request=0xffffff45 fr.pc=0x000001aca23023c4 relative=0x0000000000000224
Event: 2.122 Thread 0x000001ac92560510 Uncommon trap: reason=unstable_if action=reinterpret pc=0x000001aca23023c4 method=java.lang.StringUTF16.compress([CII)[B @ 13 c2
Event: 2.122 Thread 0x000001ac92560510 DEOPT PACKING pc=0x000001aca23023c4 sp=0x00000037556fb710
Event: 2.122 Thread 0x000001ac92560510 DEOPT UNPACKING pc=0x000001ac9a7de42f sp=0x00000037556fb6b0 mode 2
Event: 2.123 Thread 0x000001ac92560510 Uncommon trap: trap_request=0xffffff45 fr.pc=0x000001aca22a0520 relative=0x0000000000000320
Event: 2.123 Thread 0x000001ac92560510 Uncommon trap: reason=unstable_if action=reinterpret pc=0x000001aca22a0520 method=java.lang.StringUTF16.compress([CI[BII)I @ 20 c2
Event: 2.123 Thread 0x000001ac92560510 DEOPT PACKING pc=0x000001aca22a0520 sp=0x00000037556fb540
Event: 2.123 Thread 0x000001ac92560510 DEOPT UNPACKING pc=0x000001ac9a7de42f sp=0x00000037556fb4e8 mode 2
Event: 2.128 Thread 0x000001ac92560510 Uncommon trap: trap_request=0xffffff45 fr.pc=0x000001aca22af344 relative=0x0000000000000f64
Event: 2.128 Thread 0x000001ac92560510 Uncommon trap: reason=unstable_if action=reinterpret pc=0x000001aca22af344 method=jdk.internal.org.objectweb.asm.SymbolTable.put(Ljdk/internal/org/objectweb/asm/SymbolTable$Entry;)Ljdk/internal/org/objectweb/asm/SymbolTable$Entry; @ 13 c2
Event: 2.128 Thread 0x000001ac92560510 DEOPT PACKING pc=0x000001aca22af344 sp=0x00000037556fb970
Event: 2.128 Thread 0x000001ac92560510 DEOPT UNPACKING pc=0x000001ac9a7de42f sp=0x00000037556fb8b8 mode 2
Event: 2.130 Thread 0x000001ac92560510 Uncommon trap: trap_request=0xffffff45 fr.pc=0x000001aca22aa78c relative=0x00000000000002ec
Event: 2.130 Thread 0x000001ac92560510 Uncommon trap: reason=unstable_if action=reinterpret pc=0x000001aca22aa78c method=jdk.internal.org.objectweb.asm.SymbolTable.put(Ljdk/internal/org/objectweb/asm/SymbolTable$Entry;)Ljdk/internal/org/objectweb/asm/SymbolTable$Entry; @ 13 c2
Event: 2.130 Thread 0x000001ac92560510 DEOPT PACKING pc=0x000001aca22aa78c sp=0x00000037556fb7c0
Event: 2.130 Thread 0x000001ac92560510 DEOPT UNPACKING pc=0x000001ac9a7de42f sp=0x00000037556fb740 mode 2

Classes unloaded (0 events):
No events

Classes redefined (0 events):
No events

Internal exceptions (20 events):
Event: 1.044 Thread 0x000001ac92560510 Exception <a 'java/lang/ClassNotFoundException'{0x000000008947e9b8}: org/apache/log4j/PatternLayoutCustomizer> (0x000000008947e9b8) 
thrown [./open/src/hotspot/share/classfile/systemDictionary.cpp, line 295]
Event: 1.045 Thread 0x000001ac92560510 Exception <a 'java/lang/ClassNotFoundException'{0x0000000089487d00}: org/apache/log4j/ConsoleAppenderBeanInfo> (0x0000000089487d00) 
thrown [./open/src/hotspot/share/classfile/systemDictionary.cpp, line 295]
Event: 1.046 Thread 0x000001ac92560510 Exception <a 'java/lang/ClassNotFoundException'{0x000000008948b858}: org/apache/log4j/WriterAppenderBeanInfo> (0x000000008948b858) 
thrown [./open/src/hotspot/share/classfile/systemDictionary.cpp, line 295]
Event: 1.046 Thread 0x000001ac92560510 Exception <a 'java/lang/ClassNotFoundException'{0x000000008948f960}: org/apache/log4j/AppenderSkeletonBeanInfo> (0x000000008948f960) 
thrown [./open/src/hotspot/share/classfile/systemDictionary.cpp, line 295]
Event: 1.047 Thread 0x000001ac92560510 Exception <a 'java/lang/ClassNotFoundException'{0x00000000894937b0}: org/apache/log4j/AppenderSkeletonCustomizer> (0x00000000894937b0) 
thrown [./open/src/hotspot/share/classfile/systemDictionary.cpp, line 295]
Event: 1.050 Thread 0x000001ac92560510 Exception <a 'java/lang/ClassNotFoundException'{0x00000000894a4dc8}: org/apache/log4j/WriterAppenderCustomizer> (0x00000000894a4dc8) 
thrown [./open/src/hotspot/share/classfile/systemDictionary.cpp, line 295]
Event: 1.052 Thread 0x000001ac92560510 Exception <a 'java/lang/ClassNotFoundException'{0x00000000894b2680}: org/apache/log4j/ConsoleAppenderCustomizer> (0x00000000894b2680) 
thrown [./open/src/hotspot/share/classfile/systemDictionary.cpp, line 295]
Event: 1.056 Thread 0x000001ac92560510 Implicit null exception at 0x000001aca22a5a74 to 0x000001aca22a6020
Event: 1.194 Thread 0x000001ac92560510 Exception <a 'java/lang/NoSuchMethodError'{0x000000008917af20}: 'void java.lang.invoke.DirectMethodHandle$Holder.invokeStatic(java.lang.Object, java.lang.Object, java.lang.Object, java.lang.Object, java.lang.Object, java.lang.Object)'> (0x000000008917af20) 
thrown [./open/src/hotspot/share/interpreter/linkResolver.cpp, line 782]
Event: 1.196 Thread 0x000001ac92560510 Exception <a 'java/lang/IncompatibleClassChangeError'{0x000000008918e438}: Found class java.lang.Object, but interface was expected> (0x000000008918e438) 
thrown [./open/src/hotspot/share/interpreter/linkResolver.cpp, line 848]
Event: 1.318 Thread 0x000001ac92560510 Exception <a 'java/lang/NoClassDefFoundError'{0x0000000089a6aa28}: oracle/security/pki/OraclePKIProvider> (0x0000000089a6aa28) 
thrown [./open/src/hotspot/share/classfile/systemDictionary.cpp, line 284]
Event: 1.657 Thread 0x000001ac92560510 Exception <a 'java/lang/NoSuchMethodError'{0x0000000089189230}: 'java.lang.Object java.lang.invoke.DirectMethodHandle$Holder.invokeStatic(java.lang.Object, int, java.lang.Object)'> (0x0000000089189230) 
thrown [./open/src/hotspot/share/interpreter/linkResolver.cpp, line 782]
Event: 1.659 Thread 0x000001ac92560510 Exception <a 'java/lang/NoSuchMethodError'{0x0000000089190650}: 'java.lang.Object java.lang.invoke.DirectMethodHandle$Holder.newInvokeSpecial(java.lang.Object, int, java.lang.Object)'> (0x0000000089190650) 
thrown [./open/src/hotspot/share/interpreter/linkResolver.cpp, line 782]
Event: 1.660 Thread 0x000001ac92560510 Exception <a 'sun/nio/fs/WindowsException'{0x0000000089195078}> (0x0000000089195078) 
thrown [./open/src/hotspot/share/prims/jni.cpp, line 578]
Event: 1.661 Thread 0x000001ac92560510 Exception <a 'sun/nio/fs/WindowsException'{0x0000000089196030}> (0x0000000089196030) 
thrown [./open/src/hotspot/share/prims/jni.cpp, line 578]
Event: 1.661 Thread 0x000001ac92560510 Exception <a 'sun/nio/fs/WindowsException'{0x00000000891964f8}> (0x00000000891964f8) 
thrown [./open/src/hotspot/share/prims/jni.cpp, line 578]
Event: 1.840 Thread 0x000001ac92560510 Exception <a 'java/lang/NoSuchMethodError'{0x0000000088d7c4f0}: 'void java.lang.invoke.DirectMethodHandle$Holder.invokeStaticInit(java.lang.Object, java.lang.Object)'> (0x0000000088d7c4f0) 
thrown [./open/src/hotspot/share/interpreter/linkResolver.cpp, line 782]
Event: 1.848 Thread 0x000001ac92560510 Exception <a 'java/lang/NoSuchMethodError'{0x0000000088da9840}: 'java.lang.Object java.lang.invoke.DirectMethodHandle$Holder.invokeStaticInit(java.lang.Object, int, int, int, int)'> (0x0000000088da9840) 
thrown [./open/src/hotspot/share/interpreter/linkResolver.cpp, line 782]
Event: 1.930 Thread 0x000001ac92560510 Exception <a 'java/lang/NoSuchMethodError'{0x0000000088ded148}: 'java.lang.Object java.lang.invoke.DirectMethodHandle$Holder.invokeStaticInit(java.lang.Object, java.lang.Object, int, int, int, int)'> (0x0000000088ded148) 
thrown [./open/src/hotspot/share/interpreter/linkResolver.cpp, line 782]
Event: 1.956 Thread 0x000001ac92560510 Exception <a 'sun/nio/fs/WindowsException'{0x0000000088ba11e0}> (0x0000000088ba11e0) 
thrown [./open/src/hotspot/share/prims/jni.cpp, line 578]

Events (20 events):
Event: 2.045 loading class com/sun/crypto/provider/HmacCore done
Event: 2.045 loading class com/sun/crypto/provider/HmacCore$HmacSHA512 done
Event: 2.045 loading class com/sun/crypto/provider/PBKDF2KeyImpl$1
Event: 2.045 loading class com/sun/crypto/provider/PBKDF2KeyImpl$1 done
Event: 2.058 Executing VM operation: ICBufferFull
Event: 2.058 Executing VM operation: ICBufferFull done
Event: 2.058 Executing VM operation: HandshakeAllThreads
Event: 2.059 Executing VM operation: HandshakeAllThreads done
Event: 2.137 loading class java/io/PrintWriter
Event: 2.137 loading class java/io/PrintWriter done
Event: 2.138 loading class java/lang/StackTraceElement$HashedModules
Event: 2.138 loading class java/lang/StackTraceElement$HashedModules done
Event: 2.146 loading class javax/xml/transform/TransformerException
Event: 2.146 loading class javax/xml/transform/TransformerException done
Event: 2.147 loading class javax/xml/transform/Source
Event: 2.147 loading class javax/xml/transform/Source done
Event: 2.147 loading class javax/xml/transform/Result
Event: 2.147 loading class javax/xml/transform/Result done
Event: 2.227 Executing VM operation: G1CollectForAllocation
Event: 2.234 Executing VM operation: G1CollectForAllocation done


Dynamic libraries:
0x00007ff6ed6d0000 - 0x00007ff6ed6df000 	C:\Program Files\Java\jdk-15.0.1\bin\java.exe
0x00007ffeacad0000 - 0x00007ffeaccc8000 	C:\WINDOWS\SYSTEM32\ntdll.dll
0x00007ffeabd10000 - 0x00007ffeabdcd000 	C:\WINDOWS\System32\KERNEL32.DLL
0x00007ffeaa2a0000 - 0x00007ffeaa56e000 	C:\WINDOWS\System32\KERNELBASE.dll
0x00007ffeaa680000 - 0x00007ffeaa780000 	C:\WINDOWS\System32\ucrtbase.dll
0x00007ffea5c20000 - 0x00007ffea5c39000 	C:\Program Files\Java\jdk-15.0.1\bin\VCRUNTIME140.dll
0x00007ffea5c40000 - 0x00007ffea5c58000 	C:\Program Files\Java\jdk-15.0.1\bin\jli.dll
0x00007ffeab7f0000 - 0x00007ffeab89e000 	C:\WINDOWS\System32\ADVAPI32.dll
0x00007ffeac1b0000 - 0x00007ffeac24e000 	C:\WINDOWS\System32\msvcrt.dll
0x00007ffeab910000 - 0x00007ffeab9ac000 	C:\WINDOWS\System32\sechost.dll
0x00007ffeaaea0000 - 0x00007ffeaafc5000 	C:\WINDOWS\System32\RPCRT4.dll
0x00007ffeaab30000 - 0x00007ffeaacd0000 	C:\WINDOWS\System32\USER32.dll
0x00007ffeaa8a0000 - 0x00007ffeaa8c2000 	C:\WINDOWS\System32\win32u.dll
0x00007ffeabfd0000 - 0x00007ffeabffa000 	C:\WINDOWS\System32\GDI32.dll
0x00007ffeaa570000 - 0x00007ffeaa67b000 	C:\WINDOWS\System32\gdi32full.dll
0x00007ffe97380000 - 0x00007ffe9761a000 	C:\WINDOWS\WinSxS\amd64_microsoft.windows.common-controls_6595b64144ccf1df_6.0.19041.1110_none_60b5254171f9507e\COMCTL32.dll
0x00007ffeaa7b0000 - 0x00007ffeaa84d000 	C:\WINDOWS\System32\msvcp_win.dll
0x00007ffea0170000 - 0x00007ffea017a000 	C:\WINDOWS\SYSTEM32\VERSION.dll
0x00007ffeab680000 - 0x00007ffeab6b0000 	C:\WINDOWS\System32\IMM32.DLL
0x00007ffea60d0000 - 0x00007ffea60dc000 	C:\Program Files\Java\jdk-15.0.1\bin\vcruntime140_1.dll
0x00007ffe981d0000 - 0x00007ffe98261000 	C:\Program Files\Java\jdk-15.0.1\bin\msvcp140.dll
0x00007ffe63cc0000 - 0x00007ffe6481e000 	C:\Program Files\Java\jdk-15.0.1\bin\server\jvm.dll
0x00007ffeaaff0000 - 0x00007ffeaaff8000 	C:\WINDOWS\System32\PSAPI.DLL
0x00007ffe885b0000 - 0x00007ffe885b9000 	C:\WINDOWS\SYSTEM32\WSOCK32.dll
0x00007ffe97d40000 - 0x00007ffe97d67000 	C:\WINDOWS\SYSTEM32\WINMM.dll
0x00007ffeab8a0000 - 0x00007ffeab90b000 	C:\WINDOWS\System32\WS2_32.dll
0x00007ffea80b0000 - 0x00007ffea80c2000 	C:\WINDOWS\SYSTEM32\kernel.appcore.dll
0x00007ffea5c10000 - 0x00007ffea5c1a000 	C:\Program Files\Java\jdk-15.0.1\bin\jimage.dll
0x00007ffe947d0000 - 0x00007ffe949b4000 	C:\WINDOWS\SYSTEM32\DBGHELP.DLL
0x00007ffe947a0000 - 0x00007ffe947cc000 	C:\WINDOWS\SYSTEM32\dbgcore.DLL
0x00007ffeaaa30000 - 0x00007ffeaaab2000 	C:\WINDOWS\System32\bcryptPrimitives.dll
0x00007ffea4380000 - 0x00007ffea438e000 	C:\Program Files\Java\jdk-15.0.1\bin\instrument.dll
0x00007ffea3580000 - 0x00007ffea35a5000 	C:\Program Files\Java\jdk-15.0.1\bin\java.dll
0x00007ffeac340000 - 0x00007ffeaca84000 	C:\WINDOWS\System32\SHELL32.dll
0x00007ffea82b0000 - 0x00007ffea8a44000 	C:\WINDOWS\SYSTEM32\windows.storage.dll
0x00007ffeab9b0000 - 0x00007ffeabd04000 	C:\WINDOWS\System32\combase.dll
0x00007ffea9c50000 - 0x00007ffea9c80000 	C:\WINDOWS\SYSTEM32\Wldp.dll
0x00007ffeaadf0000 - 0x00007ffeaae9d000 	C:\WINDOWS\System32\SHCORE.dll
0x00007ffeab6b0000 - 0x00007ffeab705000 	C:\WINDOWS\System32\shlwapi.dll
0x00007ffeaa130000 - 0x00007ffeaa14f000 	C:\WINDOWS\SYSTEM32\profapi.dll
0x00007ffe9f070000 - 0x00007ffe9f088000 	C:\Program Files\Java\jdk-15.0.1\bin\zip.dll
0x00007ffea1e30000 - 0x00007ffea1e49000 	C:\Program Files\Java\jdk-15.0.1\bin\net.dll
0x00007ffea0de0000 - 0x00007ffea0eea000 	C:\WINDOWS\SYSTEM32\WINHTTP.dll
0x00007ffea9990000 - 0x00007ffea99fa000 	C:\WINDOWS\system32\mswsock.dll
0x00007ffe9f090000 - 0x00007ffe9f0a2000 	C:\Program Files\Java\jdk-15.0.1\bin\nio.dll
0x00007ffe93420000 - 0x00007ffe9343a000 	C:\Users\qkdlf\ideaIU-2022.1.3.win\bin\breakgen64.dll
0x00007ffea4300000 - 0x00007ffea4310000 	C:\Program Files\Java\jdk-15.0.1\bin\verify.dll
0x00007ffea3570000 - 0x00007ffea3579000 	C:\Program Files\Java\jdk-15.0.1\bin\management.dll
0x00007ffea2210000 - 0x00007ffea221b000 	C:\Program Files\Java\jdk-15.0.1\bin\management_ext.dll
0x00007ffea9660000 - 0x00007ffea972b000 	C:\WINDOWS\SYSTEM32\DNSAPI.dll
0x00007ffea9620000 - 0x00007ffea965b000 	C:\WINDOWS\SYSTEM32\IPHLPAPI.DLL
0x00007ffeabfc0000 - 0x00007ffeabfc8000 	C:\WINDOWS\System32\NSI.dll
0x00007ffe991d0000 - 0x00007ffe991da000 	C:\Windows\System32\rasadhlp.dll
0x00007ffe99230000 - 0x00007ffe992b0000 	C:\WINDOWS\System32\fwpuclnt.dll
0x00007ffeaa780000 - 0x00007ffeaa7a7000 	C:\WINDOWS\System32\bcrypt.dll
0x00007ffea9ba0000 - 0x00007ffea9bb8000 	C:\WINDOWS\SYSTEM32\CRYPTSP.dll
0x00007ffea9280000 - 0x00007ffea92b4000 	C:\WINDOWS\system32\rsaenh.dll
0x00007ffeaa0b0000 - 0x00007ffeaa0de000 	C:\WINDOWS\SYSTEM32\USERENV.dll
0x00007ffea9bc0000 - 0x00007ffea9bcc000 	C:\WINDOWS\SYSTEM32\CRYPTBASE.dll
0x00007ffe9f580000 - 0x00007ffe9f597000 	C:\WINDOWS\SYSTEM32\dhcpcsvc6.DLL
0x00007ffea0260000 - 0x00007ffea027d000 	C:\WINDOWS\SYSTEM32\dhcpcsvc.DLL
0x00007ffe96e40000 - 0x00007ffe96e57000 	C:\WINDOWS\system32\napinsp.dll
0x00007ffe96e20000 - 0x00007ffe96e3b000 	C:\WINDOWS\system32\pnrpnsp.dll
0x00007ffea50f0000 - 0x00007ffea5105000 	C:\WINDOWS\system32\wshbth.dll
0x00007ffea5b60000 - 0x00007ffea5b7d000 	C:\WINDOWS\system32\NLAapi.dll
0x00007ffe96e00000 - 0x00007ffe96e12000 	C:\WINDOWS\System32\winrnr.dll

dbghelp: loaded successfully - version: 4.0.5 - missing functions: none
symbol engine: initialized successfully - sym options: 0x614 - pdb path: .;C:\Program Files\Java\jdk-15.0.1\bin;C:\WINDOWS\SYSTEM32;C:\WINDOWS\WinSxS\amd64_microsoft.windows.common-controls_6595b64144ccf1df_6.0.19041.1110_none_60b5254171f9507e;C:\Program Files\Java\jdk-15.0.1\bin\server;C:\Users\qkdlf\ideaIU-2022.1.3.win\bin

VM Arguments:
jvm_args: -ea -Didea.test.cyclic.buffer.size=1048576 -javaagent:C:\Users\qkdlf\ideaIU-2022.1.3.win\lib\idea_rt.jar=51249:C:\Users\qkdlf\ideaIU-2022.1.3.win\bin -Dfile.encoding=UTF-8 
java_command: com.intellij.rt.junit.JUnitStarter -ideVersion5 -junit5 test.java.kr.com.yh.service.MovieServiceTest,findAllTest
java_class_path (initial): C:\Users\qkdlf\.m2\repository\org\junit\platform\junit-platform-launcher\1.8.1\junit-platform-launcher-1.8.1.jar;C:\Users\qkdlf\ideaIU-2022.1.3.win\lib\idea_rt.jar;C:\Users\qkdlf\ideaIU-2022.1.3.win\plugins\junit\lib\junit5-rt.jar;C:\Users\qkdlf\ideaIU-2022.1.3.win\plugins\junit\lib\junit-rt.jar;C:\Users\qkdlf\Project\movieWebProject\movie\build\classes;C:\Users\qkdlf\ideaIU-2022.1.3.win\lib\junit.jar;C:\Users\qkdlf\Project\movieWebProject\movie\src\main\webapp\WEB-INF\lib\commons-beanutils-1.8.3.jar;C:\Users\qkdlf\Project\movieWebProject\movie\src\main\webapp\WEB-INF\lib\commons-logging-1.1.1.jar;C:\Users\qkdlf\Project\movieWebProject\movie\src\main\webapp\WEB-INF\lib\gson-2.9.0.jar;C:\Users\qkdlf\Project\movieWebProject\movie\src\main\webapp\WEB-INF\lib\ibatis-2.3.4.726.jar;C:\Users\qkdlf\Project\movieWebProject\movie\src\main\webapp\WEB-INF\lib\javaSDK-2.2.jar;C:\Users\qkdlf\Project\movieWebProject\movie\src\main\webapp\WEB-INF\lib\javaSDK-2.2-sources.jar;C:\Users\qkdlf\Project\movieWebProject\movie\src\main\webapp\WEB-INF\lib\json-simple-1.1.1.jar;C:\Users\qkdlf\Project\movieWebProject\movie\src\main\webapp\WEB-INF\lib\jstl-1.2.jar;C:\Users\qkdlf\Project\movieWebProject\movie\src\main\webapp\WEB-INF\lib\log4j-1.2.17.jar;C:\Users\qkdlf\Project\movieWebProject\movie\src\main\webapp\WEB-INF\lib\mockito-core-4.5.1.jar;C:\Users\qkdlf\Project\movieWebProject\movie\src\main\webapp\WEB-INF\lib\ojdbc8.jar;C:\Users\qkdlf\Project\movieWebProject\movie\src\main\webapp\WEB-INF\lib\spring-mock-mvc\aopalliance-1.0.jar;C:\Users\qkdlf\Project\movieWebProject\movie\src\main\webapp\WEB-INF\lib\spring-mock-mvc\commons-codec-1.9.jar;C:\Users\qkdlf\Project\movieWebProject\movie\src\main\webapp\WEB-INF\lib\spring-mock-mvc\commons-lang3-3.4.jar;C:\Users\qkdlf\Project\movieWebProject\movie\src\main\webapp\WEB-INF\lib\spring-mock-mvc\commons-logging-1.2.jar;C:\Users\qkdlf\Project\movieWebProject\movie\src\main\webapp\WEB-INF\lib\spring-mock-mvc\groovy-2.4.9.j
Launcher Type: SUN_STANDARD

[Global flags]
     intx CICompilerCount                          = 3                                         {product} {ergonomic}
     uint ConcGCThreads                            = 1                                         {product} {ergonomic}
     uint G1ConcRefinementThreads                  = 4                                         {product} {ergonomic}
   size_t G1HeapRegionSize                         = 1048576                                   {product} {ergonomic}
    uintx GCDrainStackTargetSize                   = 64                                        {product} {ergonomic}
   size_t InitialHeapSize                          = 134217728                                 {product} {ergonomic}
   size_t MarkStackSize                            = 4194304                                   {product} {ergonomic}
   size_t MaxHeapSize                              = 2118123520                                {product} {ergonomic}
   size_t MaxNewSize                               = 1270874112                                {product} {ergonomic}
   size_t MinHeapDeltaBytes                        = 1048576                                   {product} {ergonomic}
   size_t MinHeapSize                              = 8388608                                   {product} {ergonomic}
    uintx NonNMethodCodeHeapSize                   = 5832780                                {pd product} {ergonomic}
    uintx NonProfiledCodeHeapSize                  = 122912730                              {pd product} {ergonomic}
    uintx ProfiledCodeHeapSize                     = 122912730                              {pd product} {ergonomic}
    uintx ReservedCodeCacheSize                    = 251658240                              {pd product} {ergonomic}
     bool SegmentedCodeCache                       = true                                      {product} {ergonomic}
   size_t SoftMaxHeapSize                          = 2118123520                             {manageable} {ergonomic}
     bool UseCompressedClassPointers               = true                                 {lp64_product} {ergonomic}
     bool UseCompressedOops                        = true                                 {lp64_product} {ergonomic}
     bool UseG1GC                                  = true                                      {product} {ergonomic}
     bool UseLargePagesIndividualAllocation        = false                                  {pd product} {ergonomic}

Logging:
Log output configuration:
 #0: stdout all=warning uptime,level,tags
 #1: stderr all=off uptime,level,tags

Environment Variables:
JAVA_HOME=C:\Program Files\Java\jdk-15.0.1
PATH=D:\oracleDatabase\WINDOWS.X64_193000_db_home\bin;C:\xampp\mysql\bin;C:\Program Files (x86)\Windows Resource Kits\Tools\;C:\Users\qkdlf\OneDrive\바탕 화면\tool\spring5\gradle-7.1\bin;C:\Users\qkdlf\OneDrive\바탕 화면\tool\spring5\apache-maven-3.8.1\bin;C:\Program Files\Java\jdk-15.0.1\bin;C:\Program Files\Common Files\Oracle\Java\javapath;C:\Program Files (x86)\Common Files\Oracle\Java\javapath;D:\OracleDatabase\bin;C:\Program Files (x86)\NAT Service;C:\Program Files (x86)\Intel\iCLS Client\;C:\Program Files\Intel\iCLS Client\;C:\windows\system32;C:\windows;C:\windows\System32\Wbem;C:\windows\System32\WindowsPowerShell\v1.0\;C:\Program Files (x86)\NVIDIA Corporation\PhysX\Common;C:\Program Files (x86)\Intel\Intel(R) Management Engine Components\DAL;C:\Program Files\Intel\Intel(R) Management Engine Components\DAL;C:\Program Files (x86)\Intel\Intel(R) Management Engine Components\IPT;C:\Program Files\Intel\Intel(R) Management Engine Components\IPT;C:\Program Files\dotnet\;C:\Program Files\Microsoft SQL Server\130\Tools\Binn\;C:\WINDOWS\system32;C:\WINDOWS;C:\WINDOWS\System32\Wbem;C:\WINDOWS\System32\WindowsPowerShell\v1.0\;C:\WINDOWS\System32\OpenSSH\;C:\Program Files (x86)\PuTTY\;C:\Program Files\nodejs\;C:\Program Files\MySQL\MySQL Server 8.0\bin;C:\Program Files\TortoiseSVN\bin;C:\Program Files\Git\cmd;C:\Program Files\MySQL\MySQL Shell 8.0\bin\;D:\Ruby27-x64\bin;C:\Users\qkdlf\AppData\Local\Programs\Python\Python38-32\Scripts\;C:\Users\qkdlf\AppData\Local\Programs\Python\Python38-32\;C:\Users\qkdlf\AppData\Local\Microsoft\WindowsApps;C:\Users\qkdlf\AppData\Local\Programs\Microsoft VS Code\bin;C:\Users\qkdlf\AppData\Local\GitHubDesktop\bin;C:\Program Files\Wireshark;C:\Program Files\Bandizip\;D:\MiKTex\miktex\bin\x64\;C:\Users\qkdlf\AppData\Local\Microsoft\WindowsApps;C:\Users\qkdlf\AppData\Roaming\npm
USERNAME=qkdlf
OS=Windows_NT
PROCESSOR_IDENTIFIER=Intel64 Family 6 Model 142 Stepping 9, GenuineIntel



---------------  S Y S T E M  ---------------

OS:
 Windows 10 , 64 bit Build 19041 (10.0.19041.1806)
OS uptime: 5 days 23:06 hours
HyperV virtualization detected

CPU: total 4 (initial active 4) (2 cores per cpu, 2 threads per core) family 6 model 142 stepping 9 microcode 0xb4, cmov, cx8, fxsr, mmx, sse, sse2, sse3, ssse3, sse4.1, sse4.2, popcnt, vzeroupper, avx, avx2, aes, clmul, erms, 3dnowpref, lzcnt, ht, tsc, tscinvbit, bmi1, bmi2, adx, fma, clflush, clflushopt

Memory: 4k page, system-wide physical 8072M (909M free)
TotalPageFile size 32648M (AvailPageFile size 5M)
current process WorkingSet (physical memory assigned to process): 109M, peak: 109M
current process commit charge ("private bytes"): 242M, peak: 242M

vm_info: Java HotSpot(TM) 64-Bit Server VM (15.0.1+9-18) for windows-amd64 JRE (15.0.1+9-18), built on Sep 15 2020 14:43:54 by "mach5one" with unknown MS VC++:1925

END.
